2025-05-28 13:17:14,633 - DEBUG - CandlestickPatterns initialized with symbols: ['HBAR-USD']
2025-05-28 13:17:32,263 - DEBUG - Calculating candlestick patterns for HBAR-USD
2025-05-28 13:17:32,264 - DEBUG - Bullish Marubozu check for HBAR-USD (1m): body_ratio=1.000, lower_shadow_ratio=0.000, upper_shadow_ratio=0.000, is_bullish_marubozu=True
2025-05-28 13:17:32,264 - DEBUG - Not a Bearish Marubozu for HBAR-USD (1m): close (0.18504) >= open (0.18502)
2025-05-28 13:17:32,265 - DEBUG - Hammer check for HBAR-USD (1m): body_ratio=1.000, lower_shadow=0.000000, upper_shadow=0.000000, is_hammer=False
2025-05-28 13:17:32,266 - DEBUG - Hanging Man check for HBAR-USD (1m): body_ratio=1.000, lower_shadow=0.000000, upper_shadow=0.000000, is_hanging_man=False
2025-05-28 13:17:32,266 - DEBUG - Inverted Hammer check for HBAR-USD (1m): body_ratio=1.000, upper_shadow=0.000000, lower_shadow=0.000000, is_inverted_hammer=False
2025-05-28 13:17:32,267 - DEBUG - Shooting Star check for HBAR-USD (1m): body_ratio=1.000, upper_shadow=0.000000, lower_shadow=0.000000, is_shooting_star=False
2025-05-28 13:17:32,267 - DEBUG - Standard Doji check for HBAR-USD (1m): body_ratio=1.000, is_doji=False
2025-05-28 13:17:32,268 - DEBUG - Long-Legged Doji check for HBAR-USD (1m): body_ratio=1.000, upper_shadow_ratio=0.000, lower_shadow_ratio=0.000, is_long_legged_doji=False
2025-05-28 13:17:32,268 - DEBUG - Gravestone Doji check for HBAR-USD (1m): body_ratio=1.000, upper_shadow_ratio=0.000, lower_shadow_ratio=0.000, is_gravestone_doji=False
2025-05-28 13:17:32,269 - DEBUG - Dragonfly Doji check for HBAR-USD (1m): body_ratio=1.000, lower_shadow_ratio=0.000, upper_shadow_ratio=0.000, is_dragonfly_doji=False
2025-05-28 13:17:32,270 - DEBUG - Four Price Doji check for HBAR-USD (1m): open=0.185020, close=0.185040, high=0.185040, low=0.185020, is_four_price_doji=True
2025-05-28 13:17:32,270 - DEBUG - Bullish Engulfing check for HBAR-USD (1m): prev_open=0.184930, prev_close=0.185020, curr_open=0.185020, curr_close=0.185040, is_bullish_engulfing=False
2025-05-28 13:17:32,271 - DEBUG - Bearish Engulfing check for HBAR-USD (1m): prev_open=0.184930, prev_close=0.185020, curr_open=0.185020, curr_close=0.185040, is_bearish_engulfing=False
2025-05-28 13:17:32,271 - DEBUG - Bullish Harami check for HBAR-USD (1m): prev_open=0.184930, prev_close=0.185020, curr_open=0.185020, curr_close=0.185040, is_bullish_harami=False
2025-05-28 13:17:32,272 - DEBUG - Bearish Harami check for HBAR-USD (1m): prev_open=0.184930, prev_close=0.185020, curr_open=0.185020, curr_close=0.185040, is_bearish_harami=False
2025-05-28 13:17:32,273 - DEBUG - Bullish Harami Cross check for HBAR-USD (1m): prev_open=0.184930, prev_close=0.185020, curr_open=0.185020, curr_close=0.185040, body_ratio_curr=1.000, is_bullish_harami_cross=False
2025-05-28 13:17:32,273 - DEBUG - Bearish Harami Cross check for HBAR-USD (1m): prev_open=0.184930, prev_close=0.185020, curr_open=0.185020, curr_close=0.185040, body_ratio_curr=1.000, is_bearish_harami_cross=False
2025-05-28 13:17:32,274 - DEBUG - Tweezer Tops check for HBAR-USD (1m): prev_high=0.185030, curr_high=0.185040, is_tweezer_tops=False
2025-05-28 13:17:32,275 - DEBUG - Tweezer Bottoms check for HBAR-USD (1m): prev_low=0.184890, curr_low=0.185020, is_tweezer_bottoms=False
2025-05-28 13:17:32,275 - DEBUG - Dark Cloud Cover check for HBAR-USD (1m): prev_high=0.185030, prev_midpoint=0.184975, curr_open=0.185020, curr_close=0.185040, is_dark_cloud_cover=False
2025-05-28 13:17:32,276 - DEBUG - Piercing Line check for HBAR-USD (1m): prev_low=0.184890, prev_midpoint=0.184975, curr_open=0.185020, curr_close=0.185040, is_piercing_line=False
2025-05-28 13:17:32,276 - DEBUG - On Neck check for HBAR-USD (1m): prev_low=0.184890, prev_close=0.185020, curr_open=0.185020, curr_close=0.185040, is_on_neck=False
2025-05-28 13:17:32,277 - DEBUG - Morning Star check for HBAR-USD (1m): first_open=0.184660, first_close=0.184930, second_body_ratio=0.643, third_close=0.185040, first_midpoint=0.184795, is_morning_star=False
2025-05-28 13:17:32,278 - DEBUG - Evening Star check for HBAR-USD (1m): first_open=0.184660, first_close=0.184930, second_body_ratio=0.643, third_close=0.185040, first_midpoint=0.184795, is_evening_star=False
2025-05-28 13:17:32,278 - DEBUG - Three White Soldiers check for HBAR-USD (1m): first_body_ratio=0.964, second_body_ratio=0.643, third_body_ratio=1.000, is_three_white_soldiers=True
2025-05-28 13:17:32,279 - DEBUG - Three Black Crows check for HBAR-USD (1m): first_body_ratio=-0.964, second_body_ratio=-0.643, third_body_ratio=-1.000, is_three_black_crows=False
2025-05-28 13:17:32,280 - DEBUG - Three Inside Up check for HBAR-USD (1m): first_open=0.184660, first_close=0.184930, second_open=0.184930, second_close=0.185020, third_close=0.185040, is_three_inside_up=False
2025-05-28 13:17:32,281 - DEBUG - Three Inside Down check for HBAR-USD (1m): first_open=0.184660, first_close=0.184930, second_open=0.184930, second_close=0.185020, third_close=0.185040, is_three_inside_down=False
2025-05-28 13:17:32,281 - DEBUG - Bullish Stick Sandwich check for HBAR-USD (1m): first_close=0.184930, second_close=0.185020, third_close=0.185040, is_stick_sandwich_bullish=False
2025-05-28 13:17:32,282 - DEBUG - Bearish Stick Sandwich check for HBAR-USD (1m): first_close=0.184930, second_close=0.185020, third_close=0.185040, is_stick_sandwich_bearish=False
2025-05-28 13:17:32,283 - DEBUG - Rising Three Methods check for HBAR-USD (1m): first_open=0.184660, first_close=0.184930, second_open=0.184930, second_close=0.185020, third_close=0.185040, is_rising_three_methods=False
2025-05-28 13:17:32,283 - DEBUG - Falling Three Methods check for HBAR-USD (1m): first_open=0.184660, first_close=0.184930, second_open=0.184930, second_close=0.185020, third_close=0.185040, is_falling_three_methods=False
2025-05-28 13:17:32,283 - DEBUG - Candlestick patterns for HBAR-USD (1m): {'marubozu_bullish': True, 'marubozu_bearish': False, 'hammer': False, 'hanging_man': False, 'inverted_hammer': False, 'shooting_star': False, 'doji_standard': False, 'doji_long_legged': False, 'doji_gravestone': False, 'doji_dragonfly': False, 'doji_four_price': True, 'engulfing_bullish': False, 'engulfing_bearish': False, 'harami_bullish': False, 'harami_bearish': False, 'harami_cross_bullish': False, 'harami_cross_bearish': False, 'tweezer_tops': False, 'tweezer_bottoms': False, 'dark_cloud_cover': False, 'piercing_line': False, 'on_neck': False, 'morning_star': False, 'evening_star': False, 'three_white_soldiers': True, 'three_black_crows': False, 'three_inside_up': False, 'three_inside_down': False, 'stick_sandwich_bullish': False, 'stick_sandwich_bearish': False, 'rising_three_methods': False, 'falling_three_methods': False}
2025-05-28 13:17:32,284 - DEBUG - Bullish Marubozu check for HBAR-USD (5m): body_ratio=1.000, lower_shadow_ratio=0.000, upper_shadow_ratio=0.000, is_bullish_marubozu=True
2025-05-28 13:17:32,284 - DEBUG - Not a Bearish Marubozu for HBAR-USD (5m): close (0.18504) >= open (0.18466)
2025-05-28 13:17:32,285 - DEBUG - Hammer check for HBAR-USD (5m): body_ratio=1.000, lower_shadow=0.000000, upper_shadow=0.000000, is_hammer=False
2025-05-28 13:17:32,286 - DEBUG - Hanging Man check for HBAR-USD (5m): body_ratio=1.000, lower_shadow=0.000000, upper_shadow=0.000000, is_hanging_man=False
2025-05-28 13:17:32,286 - DEBUG - Inverted Hammer check for HBAR-USD (5m): body_ratio=1.000, upper_shadow=0.000000, lower_shadow=0.000000, is_inverted_hammer=False
2025-05-28 13:17:32,287 - DEBUG - Shooting Star check for HBAR-USD (5m): body_ratio=1.000, upper_shadow=0.000000, lower_shadow=0.000000, is_shooting_star=False
2025-05-28 13:17:32,287 - DEBUG - Standard Doji check for HBAR-USD (5m): body_ratio=1.000, is_doji=False
2025-05-28 13:17:32,288 - DEBUG - Long-Legged Doji check for HBAR-USD (5m): body_ratio=1.000, upper_shadow_ratio=0.000, lower_shadow_ratio=0.000, is_long_legged_doji=False
2025-05-28 13:17:32,288 - DEBUG - Gravestone Doji check for HBAR-USD (5m): body_ratio=1.000, upper_shadow_ratio=0.000, lower_shadow_ratio=0.000, is_gravestone_doji=False
2025-05-28 13:17:32,289 - DEBUG - Dragonfly Doji check for HBAR-USD (5m): body_ratio=1.000, lower_shadow_ratio=0.000, upper_shadow_ratio=0.000, is_dragonfly_doji=False
2025-05-28 13:17:32,289 - DEBUG - Four Price Doji check for HBAR-USD (5m): open=0.184660, close=0.185040, high=0.185040, low=0.184660, is_four_price_doji=False
2025-05-28 13:17:32,290 - DEBUG - Bullish Engulfing check for HBAR-USD (5m): prev_open=0.184890, prev_close=0.184660, curr_open=0.184660, curr_close=0.185040, is_bullish_engulfing=True
2025-05-28 13:17:32,291 - DEBUG - Bearish Engulfing check for HBAR-USD (5m): prev_open=0.184890, prev_close=0.184660, curr_open=0.184660, curr_close=0.185040, is_bearish_engulfing=False
2025-05-28 13:17:32,291 - DEBUG - Bullish Harami check for HBAR-USD (5m): prev_open=0.184890, prev_close=0.184660, curr_open=0.184660, curr_close=0.185040, is_bullish_harami=False
2025-05-28 13:17:32,292 - DEBUG - Bearish Harami check for HBAR-USD (5m): prev_open=0.184890, prev_close=0.184660, curr_open=0.184660, curr_close=0.185040, is_bearish_harami=False
2025-05-28 13:17:32,293 - DEBUG - Bullish Harami Cross check for HBAR-USD (5m): prev_open=0.184890, prev_close=0.184660, curr_open=0.184660, curr_close=0.185040, body_ratio_curr=1.000, is_bullish_harami_cross=False
2025-05-28 13:17:32,293 - DEBUG - Bearish Harami Cross check for HBAR-USD (5m): prev_open=0.184890, prev_close=0.184660, curr_open=0.184660, curr_close=0.185040, body_ratio_curr=1.000, is_bearish_harami_cross=False
2025-05-28 13:17:32,294 - DEBUG - Tweezer Tops check for HBAR-USD (5m): prev_high=0.185220, curr_high=0.185040, is_tweezer_tops=False
2025-05-28 13:17:32,294 - DEBUG - Tweezer Bottoms check for HBAR-USD (5m): prev_low=0.184660, curr_low=0.184660, is_tweezer_bottoms=True
2025-05-28 13:17:32,295 - DEBUG - Dark Cloud Cover check for HBAR-USD (5m): prev_high=0.185220, prev_midpoint=0.184775, curr_open=0.184660, curr_close=0.185040, is_dark_cloud_cover=False
2025-05-28 13:17:32,296 - DEBUG - Piercing Line check for HBAR-USD (5m): prev_low=0.184660, prev_midpoint=0.184775, curr_open=0.184660, curr_close=0.185040, is_piercing_line=False
2025-05-28 13:17:32,296 - DEBUG - On Neck check for HBAR-USD (5m): prev_low=0.184660, prev_close=0.184660, curr_open=0.184660, curr_close=0.185040, is_on_neck=False
2025-05-28 13:17:32,297 - DEBUG - Morning Star check for HBAR-USD (5m): first_open=0.184700, first_close=0.184900, second_body_ratio=0.411, third_close=0.185040, first_midpoint=0.184800, is_morning_star=False
2025-05-28 13:17:32,298 - DEBUG - Evening Star check for HBAR-USD (5m): first_open=0.184700, first_close=0.184900, second_body_ratio=0.411, third_close=0.185040, first_midpoint=0.184800, is_evening_star=False
2025-05-28 13:17:32,298 - DEBUG - Three White Soldiers check for HBAR-USD (5m): first_body_ratio=0.455, second_body_ratio=-0.411, third_body_ratio=1.000, is_three_white_soldiers=False
2025-05-28 13:17:32,299 - DEBUG - Three Black Crows check for HBAR-USD (5m): first_body_ratio=-0.455, second_body_ratio=0.411, third_body_ratio=-1.000, is_three_black_crows=False
2025-05-28 13:17:32,300 - DEBUG - Three Inside Up check for HBAR-USD (5m): first_open=0.184700, first_close=0.184900, second_open=0.184890, second_close=0.184660, third_close=0.185040, is_three_inside_up=False
2025-05-28 13:17:32,300 - DEBUG - Three Inside Down check for HBAR-USD (5m): first_open=0.184700, first_close=0.184900, second_open=0.184890, second_close=0.184660, third_close=0.185040, is_three_inside_down=False
2025-05-28 13:17:32,301 - DEBUG - Bullish Stick Sandwich check for HBAR-USD (5m): first_close=0.184900, second_close=0.184660, third_close=0.185040, is_stick_sandwich_bullish=False
2025-05-28 13:17:32,302 - DEBUG - Bearish Stick Sandwich check for HBAR-USD (5m): first_close=0.184900, second_close=0.184660, third_close=0.185040, is_stick_sandwich_bearish=False
2025-05-28 13:17:32,302 - DEBUG - Rising Three Methods check for HBAR-USD (5m): first_open=0.184700, first_close=0.184900, second_open=0.184890, second_close=0.184660, third_close=0.185040, is_rising_three_methods=False
2025-05-28 13:17:32,303 - DEBUG - Falling Three Methods check for HBAR-USD (5m): first_open=0.184700, first_close=0.184900, second_open=0.184890, second_close=0.184660, third_close=0.185040, is_falling_three_methods=False
2025-05-28 13:17:32,303 - DEBUG - Candlestick patterns for HBAR-USD (5m): {'marubozu_bullish': True, 'marubozu_bearish': False, 'hammer': False, 'hanging_man': False, 'inverted_hammer': False, 'shooting_star': False, 'doji_standard': False, 'doji_long_legged': False, 'doji_gravestone': False, 'doji_dragonfly': False, 'doji_four_price': False, 'engulfing_bullish': True, 'engulfing_bearish': False, 'harami_bullish': False, 'harami_bearish': False, 'harami_cross_bullish': False, 'harami_cross_bearish': False, 'tweezer_tops': False, 'tweezer_bottoms': True, 'dark_cloud_cover': False, 'piercing_line': False, 'on_neck': False, 'morning_star': False, 'evening_star': False, 'three_white_soldiers': False, 'three_black_crows': False, 'three_inside_up': False, 'three_inside_down': False, 'stick_sandwich_bullish': False, 'stick_sandwich_bearish': False, 'rising_three_methods': False, 'falling_three_methods': False}
2025-05-28 13:17:32,304 - DEBUG - Bullish Marubozu check for HBAR-USD (15m): body_ratio=1.000, lower_shadow_ratio=0.000, upper_shadow_ratio=0.000, is_bullish_marubozu=True
2025-05-28 13:17:32,304 - DEBUG - Not a Bearish Marubozu for HBAR-USD (15m): close (0.18504) >= open (0.18466)
2025-05-28 13:17:32,305 - DEBUG - Hammer check for HBAR-USD (15m): body_ratio=1.000, lower_shadow=0.000000, upper_shadow=0.000000, is_hammer=False
2025-05-28 13:17:32,305 - DEBUG - Hanging Man check for HBAR-USD (15m): body_ratio=1.000, lower_shadow=0.000000, upper_shadow=0.000000, is_hanging_man=False
2025-05-28 13:17:32,306 - DEBUG - Inverted Hammer check for HBAR-USD (15m): body_ratio=1.000, upper_shadow=0.000000, lower_shadow=0.000000, is_inverted_hammer=False
2025-05-28 13:17:32,307 - DEBUG - Shooting Star check for HBAR-USD (15m): body_ratio=1.000, upper_shadow=0.000000, lower_shadow=0.000000, is_shooting_star=False
2025-05-28 13:17:32,307 - DEBUG - Standard Doji check for HBAR-USD (15m): body_ratio=1.000, is_doji=False
2025-05-28 13:17:32,308 - DEBUG - Long-Legged Doji check for HBAR-USD (15m): body_ratio=1.000, upper_shadow_ratio=0.000, lower_shadow_ratio=0.000, is_long_legged_doji=False
2025-05-28 13:17:32,308 - DEBUG - Gravestone Doji check for HBAR-USD (15m): body_ratio=1.000, upper_shadow_ratio=0.000, lower_shadow_ratio=0.000, is_gravestone_doji=False
2025-05-28 13:17:32,309 - DEBUG - Dragonfly Doji check for HBAR-USD (15m): body_ratio=1.000, lower_shadow_ratio=0.000, upper_shadow_ratio=0.000, is_dragonfly_doji=False
2025-05-28 13:17:32,309 - DEBUG - Four Price Doji check for HBAR-USD (15m): open=0.184660, close=0.185040, high=0.185040, low=0.184660, is_four_price_doji=False
2025-05-28 13:17:32,310 - DEBUG - Bullish Engulfing check for HBAR-USD (15m): prev_open=0.184220, prev_close=0.184660, curr_open=0.184660, curr_close=0.185040, is_bullish_engulfing=False
2025-05-28 13:17:32,311 - DEBUG - Bearish Engulfing check for HBAR-USD (15m): prev_open=0.184220, prev_close=0.184660, curr_open=0.184660, curr_close=0.185040, is_bearish_engulfing=False
2025-05-28 13:17:32,311 - DEBUG - Bullish Harami check for HBAR-USD (15m): prev_open=0.184220, prev_close=0.184660, curr_open=0.184660, curr_close=0.185040, is_bullish_harami=False
2025-05-28 13:17:32,312 - DEBUG - Bearish Harami check for HBAR-USD (15m): prev_open=0.184220, prev_close=0.184660, curr_open=0.184660, curr_close=0.185040, is_bearish_harami=False
2025-05-28 13:17:32,313 - DEBUG - Bullish Harami Cross check for HBAR-USD (15m): prev_open=0.184220, prev_close=0.184660, curr_open=0.184660, curr_close=0.185040, body_ratio_curr=1.000, is_bullish_harami_cross=False
2025-05-28 13:17:32,313 - DEBUG - Bearish Harami Cross check for HBAR-USD (15m): prev_open=0.184220, prev_close=0.184660, curr_open=0.184660, curr_close=0.185040, body_ratio_curr=1.000, is_bearish_harami_cross=False
2025-05-28 13:17:32,314 - DEBUG - Tweezer Tops check for HBAR-USD (15m): prev_high=0.185220, curr_high=0.185040, is_tweezer_tops=False
2025-05-28 13:17:32,314 - DEBUG - Tweezer Bottoms check for HBAR-USD (15m): prev_low=0.184180, curr_low=0.184660, is_tweezer_bottoms=False
2025-05-28 13:17:32,315 - DEBUG - Dark Cloud Cover check for HBAR-USD (15m): prev_high=0.185220, prev_midpoint=0.184440, curr_open=0.184660, curr_close=0.185040, is_dark_cloud_cover=False
2025-05-28 13:17:32,316 - DEBUG - Piercing Line check for HBAR-USD (15m): prev_low=0.184180, prev_midpoint=0.184440, curr_open=0.184660, curr_close=0.185040, is_piercing_line=False
2025-05-28 13:17:32,316 - DEBUG - On Neck check for HBAR-USD (15m): prev_low=0.184180, prev_close=0.184660, curr_open=0.184660, curr_close=0.185040, is_on_neck=False
2025-05-28 13:17:32,317 - DEBUG - Morning Star check for HBAR-USD (15m): first_open=0.183690, first_close=0.184200, second_body_ratio=0.423, third_close=0.185040, first_midpoint=0.183945, is_morning_star=False
2025-05-28 13:17:32,318 - DEBUG - Evening Star check for HBAR-USD (15m): first_open=0.183690, first_close=0.184200, second_body_ratio=0.423, third_close=0.185040, first_midpoint=0.183945, is_evening_star=False
2025-05-28 13:17:32,318 - DEBUG - Three White Soldiers check for HBAR-USD (15m): first_body_ratio=0.729, second_body_ratio=0.423, third_body_ratio=1.000, is_three_white_soldiers=False
2025-05-28 13:17:32,319 - DEBUG - Three Black Crows check for HBAR-USD (15m): first_body_ratio=-0.729, second_body_ratio=-0.423, third_body_ratio=-1.000, is_three_black_crows=False
2025-05-28 13:17:32,320 - DEBUG - Three Inside Up check for HBAR-USD (15m): first_open=0.183690, first_close=0.184200, second_open=0.184220, second_close=0.184660, third_close=0.185040, is_three_inside_up=False
2025-05-28 13:17:32,320 - DEBUG - Three Inside Down check for HBAR-USD (15m): first_open=0.183690, first_close=0.184200, second_open=0.184220, second_close=0.184660, third_close=0.185040, is_three_inside_down=False
2025-05-28 13:17:32,321 - DEBUG - Bullish Stick Sandwich check for HBAR-USD (15m): first_close=0.184200, second_close=0.184660, third_close=0.185040, is_stick_sandwich_bullish=False
2025-05-28 13:17:32,322 - DEBUG - Bearish Stick Sandwich check for HBAR-USD (15m): first_close=0.184200, second_close=0.184660, third_close=0.185040, is_stick_sandwich_bearish=False
2025-05-28 13:17:32,322 - DEBUG - Rising Three Methods check for HBAR-USD (15m): first_open=0.183690, first_close=0.184200, second_open=0.184220, second_close=0.184660, third_close=0.185040, is_rising_three_methods=False
2025-05-28 13:17:32,323 - DEBUG - Falling Three Methods check for HBAR-USD (15m): first_open=0.183690, first_close=0.184200, second_open=0.184220, second_close=0.184660, third_close=0.185040, is_falling_three_methods=False
2025-05-28 13:17:32,323 - DEBUG - Candlestick patterns for HBAR-USD (15m): {'marubozu_bullish': True, 'marubozu_bearish': False, 'hammer': False, 'hanging_man': False, 'inverted_hammer': False, 'shooting_star': False, 'doji_standard': False, 'doji_long_legged': False, 'doji_gravestone': False, 'doji_dragonfly': False, 'doji_four_price': False, 'engulfing_bullish': False, 'engulfing_bearish': False, 'harami_bullish': False, 'harami_bearish': False, 'harami_cross_bullish': False, 'harami_cross_bearish': False, 'tweezer_tops': False, 'tweezer_bottoms': False, 'dark_cloud_cover': False, 'piercing_line': False, 'on_neck': False, 'morning_star': False, 'evening_star': False, 'three_white_soldiers': False, 'three_black_crows': False, 'three_inside_up': False, 'three_inside_down': False, 'stick_sandwich_bullish': False, 'stick_sandwich_bearish': False, 'rising_three_methods': False, 'falling_three_methods': False}
2025-05-28 13:17:32,324 - DEBUG - Bullish Marubozu check for HBAR-USD (1h): body_ratio=0.788, lower_shadow_ratio=0.038, upper_shadow_ratio=0.173, is_bullish_marubozu=False
2025-05-28 13:17:32,324 - DEBUG - Not a Bearish Marubozu for HBAR-USD (1h): close (0.18504) >= open (0.18422)
2025-05-28 13:17:32,325 - DEBUG - Hammer check for HBAR-USD (1h): body_ratio=0.788, lower_shadow=0.000040, upper_shadow=0.000180, is_hammer=False
2025-05-28 13:17:32,325 - DEBUG - Hanging Man check for HBAR-USD (1h): body_ratio=0.788, lower_shadow=0.000040, upper_shadow=0.000180, is_hanging_man=False
2025-05-28 13:17:32,326 - DEBUG - Inverted Hammer check for HBAR-USD (1h): body_ratio=0.788, upper_shadow=0.000180, lower_shadow=0.000040, is_inverted_hammer=False
2025-05-28 13:17:32,326 - DEBUG - Shooting Star check for HBAR-USD (1h): body_ratio=0.788, upper_shadow=0.000180, lower_shadow=0.000040, is_shooting_star=False
2025-05-28 13:17:32,327 - DEBUG - Standard Doji check for HBAR-USD (1h): body_ratio=0.788, is_doji=False
2025-05-28 13:17:32,328 - DEBUG - Long-Legged Doji check for HBAR-USD (1h): body_ratio=0.788, upper_shadow_ratio=0.173, lower_shadow_ratio=0.038, is_long_legged_doji=False
2025-05-28 13:17:32,328 - DEBUG - Gravestone Doji check for HBAR-USD (1h): body_ratio=0.788, upper_shadow_ratio=0.173, lower_shadow_ratio=0.038, is_gravestone_doji=False
2025-05-28 13:17:32,329 - DEBUG - Dragonfly Doji check for HBAR-USD (1h): body_ratio=0.788, lower_shadow_ratio=0.038, upper_shadow_ratio=0.173, is_dragonfly_doji=False
2025-05-28 13:17:32,329 - DEBUG - Four Price Doji check for HBAR-USD (1h): open=0.184220, close=0.185040, high=0.185220, low=0.184180, is_four_price_doji=False
2025-05-28 13:17:32,330 - DEBUG - Bullish Engulfing check for HBAR-USD (1h): prev_open=0.182720, prev_close=0.184200, curr_open=0.184220, curr_close=0.185040, is_bullish_engulfing=False
2025-05-28 13:17:32,331 - DEBUG - Bearish Engulfing check for HBAR-USD (1h): prev_open=0.182720, prev_close=0.184200, curr_open=0.184220, curr_close=0.185040, is_bearish_engulfing=False
2025-05-28 13:17:32,331 - DEBUG - Bullish Harami check for HBAR-USD (1h): prev_open=0.182720, prev_close=0.184200, curr_open=0.184220, curr_close=0.185040, is_bullish_harami=False
2025-05-28 13:17:32,332 - DEBUG - Bearish Harami check for HBAR-USD (1h): prev_open=0.182720, prev_close=0.184200, curr_open=0.184220, curr_close=0.185040, is_bearish_harami=False
2025-05-28 13:17:32,332 - DEBUG - Bullish Harami Cross check for HBAR-USD (1h): prev_open=0.182720, prev_close=0.184200, curr_open=0.184220, curr_close=0.185040, body_ratio_curr=0.788, is_bullish_harami_cross=False
2025-05-28 13:17:32,333 - DEBUG - Bearish Harami Cross check for HBAR-USD (1h): prev_open=0.182720, prev_close=0.184200, curr_open=0.184220, curr_close=0.185040, body_ratio_curr=0.788, is_bearish_harami_cross=False
2025-05-28 13:17:32,334 - DEBUG - Tweezer Tops check for HBAR-USD (1h): prev_high=0.184200, curr_high=0.185220, is_tweezer_tops=False
2025-05-28 13:17:32,334 - DEBUG - Tweezer Bottoms check for HBAR-USD (1h): prev_low=0.182710, curr_low=0.184180, is_tweezer_bottoms=False
2025-05-28 13:17:32,335 - DEBUG - Dark Cloud Cover check for HBAR-USD (1h): prev_high=0.184200, prev_midpoint=0.183460, curr_open=0.184220, curr_close=0.185040, is_dark_cloud_cover=False
2025-05-28 13:17:32,335 - DEBUG - Piercing Line check for HBAR-USD (1h): prev_low=0.182710, prev_midpoint=0.183460, curr_open=0.184220, curr_close=0.185040, is_piercing_line=False
2025-05-28 13:17:32,336 - DEBUG - On Neck check for HBAR-USD (1h): prev_low=0.182710, prev_close=0.184200, curr_open=0.184220, curr_close=0.185040, is_on_neck=False
2025-05-28 13:17:32,337 - DEBUG - Morning Star check for HBAR-USD (1h): first_open=0.183150, first_close=0.182700, second_body_ratio=0.993, third_close=0.185040, first_midpoint=0.182925, is_morning_star=False
2025-05-28 13:17:32,337 - DEBUG - Evening Star check for HBAR-USD (1h): first_open=0.183150, first_close=0.182700, second_body_ratio=0.993, third_close=0.185040, first_midpoint=0.182925, is_evening_star=False
2025-05-28 13:17:32,338 - DEBUG - Three White Soldiers check for HBAR-USD (1h): first_body_ratio=-0.205, second_body_ratio=0.993, third_body_ratio=0.788, is_three_white_soldiers=False
2025-05-28 13:17:32,339 - DEBUG - Three Black Crows check for HBAR-USD (1h): first_body_ratio=0.205, second_body_ratio=-0.993, third_body_ratio=-0.788, is_three_black_crows=False
2025-05-28 13:17:32,339 - DEBUG - Three Inside Up check for HBAR-USD (1h): first_open=0.183150, first_close=0.182700, second_open=0.182720, second_close=0.184200, third_close=0.185040, is_three_inside_up=False
2025-05-28 13:17:32,340 - DEBUG - Three Inside Down check for HBAR-USD (1h): first_open=0.183150, first_close=0.182700, second_open=0.182720, second_close=0.184200, third_close=0.185040, is_three_inside_down=False
2025-05-28 13:17:32,341 - DEBUG - Bullish Stick Sandwich check for HBAR-USD (1h): first_close=0.182700, second_close=0.184200, third_close=0.185040, is_stick_sandwich_bullish=False
2025-05-28 13:17:32,342 - DEBUG - Bearish Stick Sandwich check for HBAR-USD (1h): first_close=0.182700, second_close=0.184200, third_close=0.185040, is_stick_sandwich_bearish=False
2025-05-28 13:17:32,342 - DEBUG - Rising Three Methods check for HBAR-USD (1h): first_open=0.183150, first_close=0.182700, second_open=0.182720, second_close=0.184200, third_close=0.185040, is_rising_three_methods=False
2025-05-28 13:17:32,343 - DEBUG - Falling Three Methods check for HBAR-USD (1h): first_open=0.183150, first_close=0.182700, second_open=0.182720, second_close=0.184200, third_close=0.185040, is_falling_three_methods=False
2025-05-28 13:17:32,343 - DEBUG - Candlestick patterns for HBAR-USD (1h): {'marubozu_bullish': False, 'marubozu_bearish': False, 'hammer': False, 'hanging_man': False, 'inverted_hammer': False, 'shooting_star': False, 'doji_standard': False, 'doji_long_legged': False, 'doji_gravestone': False, 'doji_dragonfly': False, 'doji_four_price': False, 'engulfing_bullish': False, 'engulfing_bearish': False, 'harami_bullish': False, 'harami_bearish': False, 'harami_cross_bullish': False, 'harami_cross_bearish': False, 'tweezer_tops': False, 'tweezer_bottoms': False, 'dark_cloud_cover': False, 'piercing_line': False, 'on_neck': False, 'morning_star': False, 'evening_star': False, 'three_white_soldiers': False, 'three_black_crows': False, 'three_inside_up': False, 'three_inside_down': False, 'stick_sandwich_bullish': False, 'stick_sandwich_bearish': False, 'rising_three_methods': False, 'falling_three_methods': False}
2025-05-28 13:17:32,344 - DEBUG - Not a Bullish Marubozu for HBAR-USD (6h): close (0.18504) <= open (0.18705)
2025-05-28 13:17:32,345 - DEBUG - Bearish Marubozu check for HBAR-USD (6h): body_ratio=0.298, upper_shadow_ratio=0.222, lower_shadow_ratio=0.480, is_bearish_marubozu=False
2025-05-28 13:17:32,345 - DEBUG - Hammer check for HBAR-USD (6h): body_ratio=0.298, lower_shadow=0.003240, upper_shadow=0.001500, is_hammer=False
2025-05-28 13:17:32,346 - DEBUG - Hanging Man check for HBAR-USD (6h): body_ratio=0.298, lower_shadow=0.003240, upper_shadow=0.001500, is_hanging_man=False
2025-05-28 13:17:32,346 - DEBUG - Inverted Hammer check for HBAR-USD (6h): body_ratio=0.298, upper_shadow=0.001500, lower_shadow=0.003240, is_inverted_hammer=False
2025-05-28 13:17:32,347 - DEBUG - Shooting Star check for HBAR-USD (6h): body_ratio=0.298, upper_shadow=0.001500, lower_shadow=0.003240, is_shooting_star=False
2025-05-28 13:17:32,348 - DEBUG - Standard Doji check for HBAR-USD (6h): body_ratio=0.298, is_doji=False
2025-05-28 13:17:32,348 - DEBUG - Long-Legged Doji check for HBAR-USD (6h): body_ratio=0.298, upper_shadow_ratio=0.222, lower_shadow_ratio=0.480, is_long_legged_doji=False
2025-05-28 13:17:32,349 - DEBUG - Gravestone Doji check for HBAR-USD (6h): body_ratio=0.298, upper_shadow_ratio=0.222, lower_shadow_ratio=0.480, is_gravestone_doji=False
2025-05-28 13:17:32,349 - DEBUG - Dragonfly Doji check for HBAR-USD (6h): body_ratio=0.298, lower_shadow_ratio=0.480, upper_shadow_ratio=0.222, is_dragonfly_doji=False
2025-05-28 13:17:32,350 - DEBUG - Four Price Doji check for HBAR-USD (6h): open=0.187050, close=0.185040, high=0.188550, low=0.181800, is_four_price_doji=False
2025-05-28 13:17:32,351 - DEBUG - Bullish Engulfing check for HBAR-USD (6h): prev_open=0.187210, prev_close=0.187040, curr_open=0.187050, curr_close=0.185040, is_bullish_engulfing=False
2025-05-28 13:17:32,351 - DEBUG - Bearish Engulfing check for HBAR-USD (6h): prev_open=0.187210, prev_close=0.187040, curr_open=0.187050, curr_close=0.185040, is_bearish_engulfing=False
2025-05-28 13:17:32,352 - DEBUG - Bullish Harami check for HBAR-USD (6h): prev_open=0.187210, prev_close=0.187040, curr_open=0.187050, curr_close=0.185040, is_bullish_harami=False
2025-05-28 13:17:32,353 - DEBUG - Bearish Harami check for HBAR-USD (6h): prev_open=0.187210, prev_close=0.187040, curr_open=0.187050, curr_close=0.185040, is_bearish_harami=False
2025-05-28 13:17:32,353 - DEBUG - Bullish Harami Cross check for HBAR-USD (6h): prev_open=0.187210, prev_close=0.187040, curr_open=0.187050, curr_close=0.185040, body_ratio_curr=0.298, is_bullish_harami_cross=False
2025-05-28 13:17:32,354 - DEBUG - Bearish Harami Cross check for HBAR-USD (6h): prev_open=0.187210, prev_close=0.187040, curr_open=0.187050, curr_close=0.185040, body_ratio_curr=0.298, is_bearish_harami_cross=False
2025-05-28 13:17:32,355 - DEBUG - Tweezer Tops check for HBAR-USD (6h): prev_high=0.187290, curr_high=0.188550, is_tweezer_tops=False
2025-05-28 13:17:32,355 - DEBUG - Tweezer Bottoms check for HBAR-USD (6h): prev_low=0.183820, curr_low=0.181800, is_tweezer_bottoms=False
2025-05-28 13:17:32,356 - DEBUG - Dark Cloud Cover check for HBAR-USD (6h): prev_high=0.187290, prev_midpoint=0.187125, curr_open=0.187050, curr_close=0.185040, is_dark_cloud_cover=False
2025-05-28 13:17:32,357 - DEBUG - Piercing Line check for HBAR-USD (6h): prev_low=0.183820, prev_midpoint=0.187125, curr_open=0.187050, curr_close=0.185040, is_piercing_line=False
2025-05-28 13:17:32,357 - DEBUG - On Neck check for HBAR-USD (6h): prev_low=0.183820, prev_close=0.187040, curr_open=0.187050, curr_close=0.185040, is_on_neck=False
2025-05-28 13:17:32,358 - DEBUG - Morning Star check for HBAR-USD (6h): first_open=0.187320, first_close=0.187260, second_body_ratio=0.049, third_close=0.185040, first_midpoint=0.187290, is_morning_star=False
2025-05-28 13:17:32,359 - DEBUG - Evening Star check for HBAR-USD (6h): first_open=0.187320, first_close=0.187260, second_body_ratio=0.049, third_close=0.185040, first_midpoint=0.187290, is_evening_star=False
2025-05-28 13:17:32,360 - DEBUG - Three White Soldiers check for HBAR-USD (6h): first_body_ratio=-0.019, second_body_ratio=-0.049, third_body_ratio=-0.298, is_three_white_soldiers=False
2025-05-28 13:17:32,360 - DEBUG - Three Black Crows check for HBAR-USD (6h): first_body_ratio=0.019, second_body_ratio=0.049, third_body_ratio=0.298, is_three_black_crows=False
2025-05-28 13:17:32,361 - DEBUG - Three Inside Up check for HBAR-USD (6h): first_open=0.187320, first_close=0.187260, second_open=0.187210, second_close=0.187040, third_close=0.185040, is_three_inside_up=False
2025-05-28 13:17:32,362 - DEBUG - Three Inside Down check for HBAR-USD (6h): first_open=0.187320, first_close=0.187260, second_open=0.187210, second_close=0.187040, third_close=0.185040, is_three_inside_down=False
2025-05-28 13:17:32,362 - DEBUG - Bullish Stick Sandwich check for HBAR-USD (6h): first_close=0.187260, second_close=0.187040, third_close=0.185040, is_stick_sandwich_bullish=False
2025-05-28 13:17:32,363 - DEBUG - Bearish Stick Sandwich check for HBAR-USD (6h): first_close=0.187260, second_close=0.187040, third_close=0.185040, is_stick_sandwich_bearish=False
2025-05-28 13:17:32,364 - DEBUG - Rising Three Methods check for HBAR-USD (6h): first_open=0.187320, first_close=0.187260, second_open=0.187210, second_close=0.187040, third_close=0.185040, is_rising_three_methods=False
2025-05-28 13:17:32,364 - DEBUG - Falling Three Methods check for HBAR-USD (6h): first_open=0.187320, first_close=0.187260, second_open=0.187210, second_close=0.187040, third_close=0.185040, is_falling_three_methods=False
2025-05-28 13:17:32,364 - DEBUG - Candlestick patterns for HBAR-USD (6h): {'marubozu_bullish': False, 'marubozu_bearish': False, 'hammer': False, 'hanging_man': False, 'inverted_hammer': False, 'shooting_star': False, 'doji_standard': False, 'doji_long_legged': False, 'doji_gravestone': False, 'doji_dragonfly': False, 'doji_four_price': False, 'engulfing_bullish': False, 'engulfing_bearish': False, 'harami_bullish': False, 'harami_bearish': False, 'harami_cross_bullish': False, 'harami_cross_bearish': False, 'tweezer_tops': False, 'tweezer_bottoms': False, 'dark_cloud_cover': False, 'piercing_line': False, 'on_neck': False, 'morning_star': False, 'evening_star': False, 'three_white_soldiers': False, 'three_black_crows': False, 'three_inside_up': False, 'three_inside_down': False, 'stick_sandwich_bullish': False, 'stick_sandwich_bearish': False, 'rising_three_methods': False, 'falling_three_methods': False}
2025-05-28 13:17:32,365 - DEBUG - Not a Bullish Marubozu for HBAR-USD (1d): close (0.18504) <= open (0.18732)
2025-05-28 13:17:32,366 - DEBUG - Bearish Marubozu check for HBAR-USD (1d): body_ratio=0.338, upper_shadow_ratio=0.182, lower_shadow_ratio=0.480, is_bearish_marubozu=False
2025-05-28 13:17:32,366 - DEBUG - Hammer check for HBAR-USD (1d): body_ratio=0.338, lower_shadow=0.003240, upper_shadow=0.001230, is_hammer=False
2025-05-28 13:17:32,367 - DEBUG - Hanging Man check for HBAR-USD (1d): body_ratio=0.338, lower_shadow=0.003240, upper_shadow=0.001230, is_hanging_man=False
2025-05-28 13:17:32,367 - DEBUG - Inverted Hammer check for HBAR-USD (1d): body_ratio=0.338, upper_shadow=0.001230, lower_shadow=0.003240, is_inverted_hammer=False
2025-05-28 13:17:32,368 - DEBUG - Shooting Star check for HBAR-USD (1d): body_ratio=0.338, upper_shadow=0.001230, lower_shadow=0.003240, is_shooting_star=False
2025-05-28 13:17:32,368 - DEBUG - Standard Doji check for HBAR-USD (1d): body_ratio=0.338, is_doji=False
2025-05-28 13:17:32,369 - DEBUG - Long-Legged Doji check for HBAR-USD (1d): body_ratio=0.338, upper_shadow_ratio=0.182, lower_shadow_ratio=0.480, is_long_legged_doji=False
2025-05-28 13:17:32,369 - DEBUG - Gravestone Doji check for HBAR-USD (1d): body_ratio=0.338, upper_shadow_ratio=0.182, lower_shadow_ratio=0.480, is_gravestone_doji=False
2025-05-28 13:17:32,370 - DEBUG - Dragonfly Doji check for HBAR-USD (1d): body_ratio=0.338, lower_shadow_ratio=0.480, upper_shadow_ratio=0.182, is_dragonfly_doji=False
2025-05-28 13:17:32,371 - DEBUG - Four Price Doji check for HBAR-USD (1d): open=0.187320, close=0.185040, high=0.188550, low=0.181800, is_four_price_doji=False
2025-05-28 13:17:32,371 - DEBUG - Bullish Engulfing check for HBAR-USD (1d): prev_open=0.186020, prev_close=0.187370, curr_open=0.187320, curr_close=0.185040, is_bullish_engulfing=False
2025-05-28 13:17:32,372 - DEBUG - Bearish Engulfing check for HBAR-USD (1d): prev_open=0.186020, prev_close=0.187370, curr_open=0.187320, curr_close=0.185040, is_bearish_engulfing=False
2025-05-28 13:17:32,372 - DEBUG - Bullish Harami check for HBAR-USD (1d): prev_open=0.186020, prev_close=0.187370, curr_open=0.187320, curr_close=0.185040, is_bullish_harami=False
2025-05-28 13:17:32,373 - DEBUG - Bearish Harami check for HBAR-USD (1d): prev_open=0.186020, prev_close=0.187370, curr_open=0.187320, curr_close=0.185040, is_bearish_harami=False
2025-05-28 13:17:32,374 - DEBUG - Bullish Harami Cross check for HBAR-USD (1d): prev_open=0.186020, prev_close=0.187370, curr_open=0.187320, curr_close=0.185040, body_ratio_curr=0.338, is_bullish_harami_cross=False
2025-05-28 13:17:32,374 - DEBUG - Bearish Harami Cross check for HBAR-USD (1d): prev_open=0.186020, prev_close=0.187370, curr_open=0.187320, curr_close=0.185040, body_ratio_curr=0.338, is_bearish_harami_cross=False
2025-05-28 13:17:32,375 - DEBUG - Tweezer Tops check for HBAR-USD (1d): prev_high=0.192050, curr_high=0.188550, is_tweezer_tops=False
2025-05-28 13:17:32,375 - DEBUG - Tweezer Bottoms check for HBAR-USD (1d): prev_low=0.182230, curr_low=0.181800, is_tweezer_bottoms=False
2025-05-28 13:17:32,376 - DEBUG - Dark Cloud Cover check for HBAR-USD (1d): prev_high=0.192050, prev_midpoint=0.186695, curr_open=0.187320, curr_close=0.185040, is_dark_cloud_cover=False
2025-05-28 13:17:32,377 - DEBUG - Piercing Line check for HBAR-USD (1d): prev_low=0.182230, prev_midpoint=0.186695, curr_open=0.187320, curr_close=0.185040, is_piercing_line=False
2025-05-28 13:17:32,377 - DEBUG - On Neck check for HBAR-USD (1d): prev_low=0.182230, prev_close=0.187370, curr_open=0.187320, curr_close=0.185040, is_on_neck=False
2025-05-28 13:17:32,378 - DEBUG - Morning Star check for HBAR-USD (1d): first_open=0.188210, first_close=0.185970, second_body_ratio=0.137, third_close=0.185040, first_midpoint=0.187090, is_morning_star=False
2025-05-28 13:17:32,379 - DEBUG - Evening Star check for HBAR-USD (1d): first_open=0.188210, first_close=0.185970, second_body_ratio=0.137, third_close=0.185040, first_midpoint=0.187090, is_evening_star=False
2025-05-28 13:17:32,379 - DEBUG - Three White Soldiers check for HBAR-USD (1d): first_body_ratio=-0.247, second_body_ratio=0.137, third_body_ratio=-0.338, is_three_white_soldiers=False
2025-05-28 13:17:32,380 - DEBUG - Three Black Crows check for HBAR-USD (1d): first_body_ratio=0.247, second_body_ratio=-0.137, third_body_ratio=0.338, is_three_black_crows=False
2025-05-28 13:17:32,381 - DEBUG - Three Inside Up check for HBAR-USD (1d): first_open=0.188210, first_close=0.185970, second_open=0.186020, second_close=0.187370, third_close=0.185040, is_three_inside_up=False
2025-05-28 13:17:32,381 - DEBUG - Three Inside Down check for HBAR-USD (1d): first_open=0.188210, first_close=0.185970, second_open=0.186020, second_close=0.187370, third_close=0.185040, is_three_inside_down=False
2025-05-28 13:17:32,382 - DEBUG - Bullish Stick Sandwich check for HBAR-USD (1d): first_close=0.185970, second_close=0.187370, third_close=0.185040, is_stick_sandwich_bullish=False
2025-05-28 13:17:32,383 - DEBUG - Bearish Stick Sandwich check for HBAR-USD (1d): first_close=0.185970, second_close=0.187370, third_close=0.185040, is_stick_sandwich_bearish=False
2025-05-28 13:17:32,383 - DEBUG - Rising Three Methods check for HBAR-USD (1d): first_open=0.188210, first_close=0.185970, second_open=0.186020, second_close=0.187370, third_close=0.185040, is_rising_three_methods=False
2025-05-28 13:17:32,384 - DEBUG - Falling Three Methods check for HBAR-USD (1d): first_open=0.188210, first_close=0.185970, second_open=0.186020, second_close=0.187370, third_close=0.185040, is_falling_three_methods=True
2025-05-28 13:17:32,384 - DEBUG - Candlestick patterns for HBAR-USD (1d): {'marubozu_bullish': False, 'marubozu_bearish': False, 'hammer': False, 'hanging_man': False, 'inverted_hammer': False, 'shooting_star': False, 'doji_standard': False, 'doji_long_legged': False, 'doji_gravestone': False, 'doji_dragonfly': False, 'doji_four_price': False, 'engulfing_bullish': False, 'engulfing_bearish': False, 'harami_bullish': False, 'harami_bearish': False, 'harami_cross_bullish': False, 'harami_cross_bearish': False, 'tweezer_tops': False, 'tweezer_bottoms': False, 'dark_cloud_cover': False, 'piercing_line': False, 'on_neck': False, 'morning_star': False, 'evening_star': False, 'three_white_soldiers': False, 'three_black_crows': False, 'three_inside_up': False, 'three_inside_down': False, 'stick_sandwich_bullish': False, 'stick_sandwich_bearish': False, 'rising_three_methods': False, 'falling_three_methods': True}
2025-05-28 13:17:32,384 - DEBUG - All candlestick patterns for HBAR-USD: {'1m': {'marubozu_bullish': True, 'marubozu_bearish': False, 'hammer': False, 'hanging_man': False, 'inverted_hammer': False, 'shooting_star': False, 'doji_standard': False, 'doji_long_legged': False, 'doji_gravestone': False, 'doji_dragonfly': False, 'doji_four_price': True, 'engulfing_bullish': False, 'engulfing_bearish': False, 'harami_bullish': False, 'harami_bearish': False, 'harami_cross_bullish': False, 'harami_cross_bearish': False, 'tweezer_tops': False, 'tweezer_bottoms': False, 'dark_cloud_cover': False, 'piercing_line': False, 'on_neck': False, 'morning_star': False, 'evening_star': False, 'three_white_soldiers': True, 'three_black_crows': False, 'three_inside_up': False, 'three_inside_down': False, 'stick_sandwich_bullish': False, 'stick_sandwich_bearish': False, 'rising_three_methods': False, 'falling_three_methods': False}, '5m': {'marubozu_bullish': True, 'marubozu_bearish': False, 'hammer': False, 'hanging_man': False, 'inverted_hammer': False, 'shooting_star': False, 'doji_standard': False, 'doji_long_legged': False, 'doji_gravestone': False, 'doji_dragonfly': False, 'doji_four_price': False, 'engulfing_bullish': True, 'engulfing_bearish': False, 'harami_bullish': False, 'harami_bearish': False, 'harami_cross_bullish': False, 'harami_cross_bearish': False, 'tweezer_tops': False, 'tweezer_bottoms': True, 'dark_cloud_cover': False, 'piercing_line': False, 'on_neck': False, 'morning_star': False, 'evening_star': False, 'three_white_soldiers': False, 'three_black_crows': False, 'three_inside_up': False, 'three_inside_down': False, 'stick_sandwich_bullish': False, 'stick_sandwich_bearish': False, 'rising_three_methods': False, 'falling_three_methods': False}, '15m': {'marubozu_bullish': True, 'marubozu_bearish': False, 'hammer': False, 'hanging_man': False, 'inverted_hammer': False, 'shooting_star': False, 'doji_standard': False, 'doji_long_legged': False, 'doji_gravestone': False, 'doji_dragonfly': False, 'doji_four_price': False, 'engulfing_bullish': False, 'engulfing_bearish': False, 'harami_bullish': False, 'harami_bearish': False, 'harami_cross_bullish': False, 'harami_cross_bearish': False, 'tweezer_tops': False, 'tweezer_bottoms': False, 'dark_cloud_cover': False, 'piercing_line': False, 'on_neck': False, 'morning_star': False, 'evening_star': False, 'three_white_soldiers': False, 'three_black_crows': False, 'three_inside_up': False, 'three_inside_down': False, 'stick_sandwich_bullish': False, 'stick_sandwich_bearish': False, 'rising_three_methods': False, 'falling_three_methods': False}, '1h': {'marubozu_bullish': False, 'marubozu_bearish': False, 'hammer': False, 'hanging_man': False, 'inverted_hammer': False, 'shooting_star': False, 'doji_standard': False, 'doji_long_legged': False, 'doji_gravestone': False, 'doji_dragonfly': False, 'doji_four_price': False, 'engulfing_bullish': False, 'engulfing_bearish': False, 'harami_bullish': False, 'harami_bearish': False, 'harami_cross_bullish': False, 'harami_cross_bearish': False, 'tweezer_tops': False, 'tweezer_bottoms': False, 'dark_cloud_cover': False, 'piercing_line': False, 'on_neck': False, 'morning_star': False, 'evening_star': False, 'three_white_soldiers': False, 'three_black_crows': False, 'three_inside_up': False, 'three_inside_down': False, 'stick_sandwich_bullish': False, 'stick_sandwich_bearish': False, 'rising_three_methods': False, 'falling_three_methods': False}, '6h': {'marubozu_bullish': False, 'marubozu_bearish': False, 'hammer': False, 'hanging_man': False, 'inverted_hammer': False, 'shooting_star': False, 'doji_standard': False, 'doji_long_legged': False, 'doji_gravestone': False, 'doji_dragonfly': False, 'doji_four_price': False, 'engulfing_bullish': False, 'engulfing_bearish': False, 'harami_bullish': False, 'harami_bearish': False, 'harami_cross_bullish': False, 'harami_cross_bearish': False, 'tweezer_tops': False, 'tweezer_bottoms': False, 'dark_cloud_cover': False, 'piercing_line': False, 'on_neck': False, 'morning_star': False, 'evening_star': False, 'three_white_soldiers': False, 'three_black_crows': False, 'three_inside_up': False, 'three_inside_down': False, 'stick_sandwich_bullish': False, 'stick_sandwich_bearish': False, 'rising_three_methods': False, 'falling_three_methods': False}, '1d': {'marubozu_bullish': False, 'marubozu_bearish': False, 'hammer': False, 'hanging_man': False, 'inverted_hammer': False, 'shooting_star': False, 'doji_standard': False, 'doji_long_legged': False, 'doji_gravestone': False, 'doji_dragonfly': False, 'doji_four_price': False, 'engulfing_bullish': False, 'engulfing_bearish': False, 'harami_bullish': False, 'harami_bearish': False, 'harami_cross_bullish': False, 'harami_cross_bearish': False, 'tweezer_tops': False, 'tweezer_bottoms': False, 'dark_cloud_cover': False, 'piercing_line': False, 'on_neck': False, 'morning_star': False, 'evening_star': False, 'three_white_soldiers': False, 'three_black_crows': False, 'three_inside_up': False, 'three_inside_down': False, 'stick_sandwich_bullish': False, 'stick_sandwich_bearish': False, 'rising_three_methods': False, 'falling_three_methods': True}}
2025-05-28 13:18:32,841 - DEBUG - Calculating candlestick patterns for HBAR-USD
2025-05-28 13:18:32,842 - DEBUG - Bullish Marubozu check for HBAR-USD (1m): body_ratio=1.000, lower_shadow_ratio=0.000, upper_shadow_ratio=0.000, is_bullish_marubozu=True
2025-05-28 13:18:32,842 - DEBUG - Not a Bearish Marubozu for HBAR-USD (1m): close (0.18504) >= open (0.18502)
2025-05-28 13:18:32,843 - DEBUG - Hammer check for HBAR-USD (1m): body_ratio=1.000, lower_shadow=0.000000, upper_shadow=0.000000, is_hammer=False
2025-05-28 13:18:32,843 - DEBUG - Hanging Man check for HBAR-USD (1m): body_ratio=1.000, lower_shadow=0.000000, upper_shadow=0.000000, is_hanging_man=False
2025-05-28 13:18:32,844 - DEBUG - Inverted Hammer check for HBAR-USD (1m): body_ratio=1.000, upper_shadow=0.000000, lower_shadow=0.000000, is_inverted_hammer=False
2025-05-28 13:18:32,845 - DEBUG - Shooting Star check for HBAR-USD (1m): body_ratio=1.000, upper_shadow=0.000000, lower_shadow=0.000000, is_shooting_star=False
2025-05-28 13:18:32,845 - DEBUG - Standard Doji check for HBAR-USD (1m): body_ratio=1.000, is_doji=False
2025-05-28 13:18:32,846 - DEBUG - Long-Legged Doji check for HBAR-USD (1m): body_ratio=1.000, upper_shadow_ratio=0.000, lower_shadow_ratio=0.000, is_long_legged_doji=False
2025-05-28 13:18:32,846 - DEBUG - Gravestone Doji check for HBAR-USD (1m): body_ratio=1.000, upper_shadow_ratio=0.000, lower_shadow_ratio=0.000, is_gravestone_doji=False
2025-05-28 13:18:32,847 - DEBUG - Dragonfly Doji check for HBAR-USD (1m): body_ratio=1.000, lower_shadow_ratio=0.000, upper_shadow_ratio=0.000, is_dragonfly_doji=False
2025-05-28 13:18:32,847 - DEBUG - Four Price Doji check for HBAR-USD (1m): open=0.185020, close=0.185040, high=0.185040, low=0.185020, is_four_price_doji=True
2025-05-28 13:18:32,848 - DEBUG - Bullish Engulfing check for HBAR-USD (1m): prev_open=0.184930, prev_close=0.185020, curr_open=0.185020, curr_close=0.185040, is_bullish_engulfing=False
2025-05-28 13:18:32,849 - DEBUG - Bearish Engulfing check for HBAR-USD (1m): prev_open=0.184930, prev_close=0.185020, curr_open=0.185020, curr_close=0.185040, is_bearish_engulfing=False
2025-05-28 13:18:32,849 - DEBUG - Bullish Harami check for HBAR-USD (1m): prev_open=0.184930, prev_close=0.185020, curr_open=0.185020, curr_close=0.185040, is_bullish_harami=False
2025-05-28 13:18:32,850 - DEBUG - Bearish Harami check for HBAR-USD (1m): prev_open=0.184930, prev_close=0.185020, curr_open=0.185020, curr_close=0.185040, is_bearish_harami=False
2025-05-28 13:18:32,850 - DEBUG - Bullish Harami Cross check for HBAR-USD (1m): prev_open=0.184930, prev_close=0.185020, curr_open=0.185020, curr_close=0.185040, body_ratio_curr=1.000, is_bullish_harami_cross=False
2025-05-28 13:18:32,851 - DEBUG - Bearish Harami Cross check for HBAR-USD (1m): prev_open=0.184930, prev_close=0.185020, curr_open=0.185020, curr_close=0.185040, body_ratio_curr=1.000, is_bearish_harami_cross=False
2025-05-28 13:18:32,852 - DEBUG - Tweezer Tops check for HBAR-USD (1m): prev_high=0.185030, curr_high=0.185040, is_tweezer_tops=False
2025-05-28 13:18:32,852 - DEBUG - Tweezer Bottoms check for HBAR-USD (1m): prev_low=0.184890, curr_low=0.185020, is_tweezer_bottoms=False
2025-05-28 13:18:32,853 - DEBUG - Dark Cloud Cover check for HBAR-USD (1m): prev_high=0.185030, prev_midpoint=0.184975, curr_open=0.185020, curr_close=0.185040, is_dark_cloud_cover=False
2025-05-28 13:18:32,853 - DEBUG - Piercing Line check for HBAR-USD (1m): prev_low=0.184890, prev_midpoint=0.184975, curr_open=0.185020, curr_close=0.185040, is_piercing_line=False
2025-05-28 13:18:32,854 - DEBUG - On Neck check for HBAR-USD (1m): prev_low=0.184890, prev_close=0.185020, curr_open=0.185020, curr_close=0.185040, is_on_neck=False
2025-05-28 13:18:32,855 - DEBUG - Morning Star check for HBAR-USD (1m): first_open=0.184660, first_close=0.184930, second_body_ratio=0.643, third_close=0.185040, first_midpoint=0.184795, is_morning_star=False
2025-05-28 13:18:32,855 - DEBUG - Evening Star check for HBAR-USD (1m): first_open=0.184660, first_close=0.184930, second_body_ratio=0.643, third_close=0.185040, first_midpoint=0.184795, is_evening_star=False
2025-05-28 13:18:32,856 - DEBUG - Three White Soldiers check for HBAR-USD (1m): first_body_ratio=0.964, second_body_ratio=0.643, third_body_ratio=1.000, is_three_white_soldiers=True
2025-05-28 13:18:32,857 - DEBUG - Three Black Crows check for HBAR-USD (1m): first_body_ratio=-0.964, second_body_ratio=-0.643, third_body_ratio=-1.000, is_three_black_crows=False
2025-05-28 13:18:32,857 - DEBUG - Three Inside Up check for HBAR-USD (1m): first_open=0.184660, first_close=0.184930, second_open=0.184930, second_close=0.185020, third_close=0.185040, is_three_inside_up=False
2025-05-28 13:18:32,858 - DEBUG - Three Inside Down check for HBAR-USD (1m): first_open=0.184660, first_close=0.184930, second_open=0.184930, second_close=0.185020, third_close=0.185040, is_three_inside_down=False
2025-05-28 13:18:32,859 - DEBUG - Bullish Stick Sandwich check for HBAR-USD (1m): first_close=0.184930, second_close=0.185020, third_close=0.185040, is_stick_sandwich_bullish=False
2025-05-28 13:18:32,859 - DEBUG - Bearish Stick Sandwich check for HBAR-USD (1m): first_close=0.184930, second_close=0.185020, third_close=0.185040, is_stick_sandwich_bearish=False
2025-05-28 13:18:32,860 - DEBUG - Rising Three Methods check for HBAR-USD (1m): first_open=0.184660, first_close=0.184930, second_open=0.184930, second_close=0.185020, third_close=0.185040, is_rising_three_methods=False
2025-05-28 13:18:32,861 - DEBUG - Falling Three Methods check for HBAR-USD (1m): first_open=0.184660, first_close=0.184930, second_open=0.184930, second_close=0.185020, third_close=0.185040, is_falling_three_methods=False
2025-05-28 13:18:32,861 - DEBUG - Candlestick patterns for HBAR-USD (1m): {'marubozu_bullish': True, 'marubozu_bearish': False, 'hammer': False, 'hanging_man': False, 'inverted_hammer': False, 'shooting_star': False, 'doji_standard': False, 'doji_long_legged': False, 'doji_gravestone': False, 'doji_dragonfly': False, 'doji_four_price': True, 'engulfing_bullish': False, 'engulfing_bearish': False, 'harami_bullish': False, 'harami_bearish': False, 'harami_cross_bullish': False, 'harami_cross_bearish': False, 'tweezer_tops': False, 'tweezer_bottoms': False, 'dark_cloud_cover': False, 'piercing_line': False, 'on_neck': False, 'morning_star': False, 'evening_star': False, 'three_white_soldiers': True, 'three_black_crows': False, 'three_inside_up': False, 'three_inside_down': False, 'stick_sandwich_bullish': False, 'stick_sandwich_bearish': False, 'rising_three_methods': False, 'falling_three_methods': False}
2025-05-28 13:18:32,861 - DEBUG - Bullish Marubozu check for HBAR-USD (5m): body_ratio=0.932, lower_shadow_ratio=0.000, upper_shadow_ratio=0.068, is_bullish_marubozu=False
2025-05-28 13:18:32,862 - DEBUG - Not a Bearish Marubozu for HBAR-USD (5m): close (0.18507) >= open (0.18466)
2025-05-28 13:18:32,862 - DEBUG - Hammer check for HBAR-USD (5m): body_ratio=0.932, lower_shadow=0.000000, upper_shadow=0.000030, is_hammer=False
2025-05-28 13:18:32,863 - DEBUG - Hanging Man check for HBAR-USD (5m): body_ratio=0.932, lower_shadow=0.000000, upper_shadow=0.000030, is_hanging_man=False
2025-05-28 13:18:32,864 - DEBUG - Inverted Hammer check for HBAR-USD (5m): body_ratio=0.932, upper_shadow=0.000030, lower_shadow=0.000000, is_inverted_hammer=False
2025-05-28 13:18:32,864 - DEBUG - Shooting Star check for HBAR-USD (5m): body_ratio=0.932, upper_shadow=0.000030, lower_shadow=0.000000, is_shooting_star=False
2025-05-28 13:18:32,865 - DEBUG - Standard Doji check for HBAR-USD (5m): body_ratio=0.932, is_doji=False
2025-05-28 13:18:32,865 - DEBUG - Long-Legged Doji check for HBAR-USD (5m): body_ratio=0.932, upper_shadow_ratio=0.068, lower_shadow_ratio=0.000, is_long_legged_doji=False
2025-05-28 13:18:32,866 - DEBUG - Gravestone Doji check for HBAR-USD (5m): body_ratio=0.932, upper_shadow_ratio=0.068, lower_shadow_ratio=0.000, is_gravestone_doji=False
2025-05-28 13:18:32,866 - DEBUG - Dragonfly Doji check for HBAR-USD (5m): body_ratio=0.932, lower_shadow_ratio=0.000, upper_shadow_ratio=0.068, is_dragonfly_doji=False
2025-05-28 13:18:32,867 - DEBUG - Four Price Doji check for HBAR-USD (5m): open=0.184660, close=0.185070, high=0.185100, low=0.184660, is_four_price_doji=False
2025-05-28 13:18:32,868 - DEBUG - Bullish Engulfing check for HBAR-USD (5m): prev_open=0.184890, prev_close=0.184660, curr_open=0.184660, curr_close=0.185070, is_bullish_engulfing=True
2025-05-28 13:18:32,868 - DEBUG - Bearish Engulfing check for HBAR-USD (5m): prev_open=0.184890, prev_close=0.184660, curr_open=0.184660, curr_close=0.185070, is_bearish_engulfing=False
2025-05-28 13:18:32,869 - DEBUG - Bullish Harami check for HBAR-USD (5m): prev_open=0.184890, prev_close=0.184660, curr_open=0.184660, curr_close=0.185070, is_bullish_harami=False
2025-05-28 13:18:32,869 - DEBUG - Bearish Harami check for HBAR-USD (5m): prev_open=0.184890, prev_close=0.184660, curr_open=0.184660, curr_close=0.185070, is_bearish_harami=False
2025-05-28 13:18:32,870 - DEBUG - Bullish Harami Cross check for HBAR-USD (5m): prev_open=0.184890, prev_close=0.184660, curr_open=0.184660, curr_close=0.185070, body_ratio_curr=0.932, is_bullish_harami_cross=False
2025-05-28 13:18:32,871 - DEBUG - Bearish Harami Cross check for HBAR-USD (5m): prev_open=0.184890, prev_close=0.184660, curr_open=0.184660, curr_close=0.185070, body_ratio_curr=0.932, is_bearish_harami_cross=False
2025-05-28 13:18:32,871 - DEBUG - Tweezer Tops check for HBAR-USD (5m): prev_high=0.185220, curr_high=0.185100, is_tweezer_tops=False
2025-05-28 13:18:32,872 - DEBUG - Tweezer Bottoms check for HBAR-USD (5m): prev_low=0.184660, curr_low=0.184660, is_tweezer_bottoms=True
2025-05-28 13:18:32,872 - DEBUG - Dark Cloud Cover check for HBAR-USD (5m): prev_high=0.185220, prev_midpoint=0.184775, curr_open=0.184660, curr_close=0.185070, is_dark_cloud_cover=False
2025-05-28 13:18:32,873 - DEBUG - Piercing Line check for HBAR-USD (5m): prev_low=0.184660, prev_midpoint=0.184775, curr_open=0.184660, curr_close=0.185070, is_piercing_line=False
2025-05-28 13:18:32,874 - DEBUG - On Neck check for HBAR-USD (5m): prev_low=0.184660, prev_close=0.184660, curr_open=0.184660, curr_close=0.185070, is_on_neck=False
2025-05-28 13:18:32,874 - DEBUG - Morning Star check for HBAR-USD (5m): first_open=0.184700, first_close=0.184900, second_body_ratio=0.411, third_close=0.185070, first_midpoint=0.184800, is_morning_star=False
2025-05-28 13:18:32,875 - DEBUG - Evening Star check for HBAR-USD (5m): first_open=0.184700, first_close=0.184900, second_body_ratio=0.411, third_close=0.185070, first_midpoint=0.184800, is_evening_star=False
2025-05-28 13:18:32,876 - DEBUG - Three White Soldiers check for HBAR-USD (5m): first_body_ratio=0.455, second_body_ratio=-0.411, third_body_ratio=0.932, is_three_white_soldiers=False
2025-05-28 13:18:32,876 - DEBUG - Three Black Crows check for HBAR-USD (5m): first_body_ratio=-0.455, second_body_ratio=0.411, third_body_ratio=-0.932, is_three_black_crows=False
2025-05-28 13:18:32,877 - DEBUG - Three Inside Up check for HBAR-USD (5m): first_open=0.184700, first_close=0.184900, second_open=0.184890, second_close=0.184660, third_close=0.185070, is_three_inside_up=False
2025-05-28 13:18:32,878 - DEBUG - Three Inside Down check for HBAR-USD (5m): first_open=0.184700, first_close=0.184900, second_open=0.184890, second_close=0.184660, third_close=0.185070, is_three_inside_down=False
2025-05-28 13:18:32,878 - DEBUG - Bullish Stick Sandwich check for HBAR-USD (5m): first_close=0.184900, second_close=0.184660, third_close=0.185070, is_stick_sandwich_bullish=False
2025-05-28 13:18:32,879 - DEBUG - Bearish Stick Sandwich check for HBAR-USD (5m): first_close=0.184900, second_close=0.184660, third_close=0.185070, is_stick_sandwich_bearish=False
2025-05-28 13:18:32,880 - DEBUG - Rising Three Methods check for HBAR-USD (5m): first_open=0.184700, first_close=0.184900, second_open=0.184890, second_close=0.184660, third_close=0.185070, is_rising_three_methods=False
2025-05-28 13:18:32,880 - DEBUG - Falling Three Methods check for HBAR-USD (5m): first_open=0.184700, first_close=0.184900, second_open=0.184890, second_close=0.184660, third_close=0.185070, is_falling_three_methods=False
2025-05-28 13:18:32,880 - DEBUG - Candlestick patterns for HBAR-USD (5m): {'marubozu_bullish': False, 'marubozu_bearish': False, 'hammer': False, 'hanging_man': False, 'inverted_hammer': False, 'shooting_star': False, 'doji_standard': False, 'doji_long_legged': False, 'doji_gravestone': False, 'doji_dragonfly': False, 'doji_four_price': False, 'engulfing_bullish': True, 'engulfing_bearish': False, 'harami_bullish': False, 'harami_bearish': False, 'harami_cross_bullish': False, 'harami_cross_bearish': False, 'tweezer_tops': False, 'tweezer_bottoms': True, 'dark_cloud_cover': False, 'piercing_line': False, 'on_neck': False, 'morning_star': False, 'evening_star': False, 'three_white_soldiers': False, 'three_black_crows': False, 'three_inside_up': False, 'three_inside_down': False, 'stick_sandwich_bullish': False, 'stick_sandwich_bearish': False, 'rising_three_methods': False, 'falling_three_methods': False}
2025-05-28 13:18:32,881 - DEBUG - Bullish Marubozu check for HBAR-USD (15m): body_ratio=0.932, lower_shadow_ratio=0.000, upper_shadow_ratio=0.068, is_bullish_marubozu=False
2025-05-28 13:18:32,882 - DEBUG - Not a Bearish Marubozu for HBAR-USD (15m): close (0.18507) >= open (0.18466)
2025-05-28 13:18:32,882 - DEBUG - Hammer check for HBAR-USD (15m): body_ratio=0.932, lower_shadow=0.000000, upper_shadow=0.000030, is_hammer=False
2025-05-28 13:18:32,883 - DEBUG - Hanging Man check for HBAR-USD (15m): body_ratio=0.932, lower_shadow=0.000000, upper_shadow=0.000030, is_hanging_man=False
2025-05-28 13:18:32,883 - DEBUG - Inverted Hammer check for HBAR-USD (15m): body_ratio=0.932, upper_shadow=0.000030, lower_shadow=0.000000, is_inverted_hammer=False
2025-05-28 13:18:32,884 - DEBUG - Shooting Star check for HBAR-USD (15m): body_ratio=0.932, upper_shadow=0.000030, lower_shadow=0.000000, is_shooting_star=False
2025-05-28 13:18:32,884 - DEBUG - Standard Doji check for HBAR-USD (15m): body_ratio=0.932, is_doji=False
2025-05-28 13:18:32,885 - DEBUG - Long-Legged Doji check for HBAR-USD (15m): body_ratio=0.932, upper_shadow_ratio=0.068, lower_shadow_ratio=0.000, is_long_legged_doji=False
2025-05-28 13:18:32,885 - DEBUG - Gravestone Doji check for HBAR-USD (15m): body_ratio=0.932, upper_shadow_ratio=0.068, lower_shadow_ratio=0.000, is_gravestone_doji=False
2025-05-28 13:18:32,886 - DEBUG - Dragonfly Doji check for HBAR-USD (15m): body_ratio=0.932, lower_shadow_ratio=0.000, upper_shadow_ratio=0.068, is_dragonfly_doji=False
2025-05-28 13:18:32,887 - DEBUG - Four Price Doji check for HBAR-USD (15m): open=0.184660, close=0.185070, high=0.185100, low=0.184660, is_four_price_doji=False
2025-05-28 13:18:32,887 - DEBUG - Bullish Engulfing check for HBAR-USD (15m): prev_open=0.184220, prev_close=0.184660, curr_open=0.184660, curr_close=0.185070, is_bullish_engulfing=False
2025-05-28 13:18:32,888 - DEBUG - Bearish Engulfing check for HBAR-USD (15m): prev_open=0.184220, prev_close=0.184660, curr_open=0.184660, curr_close=0.185070, is_bearish_engulfing=False
2025-05-28 13:18:32,888 - DEBUG - Bullish Harami check for HBAR-USD (15m): prev_open=0.184220, prev_close=0.184660, curr_open=0.184660, curr_close=0.185070, is_bullish_harami=False
2025-05-28 13:18:32,889 - DEBUG - Bearish Harami check for HBAR-USD (15m): prev_open=0.184220, prev_close=0.184660, curr_open=0.184660, curr_close=0.185070, is_bearish_harami=False
2025-05-28 13:18:32,890 - DEBUG - Bullish Harami Cross check for HBAR-USD (15m): prev_open=0.184220, prev_close=0.184660, curr_open=0.184660, curr_close=0.185070, body_ratio_curr=0.932, is_bullish_harami_cross=False
2025-05-28 13:18:32,890 - DEBUG - Bearish Harami Cross check for HBAR-USD (15m): prev_open=0.184220, prev_close=0.184660, curr_open=0.184660, curr_close=0.185070, body_ratio_curr=0.932, is_bearish_harami_cross=False
2025-05-28 13:18:32,891 - DEBUG - Tweezer Tops check for HBAR-USD (15m): prev_high=0.185220, curr_high=0.185100, is_tweezer_tops=False
2025-05-28 13:18:32,891 - DEBUG - Tweezer Bottoms check for HBAR-USD (15m): prev_low=0.184180, curr_low=0.184660, is_tweezer_bottoms=False
2025-05-28 13:18:32,892 - DEBUG - Dark Cloud Cover check for HBAR-USD (15m): prev_high=0.185220, prev_midpoint=0.184440, curr_open=0.184660, curr_close=0.185070, is_dark_cloud_cover=False
2025-05-28 13:18:32,893 - DEBUG - Piercing Line check for HBAR-USD (15m): prev_low=0.184180, prev_midpoint=0.184440, curr_open=0.184660, curr_close=0.185070, is_piercing_line=False
2025-05-28 13:18:32,893 - DEBUG - On Neck check for HBAR-USD (15m): prev_low=0.184180, prev_close=0.184660, curr_open=0.184660, curr_close=0.185070, is_on_neck=False
2025-05-28 13:18:32,894 - DEBUG - Morning Star check for HBAR-USD (15m): first_open=0.183690, first_close=0.184200, second_body_ratio=0.423, third_close=0.185070, first_midpoint=0.183945, is_morning_star=False
2025-05-28 13:18:32,895 - DEBUG - Evening Star check for HBAR-USD (15m): first_open=0.183690, first_close=0.184200, second_body_ratio=0.423, third_close=0.185070, first_midpoint=0.183945, is_evening_star=False
2025-05-28 13:18:32,895 - DEBUG - Three White Soldiers check for HBAR-USD (15m): first_body_ratio=0.729, second_body_ratio=0.423, third_body_ratio=0.932, is_three_white_soldiers=False
2025-05-28 13:18:32,896 - DEBUG - Three Black Crows check for HBAR-USD (15m): first_body_ratio=-0.729, second_body_ratio=-0.423, third_body_ratio=-0.932, is_three_black_crows=False
2025-05-28 13:18:32,897 - DEBUG - Three Inside Up check for HBAR-USD (15m): first_open=0.183690, first_close=0.184200, second_open=0.184220, second_close=0.184660, third_close=0.185070, is_three_inside_up=False
2025-05-28 13:18:32,897 - DEBUG - Three Inside Down check for HBAR-USD (15m): first_open=0.183690, first_close=0.184200, second_open=0.184220, second_close=0.184660, third_close=0.185070, is_three_inside_down=False
2025-05-28 13:18:32,898 - DEBUG - Bullish Stick Sandwich check for HBAR-USD (15m): first_close=0.184200, second_close=0.184660, third_close=0.185070, is_stick_sandwich_bullish=False
2025-05-28 13:18:32,899 - DEBUG - Bearish Stick Sandwich check for HBAR-USD (15m): first_close=0.184200, second_close=0.184660, third_close=0.185070, is_stick_sandwich_bearish=False
2025-05-28 13:18:32,899 - DEBUG - Rising Three Methods check for HBAR-USD (15m): first_open=0.183690, first_close=0.184200, second_open=0.184220, second_close=0.184660, third_close=0.185070, is_rising_three_methods=False
2025-05-28 13:18:32,900 - DEBUG - Falling Three Methods check for HBAR-USD (15m): first_open=0.183690, first_close=0.184200, second_open=0.184220, second_close=0.184660, third_close=0.185070, is_falling_three_methods=False
2025-05-28 13:18:32,900 - DEBUG - Candlestick patterns for HBAR-USD (15m): {'marubozu_bullish': False, 'marubozu_bearish': False, 'hammer': False, 'hanging_man': False, 'inverted_hammer': False, 'shooting_star': False, 'doji_standard': False, 'doji_long_legged': False, 'doji_gravestone': False, 'doji_dragonfly': False, 'doji_four_price': False, 'engulfing_bullish': False, 'engulfing_bearish': False, 'harami_bullish': False, 'harami_bearish': False, 'harami_cross_bullish': False, 'harami_cross_bearish': False, 'tweezer_tops': False, 'tweezer_bottoms': False, 'dark_cloud_cover': False, 'piercing_line': False, 'on_neck': False, 'morning_star': False, 'evening_star': False, 'three_white_soldiers': False, 'three_black_crows': False, 'three_inside_up': False, 'three_inside_down': False, 'stick_sandwich_bullish': False, 'stick_sandwich_bearish': False, 'rising_three_methods': False, 'falling_three_methods': False}
2025-05-28 13:18:32,901 - DEBUG - Bullish Marubozu check for HBAR-USD (1h): body_ratio=0.817, lower_shadow_ratio=0.038, upper_shadow_ratio=0.144, is_bullish_marubozu=False
2025-05-28 13:18:32,901 - DEBUG - Not a Bearish Marubozu for HBAR-USD (1h): close (0.18507) >= open (0.18422)
2025-05-28 13:18:32,902 - DEBUG - Hammer check for HBAR-USD (1h): body_ratio=0.817, lower_shadow=0.000040, upper_shadow=0.000150, is_hammer=False
2025-05-28 13:18:32,902 - DEBUG - Hanging Man check for HBAR-USD (1h): body_ratio=0.817, lower_shadow=0.000040, upper_shadow=0.000150, is_hanging_man=False
2025-05-28 13:18:32,903 - DEBUG - Inverted Hammer check for HBAR-USD (1h): body_ratio=0.817, upper_shadow=0.000150, lower_shadow=0.000040, is_inverted_hammer=False
2025-05-28 13:18:32,903 - DEBUG - Shooting Star check for HBAR-USD (1h): body_ratio=0.817, upper_shadow=0.000150, lower_shadow=0.000040, is_shooting_star=False
2025-05-28 13:18:32,904 - DEBUG - Standard Doji check for HBAR-USD (1h): body_ratio=0.817, is_doji=False
2025-05-28 13:18:32,905 - DEBUG - Long-Legged Doji check for HBAR-USD (1h): body_ratio=0.817, upper_shadow_ratio=0.144, lower_shadow_ratio=0.038, is_long_legged_doji=False
2025-05-28 13:18:32,905 - DEBUG - Gravestone Doji check for HBAR-USD (1h): body_ratio=0.817, upper_shadow_ratio=0.144, lower_shadow_ratio=0.038, is_gravestone_doji=False
2025-05-28 13:18:32,906 - DEBUG - Dragonfly Doji check for HBAR-USD (1h): body_ratio=0.817, lower_shadow_ratio=0.038, upper_shadow_ratio=0.144, is_dragonfly_doji=False
2025-05-28 13:18:32,907 - DEBUG - Four Price Doji check for HBAR-USD (1h): open=0.184220, close=0.185070, high=0.185220, low=0.184180, is_four_price_doji=False
2025-05-28 13:18:32,907 - DEBUG - Bullish Engulfing check for HBAR-USD (1h): prev_open=0.182720, prev_close=0.184200, curr_open=0.184220, curr_close=0.185070, is_bullish_engulfing=False
2025-05-28 13:18:32,908 - DEBUG - Bearish Engulfing check for HBAR-USD (1h): prev_open=0.182720, prev_close=0.184200, curr_open=0.184220, curr_close=0.185070, is_bearish_engulfing=False
2025-05-28 13:18:32,909 - DEBUG - Bullish Harami check for HBAR-USD (1h): prev_open=0.182720, prev_close=0.184200, curr_open=0.184220, curr_close=0.185070, is_bullish_harami=False
2025-05-28 13:18:32,909 - DEBUG - Bearish Harami check for HBAR-USD (1h): prev_open=0.182720, prev_close=0.184200, curr_open=0.184220, curr_close=0.185070, is_bearish_harami=False
2025-05-28 13:18:32,910 - DEBUG - Bullish Harami Cross check for HBAR-USD (1h): prev_open=0.182720, prev_close=0.184200, curr_open=0.184220, curr_close=0.185070, body_ratio_curr=0.817, is_bullish_harami_cross=False
2025-05-28 13:18:32,911 - DEBUG - Bearish Harami Cross check for HBAR-USD (1h): prev_open=0.182720, prev_close=0.184200, curr_open=0.184220, curr_close=0.185070, body_ratio_curr=0.817, is_bearish_harami_cross=False
2025-05-28 13:18:32,911 - DEBUG - Tweezer Tops check for HBAR-USD (1h): prev_high=0.184200, curr_high=0.185220, is_tweezer_tops=False
2025-05-28 13:18:32,912 - DEBUG - Tweezer Bottoms check for HBAR-USD (1h): prev_low=0.182710, curr_low=0.184180, is_tweezer_bottoms=False
2025-05-28 13:18:32,913 - DEBUG - Dark Cloud Cover check for HBAR-USD (1h): prev_high=0.184200, prev_midpoint=0.183460, curr_open=0.184220, curr_close=0.185070, is_dark_cloud_cover=False
2025-05-28 13:18:32,913 - DEBUG - Piercing Line check for HBAR-USD (1h): prev_low=0.182710, prev_midpoint=0.183460, curr_open=0.184220, curr_close=0.185070, is_piercing_line=False
2025-05-28 13:18:32,914 - DEBUG - On Neck check for HBAR-USD (1h): prev_low=0.182710, prev_close=0.184200, curr_open=0.184220, curr_close=0.185070, is_on_neck=False
2025-05-28 13:18:32,914 - DEBUG - Morning Star check for HBAR-USD (1h): first_open=0.183150, first_close=0.182700, second_body_ratio=0.993, third_close=0.185070, first_midpoint=0.182925, is_morning_star=False
2025-05-28 13:18:32,915 - DEBUG - Evening Star check for HBAR-USD (1h): first_open=0.183150, first_close=0.182700, second_body_ratio=0.993, third_close=0.185070, first_midpoint=0.182925, is_evening_star=False
2025-05-28 13:18:32,916 - DEBUG - Three White Soldiers check for HBAR-USD (1h): first_body_ratio=-0.205, second_body_ratio=0.993, third_body_ratio=0.817, is_three_white_soldiers=False
2025-05-28 13:18:32,916 - DEBUG - Three Black Crows check for HBAR-USD (1h): first_body_ratio=0.205, second_body_ratio=-0.993, third_body_ratio=-0.817, is_three_black_crows=False
2025-05-28 13:18:32,917 - DEBUG - Three Inside Up check for HBAR-USD (1h): first_open=0.183150, first_close=0.182700, second_open=0.182720, second_close=0.184200, third_close=0.185070, is_three_inside_up=False
2025-05-28 13:18:32,918 - DEBUG - Three Inside Down check for HBAR-USD (1h): first_open=0.183150, first_close=0.182700, second_open=0.182720, second_close=0.184200, third_close=0.185070, is_three_inside_down=False
2025-05-28 13:18:32,918 - DEBUG - Bullish Stick Sandwich check for HBAR-USD (1h): first_close=0.182700, second_close=0.184200, third_close=0.185070, is_stick_sandwich_bullish=False
2025-05-28 13:18:32,919 - DEBUG - Bearish Stick Sandwich check for HBAR-USD (1h): first_close=0.182700, second_close=0.184200, third_close=0.185070, is_stick_sandwich_bearish=False
2025-05-28 13:18:32,920 - DEBUG - Rising Three Methods check for HBAR-USD (1h): first_open=0.183150, first_close=0.182700, second_open=0.182720, second_close=0.184200, third_close=0.185070, is_rising_three_methods=False
2025-05-28 13:18:32,920 - DEBUG - Falling Three Methods check for HBAR-USD (1h): first_open=0.183150, first_close=0.182700, second_open=0.182720, second_close=0.184200, third_close=0.185070, is_falling_three_methods=False
2025-05-28 13:18:32,921 - DEBUG - Candlestick patterns for HBAR-USD (1h): {'marubozu_bullish': False, 'marubozu_bearish': False, 'hammer': False, 'hanging_man': False, 'inverted_hammer': False, 'shooting_star': False, 'doji_standard': False, 'doji_long_legged': False, 'doji_gravestone': False, 'doji_dragonfly': False, 'doji_four_price': False, 'engulfing_bullish': False, 'engulfing_bearish': False, 'harami_bullish': False, 'harami_bearish': False, 'harami_cross_bullish': False, 'harami_cross_bearish': False, 'tweezer_tops': False, 'tweezer_bottoms': False, 'dark_cloud_cover': False, 'piercing_line': False, 'on_neck': False, 'morning_star': False, 'evening_star': False, 'three_white_soldiers': False, 'three_black_crows': False, 'three_inside_up': False, 'three_inside_down': False, 'stick_sandwich_bullish': False, 'stick_sandwich_bearish': False, 'rising_three_methods': False, 'falling_three_methods': False}
2025-05-28 13:18:32,921 - DEBUG - Not a Bullish Marubozu for HBAR-USD (6h): close (0.18507) <= open (0.18705)
2025-05-28 13:18:32,922 - DEBUG - Bearish Marubozu check for HBAR-USD (6h): body_ratio=0.293, upper_shadow_ratio=0.222, lower_shadow_ratio=0.484, is_bearish_marubozu=False
2025-05-28 13:18:32,922 - DEBUG - Hammer check for HBAR-USD (6h): body_ratio=0.293, lower_shadow=0.003270, upper_shadow=0.001500, is_hammer=False
2025-05-28 13:18:32,923 - DEBUG - Hanging Man check for HBAR-USD (6h): body_ratio=0.293, lower_shadow=0.003270, upper_shadow=0.001500, is_hanging_man=False
2025-05-28 13:18:32,923 - DEBUG - Inverted Hammer check for HBAR-USD (6h): body_ratio=0.293, upper_shadow=0.001500, lower_shadow=0.003270, is_inverted_hammer=False
2025-05-28 13:18:32,924 - DEBUG - Shooting Star check for HBAR-USD (6h): body_ratio=0.293, upper_shadow=0.001500, lower_shadow=0.003270, is_shooting_star=False
2025-05-28 13:18:32,924 - DEBUG - Standard Doji check for HBAR-USD (6h): body_ratio=0.293, is_doji=False
2025-05-28 13:18:32,925 - DEBUG - Long-Legged Doji check for HBAR-USD (6h): body_ratio=0.293, upper_shadow_ratio=0.222, lower_shadow_ratio=0.484, is_long_legged_doji=False
2025-05-28 13:18:32,926 - DEBUG - Gravestone Doji check for HBAR-USD (6h): body_ratio=0.293, upper_shadow_ratio=0.222, lower_shadow_ratio=0.484, is_gravestone_doji=False
2025-05-28 13:18:32,926 - DEBUG - Dragonfly Doji check for HBAR-USD (6h): body_ratio=0.293, lower_shadow_ratio=0.484, upper_shadow_ratio=0.222, is_dragonfly_doji=False
2025-05-28 13:18:32,927 - DEBUG - Four Price Doji check for HBAR-USD (6h): open=0.187050, close=0.185070, high=0.188550, low=0.181800, is_four_price_doji=False
2025-05-28 13:18:32,927 - DEBUG - Bullish Engulfing check for HBAR-USD (6h): prev_open=0.187210, prev_close=0.187040, curr_open=0.187050, curr_close=0.185070, is_bullish_engulfing=False
2025-05-28 13:18:32,928 - DEBUG - Bearish Engulfing check for HBAR-USD (6h): prev_open=0.187210, prev_close=0.187040, curr_open=0.187050, curr_close=0.185070, is_bearish_engulfing=False
2025-05-28 13:18:32,928 - DEBUG - Bullish Harami check for HBAR-USD (6h): prev_open=0.187210, prev_close=0.187040, curr_open=0.187050, curr_close=0.185070, is_bullish_harami=False
2025-05-28 13:18:32,929 - DEBUG - Bearish Harami check for HBAR-USD (6h): prev_open=0.187210, prev_close=0.187040, curr_open=0.187050, curr_close=0.185070, is_bearish_harami=False
2025-05-28 13:18:32,930 - DEBUG - Bullish Harami Cross check for HBAR-USD (6h): prev_open=0.187210, prev_close=0.187040, curr_open=0.187050, curr_close=0.185070, body_ratio_curr=0.293, is_bullish_harami_cross=False
2025-05-28 13:18:32,930 - DEBUG - Bearish Harami Cross check for HBAR-USD (6h): prev_open=0.187210, prev_close=0.187040, curr_open=0.187050, curr_close=0.185070, body_ratio_curr=0.293, is_bearish_harami_cross=False
2025-05-28 13:18:32,931 - DEBUG - Tweezer Tops check for HBAR-USD (6h): prev_high=0.187290, curr_high=0.188550, is_tweezer_tops=False
2025-05-28 13:18:32,932 - DEBUG - Tweezer Bottoms check for HBAR-USD (6h): prev_low=0.183820, curr_low=0.181800, is_tweezer_bottoms=False
2025-05-28 13:18:32,932 - DEBUG - Dark Cloud Cover check for HBAR-USD (6h): prev_high=0.187290, prev_midpoint=0.187125, curr_open=0.187050, curr_close=0.185070, is_dark_cloud_cover=False
2025-05-28 13:18:32,933 - DEBUG - Piercing Line check for HBAR-USD (6h): prev_low=0.183820, prev_midpoint=0.187125, curr_open=0.187050, curr_close=0.185070, is_piercing_line=False
2025-05-28 13:18:32,933 - DEBUG - On Neck check for HBAR-USD (6h): prev_low=0.183820, prev_close=0.187040, curr_open=0.187050, curr_close=0.185070, is_on_neck=False
2025-05-28 13:18:32,934 - DEBUG - Morning Star check for HBAR-USD (6h): first_open=0.187320, first_close=0.187260, second_body_ratio=0.049, third_close=0.185070, first_midpoint=0.187290, is_morning_star=False
2025-05-28 13:18:32,935 - DEBUG - Evening Star check for HBAR-USD (6h): first_open=0.187320, first_close=0.187260, second_body_ratio=0.049, third_close=0.185070, first_midpoint=0.187290, is_evening_star=False
2025-05-28 13:18:32,935 - DEBUG - Three White Soldiers check for HBAR-USD (6h): first_body_ratio=-0.019, second_body_ratio=-0.049, third_body_ratio=-0.293, is_three_white_soldiers=False
2025-05-28 13:18:32,936 - DEBUG - Three Black Crows check for HBAR-USD (6h): first_body_ratio=0.019, second_body_ratio=0.049, third_body_ratio=0.293, is_three_black_crows=False
2025-05-28 13:18:32,937 - DEBUG - Three Inside Up check for HBAR-USD (6h): first_open=0.187320, first_close=0.187260, second_open=0.187210, second_close=0.187040, third_close=0.185070, is_three_inside_up=False
2025-05-28 13:18:32,937 - DEBUG - Three Inside Down check for HBAR-USD (6h): first_open=0.187320, first_close=0.187260, second_open=0.187210, second_close=0.187040, third_close=0.185070, is_three_inside_down=False
2025-05-28 13:18:32,938 - DEBUG - Bullish Stick Sandwich check for HBAR-USD (6h): first_close=0.187260, second_close=0.187040, third_close=0.185070, is_stick_sandwich_bullish=False
2025-05-28 13:18:32,939 - DEBUG - Bearish Stick Sandwich check for HBAR-USD (6h): first_close=0.187260, second_close=0.187040, third_close=0.185070, is_stick_sandwich_bearish=False
2025-05-28 13:18:32,939 - DEBUG - Rising Three Methods check for HBAR-USD (6h): first_open=0.187320, first_close=0.187260, second_open=0.187210, second_close=0.187040, third_close=0.185070, is_rising_three_methods=False
2025-05-28 13:18:32,940 - DEBUG - Falling Three Methods check for HBAR-USD (6h): first_open=0.187320, first_close=0.187260, second_open=0.187210, second_close=0.187040, third_close=0.185070, is_falling_three_methods=False
2025-05-28 13:18:32,940 - DEBUG - Candlestick patterns for HBAR-USD (6h): {'marubozu_bullish': False, 'marubozu_bearish': False, 'hammer': False, 'hanging_man': False, 'inverted_hammer': False, 'shooting_star': False, 'doji_standard': False, 'doji_long_legged': False, 'doji_gravestone': False, 'doji_dragonfly': False, 'doji_four_price': False, 'engulfing_bullish': False, 'engulfing_bearish': False, 'harami_bullish': False, 'harami_bearish': False, 'harami_cross_bullish': False, 'harami_cross_bearish': False, 'tweezer_tops': False, 'tweezer_bottoms': False, 'dark_cloud_cover': False, 'piercing_line': False, 'on_neck': False, 'morning_star': False, 'evening_star': False, 'three_white_soldiers': False, 'three_black_crows': False, 'three_inside_up': False, 'three_inside_down': False, 'stick_sandwich_bullish': False, 'stick_sandwich_bearish': False, 'rising_three_methods': False, 'falling_three_methods': False}
2025-05-28 13:18:32,941 - DEBUG - Not a Bullish Marubozu for HBAR-USD (1d): close (0.18507) <= open (0.18732)
2025-05-28 13:18:32,941 - DEBUG - Bearish Marubozu check for HBAR-USD (1d): body_ratio=0.333, upper_shadow_ratio=0.182, lower_shadow_ratio=0.484, is_bearish_marubozu=False
2025-05-28 13:18:32,942 - DEBUG - Hammer check for HBAR-USD (1d): body_ratio=0.333, lower_shadow=0.003270, upper_shadow=0.001230, is_hammer=False
2025-05-28 13:18:32,942 - DEBUG - Hanging Man check for HBAR-USD (1d): body_ratio=0.333, lower_shadow=0.003270, upper_shadow=0.001230, is_hanging_man=False
2025-05-28 13:18:32,943 - DEBUG - Inverted Hammer check for HBAR-USD (1d): body_ratio=0.333, upper_shadow=0.001230, lower_shadow=0.003270, is_inverted_hammer=False
2025-05-28 13:18:32,943 - DEBUG - Shooting Star check for HBAR-USD (1d): body_ratio=0.333, upper_shadow=0.001230, lower_shadow=0.003270, is_shooting_star=False
2025-05-28 13:18:32,944 - DEBUG - Standard Doji check for HBAR-USD (1d): body_ratio=0.333, is_doji=False
2025-05-28 13:18:32,945 - DEBUG - Long-Legged Doji check for HBAR-USD (1d): body_ratio=0.333, upper_shadow_ratio=0.182, lower_shadow_ratio=0.484, is_long_legged_doji=False
2025-05-28 13:18:32,945 - DEBUG - Gravestone Doji check for HBAR-USD (1d): body_ratio=0.333, upper_shadow_ratio=0.182, lower_shadow_ratio=0.484, is_gravestone_doji=False
2025-05-28 13:18:32,946 - DEBUG - Dragonfly Doji check for HBAR-USD (1d): body_ratio=0.333, lower_shadow_ratio=0.484, upper_shadow_ratio=0.182, is_dragonfly_doji=False
2025-05-28 13:18:32,946 - DEBUG - Four Price Doji check for HBAR-USD (1d): open=0.187320, close=0.185070, high=0.188550, low=0.181800, is_four_price_doji=False
2025-05-28 13:18:32,947 - DEBUG - Bullish Engulfing check for HBAR-USD (1d): prev_open=0.186020, prev_close=0.187370, curr_open=0.187320, curr_close=0.185070, is_bullish_engulfing=False
2025-05-28 13:18:32,947 - DEBUG - Bearish Engulfing check for HBAR-USD (1d): prev_open=0.186020, prev_close=0.187370, curr_open=0.187320, curr_close=0.185070, is_bearish_engulfing=False
2025-05-28 13:18:32,948 - DEBUG - Bullish Harami check for HBAR-USD (1d): prev_open=0.186020, prev_close=0.187370, curr_open=0.187320, curr_close=0.185070, is_bullish_harami=False
2025-05-28 13:18:32,949 - DEBUG - Bearish Harami check for HBAR-USD (1d): prev_open=0.186020, prev_close=0.187370, curr_open=0.187320, curr_close=0.185070, is_bearish_harami=False
2025-05-28 13:18:32,949 - DEBUG - Bullish Harami Cross check for HBAR-USD (1d): prev_open=0.186020, prev_close=0.187370, curr_open=0.187320, curr_close=0.185070, body_ratio_curr=0.333, is_bullish_harami_cross=False
2025-05-28 13:18:32,950 - DEBUG - Bearish Harami Cross check for HBAR-USD (1d): prev_open=0.186020, prev_close=0.187370, curr_open=0.187320, curr_close=0.185070, body_ratio_curr=0.333, is_bearish_harami_cross=False
2025-05-28 13:18:32,951 - DEBUG - Tweezer Tops check for HBAR-USD (1d): prev_high=0.192050, curr_high=0.188550, is_tweezer_tops=False
2025-05-28 13:18:32,951 - DEBUG - Tweezer Bottoms check for HBAR-USD (1d): prev_low=0.182230, curr_low=0.181800, is_tweezer_bottoms=False
2025-05-28 13:18:32,952 - DEBUG - Dark Cloud Cover check for HBAR-USD (1d): prev_high=0.192050, prev_midpoint=0.186695, curr_open=0.187320, curr_close=0.185070, is_dark_cloud_cover=False
2025-05-28 13:18:32,952 - DEBUG - Piercing Line check for HBAR-USD (1d): prev_low=0.182230, prev_midpoint=0.186695, curr_open=0.187320, curr_close=0.185070, is_piercing_line=False
2025-05-28 13:18:32,953 - DEBUG - On Neck check for HBAR-USD (1d): prev_low=0.182230, prev_close=0.187370, curr_open=0.187320, curr_close=0.185070, is_on_neck=False
2025-05-28 13:18:32,954 - DEBUG - Morning Star check for HBAR-USD (1d): first_open=0.188210, first_close=0.185970, second_body_ratio=0.137, third_close=0.185070, first_midpoint=0.187090, is_morning_star=False
2025-05-28 13:18:32,954 - DEBUG - Evening Star check for HBAR-USD (1d): first_open=0.188210, first_close=0.185970, second_body_ratio=0.137, third_close=0.185070, first_midpoint=0.187090, is_evening_star=False
2025-05-28 13:18:32,955 - DEBUG - Three White Soldiers check for HBAR-USD (1d): first_body_ratio=-0.247, second_body_ratio=0.137, third_body_ratio=-0.333, is_three_white_soldiers=False
2025-05-28 13:18:32,956 - DEBUG - Three Black Crows check for HBAR-USD (1d): first_body_ratio=0.247, second_body_ratio=-0.137, third_body_ratio=0.333, is_three_black_crows=False
2025-05-28 13:18:32,956 - DEBUG - Three Inside Up check for HBAR-USD (1d): first_open=0.188210, first_close=0.185970, second_open=0.186020, second_close=0.187370, third_close=0.185070, is_three_inside_up=False
2025-05-28 13:18:32,957 - DEBUG - Three Inside Down check for HBAR-USD (1d): first_open=0.188210, first_close=0.185970, second_open=0.186020, second_close=0.187370, third_close=0.185070, is_three_inside_down=False
2025-05-28 13:18:32,958 - DEBUG - Bullish Stick Sandwich check for HBAR-USD (1d): first_close=0.185970, second_close=0.187370, third_close=0.185070, is_stick_sandwich_bullish=False
2025-05-28 13:18:32,958 - DEBUG - Bearish Stick Sandwich check for HBAR-USD (1d): first_close=0.185970, second_close=0.187370, third_close=0.185070, is_stick_sandwich_bearish=False
2025-05-28 13:18:32,959 - DEBUG - Rising Three Methods check for HBAR-USD (1d): first_open=0.188210, first_close=0.185970, second_open=0.186020, second_close=0.187370, third_close=0.185070, is_rising_three_methods=False
2025-05-28 13:18:32,960 - DEBUG - Falling Three Methods check for HBAR-USD (1d): first_open=0.188210, first_close=0.185970, second_open=0.186020, second_close=0.187370, third_close=0.185070, is_falling_three_methods=True
2025-05-28 13:18:32,960 - DEBUG - Candlestick patterns for HBAR-USD (1d): {'marubozu_bullish': False, 'marubozu_bearish': False, 'hammer': False, 'hanging_man': False, 'inverted_hammer': False, 'shooting_star': False, 'doji_standard': False, 'doji_long_legged': False, 'doji_gravestone': False, 'doji_dragonfly': False, 'doji_four_price': False, 'engulfing_bullish': False, 'engulfing_bearish': False, 'harami_bullish': False, 'harami_bearish': False, 'harami_cross_bullish': False, 'harami_cross_bearish': False, 'tweezer_tops': False, 'tweezer_bottoms': False, 'dark_cloud_cover': False, 'piercing_line': False, 'on_neck': False, 'morning_star': False, 'evening_star': False, 'three_white_soldiers': False, 'three_black_crows': False, 'three_inside_up': False, 'three_inside_down': False, 'stick_sandwich_bullish': False, 'stick_sandwich_bearish': False, 'rising_three_methods': False, 'falling_three_methods': True}
2025-05-28 13:18:32,960 - DEBUG - All candlestick patterns for HBAR-USD: {'1m': {'marubozu_bullish': True, 'marubozu_bearish': False, 'hammer': False, 'hanging_man': False, 'inverted_hammer': False, 'shooting_star': False, 'doji_standard': False, 'doji_long_legged': False, 'doji_gravestone': False, 'doji_dragonfly': False, 'doji_four_price': True, 'engulfing_bullish': False, 'engulfing_bearish': False, 'harami_bullish': False, 'harami_bearish': False, 'harami_cross_bullish': False, 'harami_cross_bearish': False, 'tweezer_tops': False, 'tweezer_bottoms': False, 'dark_cloud_cover': False, 'piercing_line': False, 'on_neck': False, 'morning_star': False, 'evening_star': False, 'three_white_soldiers': True, 'three_black_crows': False, 'three_inside_up': False, 'three_inside_down': False, 'stick_sandwich_bullish': False, 'stick_sandwich_bearish': False, 'rising_three_methods': False, 'falling_three_methods': False}, '5m': {'marubozu_bullish': False, 'marubozu_bearish': False, 'hammer': False, 'hanging_man': False, 'inverted_hammer': False, 'shooting_star': False, 'doji_standard': False, 'doji_long_legged': False, 'doji_gravestone': False, 'doji_dragonfly': False, 'doji_four_price': False, 'engulfing_bullish': True, 'engulfing_bearish': False, 'harami_bullish': False, 'harami_bearish': False, 'harami_cross_bullish': False, 'harami_cross_bearish': False, 'tweezer_tops': False, 'tweezer_bottoms': True, 'dark_cloud_cover': False, 'piercing_line': False, 'on_neck': False, 'morning_star': False, 'evening_star': False, 'three_white_soldiers': False, 'three_black_crows': False, 'three_inside_up': False, 'three_inside_down': False, 'stick_sandwich_bullish': False, 'stick_sandwich_bearish': False, 'rising_three_methods': False, 'falling_three_methods': False}, '15m': {'marubozu_bullish': False, 'marubozu_bearish': False, 'hammer': False, 'hanging_man': False, 'inverted_hammer': False, 'shooting_star': False, 'doji_standard': False, 'doji_long_legged': False, 'doji_gravestone': False, 'doji_dragonfly': False, 'doji_four_price': False, 'engulfing_bullish': False, 'engulfing_bearish': False, 'harami_bullish': False, 'harami_bearish': False, 'harami_cross_bullish': False, 'harami_cross_bearish': False, 'tweezer_tops': False, 'tweezer_bottoms': False, 'dark_cloud_cover': False, 'piercing_line': False, 'on_neck': False, 'morning_star': False, 'evening_star': False, 'three_white_soldiers': False, 'three_black_crows': False, 'three_inside_up': False, 'three_inside_down': False, 'stick_sandwich_bullish': False, 'stick_sandwich_bearish': False, 'rising_three_methods': False, 'falling_three_methods': False}, '1h': {'marubozu_bullish': False, 'marubozu_bearish': False, 'hammer': False, 'hanging_man': False, 'inverted_hammer': False, 'shooting_star': False, 'doji_standard': False, 'doji_long_legged': False, 'doji_gravestone': False, 'doji_dragonfly': False, 'doji_four_price': False, 'engulfing_bullish': False, 'engulfing_bearish': False, 'harami_bullish': False, 'harami_bearish': False, 'harami_cross_bullish': False, 'harami_cross_bearish': False, 'tweezer_tops': False, 'tweezer_bottoms': False, 'dark_cloud_cover': False, 'piercing_line': False, 'on_neck': False, 'morning_star': False, 'evening_star': False, 'three_white_soldiers': False, 'three_black_crows': False, 'three_inside_up': False, 'three_inside_down': False, 'stick_sandwich_bullish': False, 'stick_sandwich_bearish': False, 'rising_three_methods': False, 'falling_three_methods': False}, '6h': {'marubozu_bullish': False, 'marubozu_bearish': False, 'hammer': False, 'hanging_man': False, 'inverted_hammer': False, 'shooting_star': False, 'doji_standard': False, 'doji_long_legged': False, 'doji_gravestone': False, 'doji_dragonfly': False, 'doji_four_price': False, 'engulfing_bullish': False, 'engulfing_bearish': False, 'harami_bullish': False, 'harami_bearish': False, 'harami_cross_bullish': False, 'harami_cross_bearish': False, 'tweezer_tops': False, 'tweezer_bottoms': False, 'dark_cloud_cover': False, 'piercing_line': False, 'on_neck': False, 'morning_star': False, 'evening_star': False, 'three_white_soldiers': False, 'three_black_crows': False, 'three_inside_up': False, 'three_inside_down': False, 'stick_sandwich_bullish': False, 'stick_sandwich_bearish': False, 'rising_three_methods': False, 'falling_three_methods': False}, '1d': {'marubozu_bullish': False, 'marubozu_bearish': False, 'hammer': False, 'hanging_man': False, 'inverted_hammer': False, 'shooting_star': False, 'doji_standard': False, 'doji_long_legged': False, 'doji_gravestone': False, 'doji_dragonfly': False, 'doji_four_price': False, 'engulfing_bullish': False, 'engulfing_bearish': False, 'harami_bullish': False, 'harami_bearish': False, 'harami_cross_bullish': False, 'harami_cross_bearish': False, 'tweezer_tops': False, 'tweezer_bottoms': False, 'dark_cloud_cover': False, 'piercing_line': False, 'on_neck': False, 'morning_star': False, 'evening_star': False, 'three_white_soldiers': False, 'three_black_crows': False, 'three_inside_up': False, 'three_inside_down': False, 'stick_sandwich_bullish': False, 'stick_sandwich_bearish': False, 'rising_three_methods': False, 'falling_three_methods': True}}
