2025-05-28 13:17:14,633 - DEBUG - ChartPatterns initialized with symbols: ['HBAR-USD']
2025-05-28 13:17:32,384 - DEBUG - Calculating chart patterns for HBAR-USD
2025-05-28 13:17:32,385 - DEBUG - Double Top check for HBAR-USD (1m): Peaks too close (indices 68, 69)
2025-05-28 13:17:32,386 - DEBUG - Double Bottom check for HBAR-USD (1m): Troughs too close (indices 68, 69)
2025-05-28 13:17:32,387 - DEBUG - Head and Shoulders check for HBAR-USD (1m): Peaks too close (indices 63, 64, 65)
2025-05-28 13:17:32,388 - DEBUG - Inverse Head and Shoulders check for HBAR-USD (1m): No troughs before or after head (idx=35)
2025-05-28 13:17:32,390 - DEBUG - Rising Wedge check for HBAR-USD (1m): high_slope=0.000010, low_slope=0.000130, lower_trendline=0.187360, latest_close=0.185040, is_rising_wedge=True
2025-05-28 13:17:32,392 - DEBUG - Falling Wedge check for HBAR-USD (1m): high_slope=-0.000270, low_slope=-0.000060, upper_trendline=0.179970, latest_close=0.185040, is_falling_wedge=True
2025-05-28 13:17:32,393 - DEBUG - Bullish Rectangle check for HBAR-USD (1m): resistance_level=0.184827, support_level=0.184601, latest_close=0.185040, is_rectangle_bullish=True
2025-05-28 13:17:32,394 - DEBUG - Bearish Rectangle check for HBAR-USD (1m): resistance_level=0.184827, support_level=0.184601, latest_close=0.185040, is_rectangle_bearish=False
2025-05-28 13:17:32,395 - DEBUG - Bullish Flag check for HBAR-USD (1m): Insufficient flagpole gain (0.000)
2025-05-28 13:17:32,395 - DEBUG - Bearish Flag check for HBAR-USD (1m): Insufficient flagpole loss (0.001)
2025-05-28 13:17:32,396 - DEBUG - Bullish Pennant check for HBAR-USD (1m): Insufficient flagpole gain (0.000)
2025-05-28 13:17:32,398 - DEBUG - Ascending Triangle check for HBAR-USD (1m): resistance_level=0.184827, low_slope=0.000130, latest_close=0.185040, is_triangle_ascending=True
2025-05-28 13:17:32,399 - DEBUG - Descending Triangle check for HBAR-USD (1m): support_level=0.184601, high_slope=-0.000270, latest_close=0.185040, is_triangle_descending=False
2025-05-28 13:17:32,401 - DEBUG - Symmetrical Triangle check for HBAR-USD (1m): high_slope=-0.000270, low_slope=0.000130, upper_trendline=0.179970, lower_trendline=0.187360, latest_close=0.185040, is_triangle_symmetrical=True
2025-05-28 13:17:32,401 - DEBUG - Chart patterns for HBAR-USD (1m): {'double_top': False, 'double_bottom': False, 'head_and_shoulders': False, 'inverse_head_and_shoulders': False, 'rising_wedge': True, 'falling_wedge': True, 'rectangle_bullish': True, 'rectangle_bearish': False, 'flag_bullish': False, 'flag_bearish': False, 'pennant_bullish': False, 'triangle_ascending': True, 'triangle_descending': False, 'triangle_symmetrical': True}
2025-05-28 13:17:32,402 - DEBUG - Double Top check for HBAR-USD (5m): Peaks too close (indices 58, 59)
2025-05-28 13:17:32,403 - DEBUG - Double Bottom check for HBAR-USD (5m): Troughs too close (indices 58, 59)
2025-05-28 13:17:32,404 - DEBUG - Head and Shoulders check for HBAR-USD (5m): Peaks too close (indices 56, 58, 59)
2025-05-28 13:17:32,404 - DEBUG - Inverse Head and Shoulders check for HBAR-USD (5m): No troughs before or after head (idx=35)
2025-05-28 13:17:32,406 - DEBUG - Rising Wedge check for HBAR-USD (5m): Non-converging or non-upward trendlines (high_slope=0.000230, low_slope=0.000140)
2025-05-28 13:17:32,408 - DEBUG - Falling Wedge check for HBAR-USD (5m): Non-converging or non-downward trendlines (high_slope=0.000080, low_slope=-0.000030)
2025-05-28 13:17:32,409 - DEBUG - Bullish Rectangle check for HBAR-USD (5m): resistance_level=0.184031, support_level=0.183517, latest_close=0.185040, is_rectangle_bullish=True
2025-05-28 13:17:32,410 - DEBUG - Bearish Rectangle check for HBAR-USD (5m): resistance_level=0.184031, support_level=0.183517, latest_close=0.185040, is_rectangle_bearish=False
2025-05-28 13:17:32,411 - DEBUG - Bullish Flag check for HBAR-USD (5m): Insufficient flagpole gain (0.004)
2025-05-28 13:17:32,412 - DEBUG - Bearish Flag check for HBAR-USD (5m): Insufficient flagpole loss (0.001)
2025-05-28 13:17:32,412 - DEBUG - Bullish Pennant check for HBAR-USD (5m): Insufficient flagpole gain (0.004)
2025-05-28 13:17:32,414 - DEBUG - Ascending Triangle check for HBAR-USD (5m): resistance_level=0.184031, low_slope=0.000140, latest_close=0.185040, is_triangle_ascending=True
2025-05-28 13:17:32,415 - DEBUG - Descending Triangle check for HBAR-USD (5m): Non-declining resistance (high_slope=0.000080)
2025-05-28 13:17:32,417 - DEBUG - Symmetrical Triangle check for HBAR-USD (5m): Non-converging trendlines (high_slope=0.000080, low_slope=0.000140)
2025-05-28 13:17:32,417 - DEBUG - Chart patterns for HBAR-USD (5m): {'double_top': False, 'double_bottom': False, 'head_and_shoulders': False, 'inverse_head_and_shoulders': False, 'rising_wedge': False, 'falling_wedge': False, 'rectangle_bullish': True, 'rectangle_bearish': False, 'flag_bullish': False, 'flag_bearish': False, 'pennant_bullish': False, 'triangle_ascending': True, 'triangle_descending': False, 'triangle_symmetrical': False}
2025-05-28 13:17:32,418 - DEBUG - Double Top check for HBAR-USD (15m): Peaks too close (indices 58, 59)
2025-05-28 13:17:32,419 - DEBUG - Double Bottom check for HBAR-USD (15m): Troughs too close (indices 58, 59)
2025-05-28 13:17:32,420 - DEBUG - Head and Shoulders check for HBAR-USD (15m): Invalid shoulders (left=0.187840, right=0.188550, head=0.188550)
2025-05-28 13:17:32,421 - DEBUG - Inverse Head and Shoulders check for HBAR-USD (15m): Troughs too close (indices 49, 50, 51)
2025-05-28 13:17:32,423 - DEBUG - Rising Wedge check for HBAR-USD (15m): Non-converging or non-upward trendlines (high_slope=0.001020, low_slope=0.000480)
2025-05-28 13:17:32,424 - DEBUG - Falling Wedge check for HBAR-USD (15m): Non-converging or non-downward trendlines (high_slope=0.001030, low_slope=0.000780)
2025-05-28 13:17:32,425 - DEBUG - Bullish Rectangle check for HBAR-USD (15m): resistance_level=0.185403, support_level=0.183908, latest_close=0.185040, is_rectangle_bullish=False
2025-05-28 13:17:32,426 - DEBUG - Bearish Rectangle check for HBAR-USD (15m): resistance_level=0.185403, support_level=0.183908, latest_close=0.185040, is_rectangle_bearish=False
2025-05-28 13:17:32,427 - DEBUG - Bullish Flag check for HBAR-USD (15m): Insufficient flagpole gain (0.000)
2025-05-28 13:17:32,428 - DEBUG - Bearish Flag check for HBAR-USD (15m): Insufficient flagpole loss (0.011)
2025-05-28 13:17:32,428 - DEBUG - Bullish Pennant check for HBAR-USD (15m): Insufficient flagpole gain (0.000)
2025-05-28 13:17:32,430 - DEBUG - Ascending Triangle check for HBAR-USD (15m): resistance_level=0.185403, low_slope=0.000480, latest_close=0.185040, is_triangle_ascending=False
2025-05-28 13:17:32,431 - DEBUG - Descending Triangle check for HBAR-USD (15m): Non-declining resistance (high_slope=0.001030)
2025-05-28 13:17:32,433 - DEBUG - Symmetrical Triangle check for HBAR-USD (15m): Non-converging trendlines (high_slope=0.001030, low_slope=0.000480)
2025-05-28 13:17:32,433 - DEBUG - Chart patterns for HBAR-USD (15m): {'double_top': False, 'double_bottom': False, 'head_and_shoulders': False, 'inverse_head_and_shoulders': False, 'rising_wedge': False, 'falling_wedge': False, 'rectangle_bullish': False, 'rectangle_bearish': False, 'flag_bullish': False, 'flag_bearish': False, 'pennant_bullish': False, 'triangle_ascending': False, 'triangle_descending': False, 'triangle_symmetrical': False}
2025-05-28 13:17:32,434 - DEBUG - Double Top check for HBAR-USD (1h): Peaks too close (indices 58, 59)
2025-05-28 13:17:32,435 - DEBUG - Double Bottom check for HBAR-USD (1h): Troughs too close (indices 58, 59)
2025-05-28 13:17:32,436 - DEBUG - Head and Shoulders check for HBAR-USD (1h): No peaks before or after head (idx=35)
2025-05-28 13:17:32,437 - DEBUG - Inverse Head and Shoulders check for HBAR-USD (1h): Troughs too close (indices 56, 57, 58)
2025-05-28 13:17:32,439 - DEBUG - Rising Wedge check for HBAR-USD (1h): high_slope=0.001020, low_slope=0.001470, lower_trendline=0.210640, latest_close=0.185040, is_rising_wedge=True
2025-05-28 13:17:32,440 - DEBUG - Falling Wedge check for HBAR-USD (1h): high_slope=-0.001660, low_slope=-0.001270, upper_trendline=0.154110, latest_close=0.185040, is_falling_wedge=True
2025-05-28 13:17:32,441 - DEBUG - Bullish Rectangle check for HBAR-USD (1h): resistance_level=0.187023, support_level=0.185142, latest_close=0.185040, is_rectangle_bullish=False
2025-05-28 13:17:32,443 - DEBUG - Bearish Rectangle check for HBAR-USD (1h): resistance_level=0.187023, support_level=0.185142, latest_close=0.185040, is_rectangle_bearish=True
2025-05-28 13:17:32,443 - DEBUG - Bullish Flag check for HBAR-USD (1h): Insufficient flagpole gain (0.001)
2025-05-28 13:17:32,444 - DEBUG - Bearish Flag check for HBAR-USD (1h): Insufficient flagpole loss (0.010)
2025-05-28 13:17:32,445 - DEBUG - Bullish Pennant check for HBAR-USD (1h): Insufficient flagpole gain (0.001)
2025-05-28 13:17:32,446 - DEBUG - Ascending Triangle check for HBAR-USD (1h): resistance_level=0.187023, low_slope=0.001470, latest_close=0.185040, is_triangle_ascending=False
2025-05-28 13:17:32,448 - DEBUG - Descending Triangle check for HBAR-USD (1h): support_level=0.185142, high_slope=-0.001660, latest_close=0.185040, is_triangle_descending=True
2025-05-28 13:17:32,450 - DEBUG - Symmetrical Triangle check for HBAR-USD (1h): high_slope=-0.001660, low_slope=0.001470, upper_trendline=0.154110, lower_trendline=0.210640, latest_close=0.185040, is_triangle_symmetrical=True
2025-05-28 13:17:32,450 - DEBUG - Chart patterns for HBAR-USD (1h): {'double_top': False, 'double_bottom': False, 'head_and_shoulders': False, 'inverse_head_and_shoulders': False, 'rising_wedge': True, 'falling_wedge': True, 'rectangle_bullish': False, 'rectangle_bearish': True, 'flag_bullish': False, 'flag_bearish': False, 'pennant_bullish': False, 'triangle_ascending': False, 'triangle_descending': True, 'triangle_symmetrical': True}
2025-05-28 13:17:32,451 - ERROR - Error checking Double Top for HBAR-USD (6h): attempt to get argmin of an empty sequence
2025-05-28 13:17:32,452 - DEBUG - Double Bottom check for HBAR-USD (6h): Troughs too close (indices 58, 59)
2025-05-28 13:17:32,453 - DEBUG - Head and Shoulders check for HBAR-USD (6h): Peaks too close (indices 36, 37, 38)
2025-05-28 13:17:32,453 - DEBUG - Inverse Head and Shoulders check for HBAR-USD (6h): Troughs too close (indices 46, 47, 59)
2025-05-28 13:17:32,455 - DEBUG - Rising Wedge check for HBAR-USD (6h): Non-converging or non-upward trendlines (high_slope=-0.003500, low_slope=0.002490)
2025-05-28 13:17:32,457 - DEBUG - Falling Wedge check for HBAR-USD (6h): Non-converging or non-downward trendlines (high_slope=-0.001200, low_slope=-0.002020)
2025-05-28 13:17:32,458 - DEBUG - Bullish Rectangle check for HBAR-USD (6h): resistance_level=0.196520, support_level=0.183455, latest_close=0.185040, is_rectangle_bullish=False
2025-05-28 13:17:32,459 - DEBUG - Bearish Rectangle check for HBAR-USD (6h): resistance_level=0.196520, support_level=0.183455, latest_close=0.185040, is_rectangle_bearish=False
2025-05-28 13:17:32,460 - DEBUG - Bullish Flag check for HBAR-USD (6h): Insufficient flagpole gain (0.000)
2025-05-28 13:17:32,461 - DEBUG - Bearish Flag check for HBAR-USD (6h): Insufficient flagpole loss (0.032)
2025-05-28 13:17:32,461 - DEBUG - Bullish Pennant check for HBAR-USD (6h): Insufficient flagpole gain (0.000)
2025-05-28 13:17:32,463 - DEBUG - Ascending Triangle check for HBAR-USD (6h): resistance_level=0.196520, low_slope=0.002490, latest_close=0.185040, is_triangle_ascending=False
2025-05-28 13:17:32,464 - DEBUG - Descending Triangle check for HBAR-USD (6h): support_level=0.183455, high_slope=-0.001200, latest_close=0.185040, is_triangle_descending=False
2025-05-28 13:17:32,466 - DEBUG - Symmetrical Triangle check for HBAR-USD (6h): high_slope=-0.001200, low_slope=0.002490, upper_trendline=0.165690, lower_trendline=0.231720, latest_close=0.185040, is_triangle_symmetrical=True
2025-05-28 13:17:32,466 - DEBUG - Chart patterns for HBAR-USD (6h): {'double_top': False, 'double_bottom': False, 'head_and_shoulders': False, 'inverse_head_and_shoulders': False, 'rising_wedge': False, 'falling_wedge': False, 'rectangle_bullish': False, 'rectangle_bearish': False, 'flag_bullish': False, 'flag_bearish': False, 'pennant_bullish': False, 'triangle_ascending': False, 'triangle_descending': False, 'triangle_symmetrical': True}
2025-05-28 13:17:32,467 - DEBUG - Double Top check for HBAR-USD (1d): Insufficient peaks within 3% of max high 0.216850
2025-05-28 13:17:32,468 - DEBUG - Double Bottom check for HBAR-USD (1d): Troughs too close (indices 58, 59)
2025-05-28 13:17:32,469 - DEBUG - Head and Shoulders check for HBAR-USD (1d): Insufficient peaks within 3% of max high 0.230000
2025-05-28 13:17:32,469 - DEBUG - Inverse Head and Shoulders check for HBAR-USD (1d): Troughs too close (indices 36, 37, 38)
2025-05-28 13:17:32,471 - DEBUG - Rising Wedge check for HBAR-USD (1d): Non-converging or non-upward trendlines (high_slope=-0.016020, low_slope=-0.013030)
2025-05-28 13:17:32,473 - DEBUG - Falling Wedge check for HBAR-USD (1d): high_slope=-0.003500, low_slope=-0.000430, upper_trendline=0.125550, latest_close=0.185040, is_falling_wedge=True
2025-05-28 13:17:32,474 - DEBUG - Bullish Rectangle check for HBAR-USD (1d): Insufficient resistance touches (1) or support touches (5)
2025-05-28 13:17:32,475 - DEBUG - Bearish Rectangle check for HBAR-USD (1d): Insufficient resistance touches (1) or support touches (5)
2025-05-28 13:17:32,476 - DEBUG - Bullish Flag check for HBAR-USD (1d): Insufficient flagpole gain (0.000)
2025-05-28 13:17:32,478 - DEBUG - Bearish Flag check for HBAR-USD (1d): Non-parallel or non-upward channel (high_slope=-0.016020, low_slope=-0.013030)
2025-05-28 13:17:32,478 - DEBUG - Bullish Pennant check for HBAR-USD (1d): Insufficient flagpole gain (0.000)
2025-05-28 13:17:32,479 - DEBUG - Ascending Triangle check for HBAR-USD (1d): Insufficient resistance touches (1)
2025-05-28 13:17:32,481 - DEBUG - Descending Triangle check for HBAR-USD (1d): support_level=0.182676, high_slope=-0.003500, latest_close=0.185040, is_triangle_descending=False
2025-05-28 13:17:32,482 - DEBUG - Symmetrical Triangle check for HBAR-USD (1d): Non-converging trendlines (high_slope=-0.003500, low_slope=-0.013030)
2025-05-28 13:17:32,483 - DEBUG - Chart patterns for HBAR-USD (1d): {'double_top': False, 'double_bottom': False, 'head_and_shoulders': False, 'inverse_head_and_shoulders': False, 'rising_wedge': False, 'falling_wedge': True, 'rectangle_bullish': False, 'rectangle_bearish': False, 'flag_bullish': False, 'flag_bearish': False, 'pennant_bullish': False, 'triangle_ascending': False, 'triangle_descending': False, 'triangle_symmetrical': False}
2025-05-28 13:17:32,483 - DEBUG - All chart patterns for HBAR-USD: {'1m': {'double_top': False, 'double_bottom': False, 'head_and_shoulders': False, 'inverse_head_and_shoulders': False, 'rising_wedge': True, 'falling_wedge': True, 'rectangle_bullish': True, 'rectangle_bearish': False, 'flag_bullish': False, 'flag_bearish': False, 'pennant_bullish': False, 'triangle_ascending': True, 'triangle_descending': False, 'triangle_symmetrical': True}, '5m': {'double_top': False, 'double_bottom': False, 'head_and_shoulders': False, 'inverse_head_and_shoulders': False, 'rising_wedge': False, 'falling_wedge': False, 'rectangle_bullish': True, 'rectangle_bearish': False, 'flag_bullish': False, 'flag_bearish': False, 'pennant_bullish': False, 'triangle_ascending': True, 'triangle_descending': False, 'triangle_symmetrical': False}, '15m': {'double_top': False, 'double_bottom': False, 'head_and_shoulders': False, 'inverse_head_and_shoulders': False, 'rising_wedge': False, 'falling_wedge': False, 'rectangle_bullish': False, 'rectangle_bearish': False, 'flag_bullish': False, 'flag_bearish': False, 'pennant_bullish': False, 'triangle_ascending': False, 'triangle_descending': False, 'triangle_symmetrical': False}, '1h': {'double_top': False, 'double_bottom': False, 'head_and_shoulders': False, 'inverse_head_and_shoulders': False, 'rising_wedge': True, 'falling_wedge': True, 'rectangle_bullish': False, 'rectangle_bearish': True, 'flag_bullish': False, 'flag_bearish': False, 'pennant_bullish': False, 'triangle_ascending': False, 'triangle_descending': True, 'triangle_symmetrical': True}, '6h': {'double_top': False, 'double_bottom': False, 'head_and_shoulders': False, 'inverse_head_and_shoulders': False, 'rising_wedge': False, 'falling_wedge': False, 'rectangle_bullish': False, 'rectangle_bearish': False, 'flag_bullish': False, 'flag_bearish': False, 'pennant_bullish': False, 'triangle_ascending': False, 'triangle_descending': False, 'triangle_symmetrical': True}, '1d': {'double_top': False, 'double_bottom': False, 'head_and_shoulders': False, 'inverse_head_and_shoulders': False, 'rising_wedge': False, 'falling_wedge': True, 'rectangle_bullish': False, 'rectangle_bearish': False, 'flag_bullish': False, 'flag_bearish': False, 'pennant_bullish': False, 'triangle_ascending': False, 'triangle_descending': False, 'triangle_symmetrical': False}}
2025-05-28 13:17:32,602 - DEBUG - Calculating chart patterns for HBAR-USD
2025-05-28 13:17:32,603 - DEBUG - Double Top check for HBAR-USD (1m): Peaks too close (indices 68, 69)
2025-05-28 13:17:32,603 - DEBUG - Double Bottom check for HBAR-USD (1m): Troughs too close (indices 68, 69)
2025-05-28 13:17:32,604 - DEBUG - Head and Shoulders check for HBAR-USD (1m): Peaks too close (indices 63, 64, 65)
2025-05-28 13:17:32,605 - DEBUG - Inverse Head and Shoulders check for HBAR-USD (1m): No troughs before or after head (idx=35)
2025-05-28 13:17:32,607 - DEBUG - Rising Wedge check for HBAR-USD (1m): high_slope=0.000010, low_slope=0.000130, lower_trendline=0.187360, latest_close=0.185040, is_rising_wedge=True
2025-05-28 13:17:32,609 - DEBUG - Falling Wedge check for HBAR-USD (1m): high_slope=-0.000270, low_slope=-0.000060, upper_trendline=0.179970, latest_close=0.185040, is_falling_wedge=True
2025-05-28 13:17:32,610 - DEBUG - Bullish Rectangle check for HBAR-USD (1m): resistance_level=0.184827, support_level=0.184601, latest_close=0.185040, is_rectangle_bullish=True
2025-05-28 13:17:32,611 - DEBUG - Bearish Rectangle check for HBAR-USD (1m): resistance_level=0.184827, support_level=0.184601, latest_close=0.185040, is_rectangle_bearish=False
2025-05-28 13:17:32,612 - DEBUG - Bullish Flag check for HBAR-USD (1m): Insufficient flagpole gain (0.000)
2025-05-28 13:17:32,612 - DEBUG - Bearish Flag check for HBAR-USD (1m): Insufficient flagpole loss (0.001)
2025-05-28 13:17:32,613 - DEBUG - Bullish Pennant check for HBAR-USD (1m): Insufficient flagpole gain (0.000)
2025-05-28 13:17:32,614 - DEBUG - Ascending Triangle check for HBAR-USD (1m): resistance_level=0.184827, low_slope=0.000130, latest_close=0.185040, is_triangle_ascending=True
2025-05-28 13:17:32,616 - DEBUG - Descending Triangle check for HBAR-USD (1m): support_level=0.184601, high_slope=-0.000270, latest_close=0.185040, is_triangle_descending=False
2025-05-28 13:17:32,618 - DEBUG - Symmetrical Triangle check for HBAR-USD (1m): high_slope=-0.000270, low_slope=0.000130, upper_trendline=0.179970, lower_trendline=0.187360, latest_close=0.185040, is_triangle_symmetrical=True
2025-05-28 13:17:32,618 - DEBUG - Chart patterns for HBAR-USD (1m): {'double_top': False, 'double_bottom': False, 'head_and_shoulders': False, 'inverse_head_and_shoulders': False, 'rising_wedge': True, 'falling_wedge': True, 'rectangle_bullish': True, 'rectangle_bearish': False, 'flag_bullish': False, 'flag_bearish': False, 'pennant_bullish': False, 'triangle_ascending': True, 'triangle_descending': False, 'triangle_symmetrical': True}
2025-05-28 13:17:32,619 - DEBUG - Double Top check for HBAR-USD (5m): Peaks too close (indices 58, 59)
2025-05-28 13:17:32,619 - DEBUG - Double Bottom check for HBAR-USD (5m): Troughs too close (indices 58, 59)
2025-05-28 13:17:32,620 - DEBUG - Head and Shoulders check for HBAR-USD (5m): Peaks too close (indices 56, 58, 59)
2025-05-28 13:17:32,621 - DEBUG - Inverse Head and Shoulders check for HBAR-USD (5m): No troughs before or after head (idx=35)
2025-05-28 13:17:32,623 - DEBUG - Rising Wedge check for HBAR-USD (5m): Non-converging or non-upward trendlines (high_slope=0.000230, low_slope=0.000140)
2025-05-28 13:17:32,625 - DEBUG - Falling Wedge check for HBAR-USD (5m): Non-converging or non-downward trendlines (high_slope=0.000080, low_slope=-0.000030)
2025-05-28 13:17:32,626 - DEBUG - Bullish Rectangle check for HBAR-USD (5m): resistance_level=0.184031, support_level=0.183517, latest_close=0.185040, is_rectangle_bullish=True
2025-05-28 13:17:32,627 - DEBUG - Bearish Rectangle check for HBAR-USD (5m): resistance_level=0.184031, support_level=0.183517, latest_close=0.185040, is_rectangle_bearish=False
2025-05-28 13:17:32,628 - DEBUG - Bullish Flag check for HBAR-USD (5m): Insufficient flagpole gain (0.004)
2025-05-28 13:17:32,628 - DEBUG - Bearish Flag check for HBAR-USD (5m): Insufficient flagpole loss (0.001)
2025-05-28 13:17:32,629 - DEBUG - Bullish Pennant check for HBAR-USD (5m): Insufficient flagpole gain (0.004)
2025-05-28 13:17:32,631 - DEBUG - Ascending Triangle check for HBAR-USD (5m): resistance_level=0.184031, low_slope=0.000140, latest_close=0.185040, is_triangle_ascending=True
2025-05-28 13:17:32,632 - DEBUG - Descending Triangle check for HBAR-USD (5m): Non-declining resistance (high_slope=0.000080)
2025-05-28 13:17:32,634 - DEBUG - Symmetrical Triangle check for HBAR-USD (5m): Non-converging trendlines (high_slope=0.000080, low_slope=0.000140)
2025-05-28 13:17:32,634 - DEBUG - Chart patterns for HBAR-USD (5m): {'double_top': False, 'double_bottom': False, 'head_and_shoulders': False, 'inverse_head_and_shoulders': False, 'rising_wedge': False, 'falling_wedge': False, 'rectangle_bullish': True, 'rectangle_bearish': False, 'flag_bullish': False, 'flag_bearish': False, 'pennant_bullish': False, 'triangle_ascending': True, 'triangle_descending': False, 'triangle_symmetrical': False}
2025-05-28 13:17:32,635 - DEBUG - Double Top check for HBAR-USD (15m): Peaks too close (indices 58, 59)
2025-05-28 13:17:32,635 - DEBUG - Double Bottom check for HBAR-USD (15m): Troughs too close (indices 58, 59)
2025-05-28 13:17:32,636 - DEBUG - Head and Shoulders check for HBAR-USD (15m): Invalid shoulders (left=0.187840, right=0.188550, head=0.188550)
2025-05-28 13:17:32,637 - DEBUG - Inverse Head and Shoulders check for HBAR-USD (15m): Troughs too close (indices 49, 50, 51)
2025-05-28 13:17:32,639 - DEBUG - Rising Wedge check for HBAR-USD (15m): Non-converging or non-upward trendlines (high_slope=0.001020, low_slope=0.000480)
2025-05-28 13:17:32,641 - DEBUG - Falling Wedge check for HBAR-USD (15m): Non-converging or non-downward trendlines (high_slope=0.001030, low_slope=0.000780)
2025-05-28 13:17:32,642 - DEBUG - Bullish Rectangle check for HBAR-USD (15m): resistance_level=0.185403, support_level=0.183908, latest_close=0.185040, is_rectangle_bullish=False
2025-05-28 13:17:32,643 - DEBUG - Bearish Rectangle check for HBAR-USD (15m): resistance_level=0.185403, support_level=0.183908, latest_close=0.185040, is_rectangle_bearish=False
2025-05-28 13:17:32,644 - DEBUG - Bullish Flag check for HBAR-USD (15m): Insufficient flagpole gain (0.000)
2025-05-28 13:17:32,645 - DEBUG - Bearish Flag check for HBAR-USD (15m): Insufficient flagpole loss (0.011)
2025-05-28 13:17:32,645 - DEBUG - Bullish Pennant check for HBAR-USD (15m): Insufficient flagpole gain (0.000)
2025-05-28 13:17:32,647 - DEBUG - Ascending Triangle check for HBAR-USD (15m): resistance_level=0.185403, low_slope=0.000480, latest_close=0.185040, is_triangle_ascending=False
2025-05-28 13:17:32,648 - DEBUG - Descending Triangle check for HBAR-USD (15m): Non-declining resistance (high_slope=0.001030)
2025-05-28 13:17:32,650 - DEBUG - Symmetrical Triangle check for HBAR-USD (15m): Non-converging trendlines (high_slope=0.001030, low_slope=0.000480)
2025-05-28 13:17:32,650 - DEBUG - Chart patterns for HBAR-USD (15m): {'double_top': False, 'double_bottom': False, 'head_and_shoulders': False, 'inverse_head_and_shoulders': False, 'rising_wedge': False, 'falling_wedge': False, 'rectangle_bullish': False, 'rectangle_bearish': False, 'flag_bullish': False, 'flag_bearish': False, 'pennant_bullish': False, 'triangle_ascending': False, 'triangle_descending': False, 'triangle_symmetrical': False}
2025-05-28 13:17:32,651 - DEBUG - Double Top check for HBAR-USD (1h): Peaks too close (indices 58, 59)
2025-05-28 13:17:32,652 - DEBUG - Double Bottom check for HBAR-USD (1h): Troughs too close (indices 58, 59)
2025-05-28 13:17:32,653 - DEBUG - Head and Shoulders check for HBAR-USD (1h): No peaks before or after head (idx=35)
2025-05-28 13:17:32,653 - DEBUG - Inverse Head and Shoulders check for HBAR-USD (1h): Troughs too close (indices 56, 57, 58)
2025-05-28 13:17:32,655 - DEBUG - Rising Wedge check for HBAR-USD (1h): high_slope=0.001020, low_slope=0.001470, lower_trendline=0.210640, latest_close=0.185040, is_rising_wedge=True
2025-05-28 13:17:32,657 - DEBUG - Falling Wedge check for HBAR-USD (1h): high_slope=-0.001660, low_slope=-0.001270, upper_trendline=0.154110, latest_close=0.185040, is_falling_wedge=True
2025-05-28 13:17:32,658 - DEBUG - Bullish Rectangle check for HBAR-USD (1h): resistance_level=0.187023, support_level=0.185142, latest_close=0.185040, is_rectangle_bullish=False
2025-05-28 13:17:32,659 - DEBUG - Bearish Rectangle check for HBAR-USD (1h): resistance_level=0.187023, support_level=0.185142, latest_close=0.185040, is_rectangle_bearish=True
2025-05-28 13:17:32,660 - DEBUG - Bullish Flag check for HBAR-USD (1h): Insufficient flagpole gain (0.001)
2025-05-28 13:17:32,661 - DEBUG - Bearish Flag check for HBAR-USD (1h): Insufficient flagpole loss (0.010)
2025-05-28 13:17:32,661 - DEBUG - Bullish Pennant check for HBAR-USD (1h): Insufficient flagpole gain (0.001)
2025-05-28 13:17:32,663 - DEBUG - Ascending Triangle check for HBAR-USD (1h): resistance_level=0.187023, low_slope=0.001470, latest_close=0.185040, is_triangle_ascending=False
2025-05-28 13:17:32,665 - DEBUG - Descending Triangle check for HBAR-USD (1h): support_level=0.185142, high_slope=-0.001660, latest_close=0.185040, is_triangle_descending=True
2025-05-28 13:17:32,666 - DEBUG - Symmetrical Triangle check for HBAR-USD (1h): high_slope=-0.001660, low_slope=0.001470, upper_trendline=0.154110, lower_trendline=0.210640, latest_close=0.185040, is_triangle_symmetrical=True
2025-05-28 13:17:32,667 - DEBUG - Chart patterns for HBAR-USD (1h): {'double_top': False, 'double_bottom': False, 'head_and_shoulders': False, 'inverse_head_and_shoulders': False, 'rising_wedge': True, 'falling_wedge': True, 'rectangle_bullish': False, 'rectangle_bearish': True, 'flag_bullish': False, 'flag_bearish': False, 'pennant_bullish': False, 'triangle_ascending': False, 'triangle_descending': True, 'triangle_symmetrical': True}
2025-05-28 13:17:32,667 - ERROR - Error checking Double Top for HBAR-USD (6h): attempt to get argmin of an empty sequence
2025-05-28 13:17:32,668 - DEBUG - Double Bottom check for HBAR-USD (6h): Troughs too close (indices 58, 59)
2025-05-28 13:17:32,669 - DEBUG - Head and Shoulders check for HBAR-USD (6h): Peaks too close (indices 36, 37, 38)
2025-05-28 13:17:32,670 - DEBUG - Inverse Head and Shoulders check for HBAR-USD (6h): Troughs too close (indices 46, 47, 59)
2025-05-28 13:17:32,672 - DEBUG - Rising Wedge check for HBAR-USD (6h): Non-converging or non-upward trendlines (high_slope=-0.003500, low_slope=0.002490)
2025-05-28 13:17:32,674 - DEBUG - Falling Wedge check for HBAR-USD (6h): Non-converging or non-downward trendlines (high_slope=-0.001200, low_slope=-0.002020)
2025-05-28 13:17:32,675 - DEBUG - Bullish Rectangle check for HBAR-USD (6h): resistance_level=0.196520, support_level=0.183455, latest_close=0.185040, is_rectangle_bullish=False
2025-05-28 13:17:32,676 - DEBUG - Bearish Rectangle check for HBAR-USD (6h): resistance_level=0.196520, support_level=0.183455, latest_close=0.185040, is_rectangle_bearish=False
2025-05-28 13:17:32,677 - DEBUG - Bullish Flag check for HBAR-USD (6h): Insufficient flagpole gain (0.000)
2025-05-28 13:17:32,677 - DEBUG - Bearish Flag check for HBAR-USD (6h): Insufficient flagpole loss (0.032)
2025-05-28 13:17:32,678 - DEBUG - Bullish Pennant check for HBAR-USD (6h): Insufficient flagpole gain (0.000)
2025-05-28 13:17:32,679 - DEBUG - Ascending Triangle check for HBAR-USD (6h): resistance_level=0.196520, low_slope=0.002490, latest_close=0.185040, is_triangle_ascending=False
2025-05-28 13:17:32,681 - DEBUG - Descending Triangle check for HBAR-USD (6h): support_level=0.183455, high_slope=-0.001200, latest_close=0.185040, is_triangle_descending=False
2025-05-28 13:17:32,683 - DEBUG - Symmetrical Triangle check for HBAR-USD (6h): high_slope=-0.001200, low_slope=0.002490, upper_trendline=0.165690, lower_trendline=0.231720, latest_close=0.185040, is_triangle_symmetrical=True
2025-05-28 13:17:32,683 - DEBUG - Chart patterns for HBAR-USD (6h): {'double_top': False, 'double_bottom': False, 'head_and_shoulders': False, 'inverse_head_and_shoulders': False, 'rising_wedge': False, 'falling_wedge': False, 'rectangle_bullish': False, 'rectangle_bearish': False, 'flag_bullish': False, 'flag_bearish': False, 'pennant_bullish': False, 'triangle_ascending': False, 'triangle_descending': False, 'triangle_symmetrical': True}
2025-05-28 13:17:32,684 - DEBUG - Double Top check for HBAR-USD (1d): Insufficient peaks within 3% of max high 0.216850
2025-05-28 13:17:32,684 - DEBUG - Double Bottom check for HBAR-USD (1d): Troughs too close (indices 58, 59)
2025-05-28 13:17:32,685 - DEBUG - Head and Shoulders check for HBAR-USD (1d): Insufficient peaks within 3% of max high 0.230000
2025-05-28 13:17:32,686 - DEBUG - Inverse Head and Shoulders check for HBAR-USD (1d): Troughs too close (indices 36, 37, 38)
2025-05-28 13:17:32,688 - DEBUG - Rising Wedge check for HBAR-USD (1d): Non-converging or non-upward trendlines (high_slope=-0.016020, low_slope=-0.013030)
2025-05-28 13:17:32,690 - DEBUG - Falling Wedge check for HBAR-USD (1d): high_slope=-0.003500, low_slope=-0.000430, upper_trendline=0.125550, latest_close=0.185040, is_falling_wedge=True
2025-05-28 13:17:32,691 - DEBUG - Bullish Rectangle check for HBAR-USD (1d): Insufficient resistance touches (1) or support touches (5)
2025-05-28 13:17:32,692 - DEBUG - Bearish Rectangle check for HBAR-USD (1d): Insufficient resistance touches (1) or support touches (5)
2025-05-28 13:17:32,692 - DEBUG - Bullish Flag check for HBAR-USD (1d): Insufficient flagpole gain (0.000)
2025-05-28 13:17:32,694 - DEBUG - Bearish Flag check for HBAR-USD (1d): Non-parallel or non-upward channel (high_slope=-0.016020, low_slope=-0.013030)
2025-05-28 13:17:32,695 - DEBUG - Bullish Pennant check for HBAR-USD (1d): Insufficient flagpole gain (0.000)
2025-05-28 13:17:32,696 - DEBUG - Ascending Triangle check for HBAR-USD (1d): Insufficient resistance touches (1)
2025-05-28 13:17:32,697 - DEBUG - Descending Triangle check for HBAR-USD (1d): support_level=0.182676, high_slope=-0.003500, latest_close=0.185040, is_triangle_descending=False
2025-05-28 13:17:32,699 - DEBUG - Symmetrical Triangle check for HBAR-USD (1d): Non-converging trendlines (high_slope=-0.003500, low_slope=-0.013030)
2025-05-28 13:17:32,699 - DEBUG - Chart patterns for HBAR-USD (1d): {'double_top': False, 'double_bottom': False, 'head_and_shoulders': False, 'inverse_head_and_shoulders': False, 'rising_wedge': False, 'falling_wedge': True, 'rectangle_bullish': False, 'rectangle_bearish': False, 'flag_bullish': False, 'flag_bearish': False, 'pennant_bullish': False, 'triangle_ascending': False, 'triangle_descending': False, 'triangle_symmetrical': False}
2025-05-28 13:17:32,699 - DEBUG - All chart patterns for HBAR-USD: {'1m': {'double_top': False, 'double_bottom': False, 'head_and_shoulders': False, 'inverse_head_and_shoulders': False, 'rising_wedge': True, 'falling_wedge': True, 'rectangle_bullish': True, 'rectangle_bearish': False, 'flag_bullish': False, 'flag_bearish': False, 'pennant_bullish': False, 'triangle_ascending': True, 'triangle_descending': False, 'triangle_symmetrical': True}, '5m': {'double_top': False, 'double_bottom': False, 'head_and_shoulders': False, 'inverse_head_and_shoulders': False, 'rising_wedge': False, 'falling_wedge': False, 'rectangle_bullish': True, 'rectangle_bearish': False, 'flag_bullish': False, 'flag_bearish': False, 'pennant_bullish': False, 'triangle_ascending': True, 'triangle_descending': False, 'triangle_symmetrical': False}, '15m': {'double_top': False, 'double_bottom': False, 'head_and_shoulders': False, 'inverse_head_and_shoulders': False, 'rising_wedge': False, 'falling_wedge': False, 'rectangle_bullish': False, 'rectangle_bearish': False, 'flag_bullish': False, 'flag_bearish': False, 'pennant_bullish': False, 'triangle_ascending': False, 'triangle_descending': False, 'triangle_symmetrical': False}, '1h': {'double_top': False, 'double_bottom': False, 'head_and_shoulders': False, 'inverse_head_and_shoulders': False, 'rising_wedge': True, 'falling_wedge': True, 'rectangle_bullish': False, 'rectangle_bearish': True, 'flag_bullish': False, 'flag_bearish': False, 'pennant_bullish': False, 'triangle_ascending': False, 'triangle_descending': True, 'triangle_symmetrical': True}, '6h': {'double_top': False, 'double_bottom': False, 'head_and_shoulders': False, 'inverse_head_and_shoulders': False, 'rising_wedge': False, 'falling_wedge': False, 'rectangle_bullish': False, 'rectangle_bearish': False, 'flag_bullish': False, 'flag_bearish': False, 'pennant_bullish': False, 'triangle_ascending': False, 'triangle_descending': False, 'triangle_symmetrical': True}, '1d': {'double_top': False, 'double_bottom': False, 'head_and_shoulders': False, 'inverse_head_and_shoulders': False, 'rising_wedge': False, 'falling_wedge': True, 'rectangle_bullish': False, 'rectangle_bearish': False, 'flag_bullish': False, 'flag_bearish': False, 'pennant_bullish': False, 'triangle_ascending': False, 'triangle_descending': False, 'triangle_symmetrical': False}}
2025-05-28 13:18:32,960 - DEBUG - Calculating chart patterns for HBAR-USD
2025-05-28 13:18:32,961 - DEBUG - Double Top check for HBAR-USD (1m): Peaks too close (indices 68, 69)
2025-05-28 13:18:32,962 - DEBUG - Double Bottom check for HBAR-USD (1m): Troughs too close (indices 68, 69)
2025-05-28 13:18:32,963 - DEBUG - Head and Shoulders check for HBAR-USD (1m): Peaks too close (indices 63, 64, 65)
2025-05-28 13:18:32,963 - DEBUG - Inverse Head and Shoulders check for HBAR-USD (1m): No troughs before or after head (idx=35)
2025-05-28 13:18:32,965 - DEBUG - Rising Wedge check for HBAR-USD (1m): high_slope=0.000010, low_slope=0.000130, lower_trendline=0.187360, latest_close=0.185040, is_rising_wedge=True
2025-05-28 13:18:32,967 - DEBUG - Falling Wedge check for HBAR-USD (1m): high_slope=-0.000270, low_slope=-0.000060, upper_trendline=0.179970, latest_close=0.185040, is_falling_wedge=True
2025-05-28 13:18:32,968 - DEBUG - Bullish Rectangle check for HBAR-USD (1m): resistance_level=0.184827, support_level=0.184601, latest_close=0.185040, is_rectangle_bullish=True
2025-05-28 13:18:32,969 - DEBUG - Bearish Rectangle check for HBAR-USD (1m): resistance_level=0.184827, support_level=0.184601, latest_close=0.185040, is_rectangle_bearish=False
2025-05-28 13:18:32,970 - DEBUG - Bullish Flag check for HBAR-USD (1m): Insufficient flagpole gain (0.000)
2025-05-28 13:18:32,971 - DEBUG - Bearish Flag check for HBAR-USD (1m): Insufficient flagpole loss (0.001)
2025-05-28 13:18:32,971 - DEBUG - Bullish Pennant check for HBAR-USD (1m): Insufficient flagpole gain (0.000)
2025-05-28 13:18:32,973 - DEBUG - Ascending Triangle check for HBAR-USD (1m): resistance_level=0.184827, low_slope=0.000130, latest_close=0.185040, is_triangle_ascending=True
2025-05-28 13:18:32,974 - DEBUG - Descending Triangle check for HBAR-USD (1m): support_level=0.184601, high_slope=-0.000270, latest_close=0.185040, is_triangle_descending=False
2025-05-28 13:18:32,976 - DEBUG - Symmetrical Triangle check for HBAR-USD (1m): high_slope=-0.000270, low_slope=0.000130, upper_trendline=0.179970, lower_trendline=0.187360, latest_close=0.185040, is_triangle_symmetrical=True
2025-05-28 13:18:32,976 - DEBUG - Chart patterns for HBAR-USD (1m): {'double_top': False, 'double_bottom': False, 'head_and_shoulders': False, 'inverse_head_and_shoulders': False, 'rising_wedge': True, 'falling_wedge': True, 'rectangle_bullish': True, 'rectangle_bearish': False, 'flag_bullish': False, 'flag_bearish': False, 'pennant_bullish': False, 'triangle_ascending': True, 'triangle_descending': False, 'triangle_symmetrical': True}
2025-05-28 13:18:32,977 - DEBUG - Double Top check for HBAR-USD (5m): Peaks too close (indices 68, 69)
2025-05-28 13:18:32,977 - DEBUG - Double Bottom check for HBAR-USD (5m): Troughs too close (indices 68, 69)
2025-05-28 13:18:32,978 - DEBUG - Head and Shoulders check for HBAR-USD (5m): Peaks too close (indices 66, 68, 69)
2025-05-28 13:18:32,979 - DEBUG - Inverse Head and Shoulders check for HBAR-USD (5m): No troughs before or after head (idx=35)
2025-05-28 13:18:32,981 - DEBUG - Rising Wedge check for HBAR-USD (5m): Non-converging or non-upward trendlines (high_slope=0.000230, low_slope=0.000140)
2025-05-28 13:18:32,983 - DEBUG - Falling Wedge check for HBAR-USD (5m): Non-converging or non-downward trendlines (high_slope=0.000140, low_slope=-0.000030)
2025-05-28 13:18:32,984 - DEBUG - Bullish Rectangle check for HBAR-USD (5m): resistance_level=0.184034, support_level=0.183517, latest_close=0.185070, is_rectangle_bullish=True
2025-05-28 13:18:32,985 - DEBUG - Bearish Rectangle check for HBAR-USD (5m): resistance_level=0.184034, support_level=0.183517, latest_close=0.185070, is_rectangle_bearish=False
2025-05-28 13:18:32,986 - DEBUG - Bullish Flag check for HBAR-USD (5m): Insufficient flagpole gain (0.004)
2025-05-28 13:18:32,986 - DEBUG - Bearish Flag check for HBAR-USD (5m): Insufficient flagpole loss (0.001)
2025-05-28 13:18:32,987 - DEBUG - Bullish Pennant check for HBAR-USD (5m): Insufficient flagpole gain (0.004)
2025-05-28 13:18:32,988 - DEBUG - Ascending Triangle check for HBAR-USD (5m): resistance_level=0.184034, low_slope=0.000140, latest_close=0.185070, is_triangle_ascending=True
2025-05-28 13:18:32,990 - DEBUG - Descending Triangle check for HBAR-USD (5m): Non-declining resistance (high_slope=0.000140)
2025-05-28 13:18:32,992 - DEBUG - Symmetrical Triangle check for HBAR-USD (5m): Non-converging trendlines (high_slope=0.000140, low_slope=0.000140)
2025-05-28 13:18:32,992 - DEBUG - Chart patterns for HBAR-USD (5m): {'double_top': False, 'double_bottom': False, 'head_and_shoulders': False, 'inverse_head_and_shoulders': False, 'rising_wedge': False, 'falling_wedge': False, 'rectangle_bullish': True, 'rectangle_bearish': False, 'flag_bullish': False, 'flag_bearish': False, 'pennant_bullish': False, 'triangle_ascending': True, 'triangle_descending': False, 'triangle_symmetrical': False}
2025-05-28 13:18:32,992 - DEBUG - Double Top check for HBAR-USD (15m): Peaks too close (indices 68, 69)
2025-05-28 13:18:32,993 - DEBUG - Double Bottom check for HBAR-USD (15m): Troughs too close (indices 68, 69)
2025-05-28 13:18:32,994 - DEBUG - Head and Shoulders check for HBAR-USD (15m): Invalid shoulders (left=0.187840, right=0.188550, head=0.188550)
2025-05-28 13:18:32,995 - DEBUG - Inverse Head and Shoulders check for HBAR-USD (15m): Troughs too close (indices 49, 60, 61)
2025-05-28 13:18:32,997 - DEBUG - Rising Wedge check for HBAR-USD (15m): Non-converging or non-upward trendlines (high_slope=0.001020, low_slope=0.000480)
2025-05-28 13:18:32,998 - DEBUG - Falling Wedge check for HBAR-USD (15m): Non-converging or non-downward trendlines (high_slope=0.001090, low_slope=0.000780)
2025-05-28 13:18:33,000 - DEBUG - Bullish Rectangle check for HBAR-USD (15m): resistance_level=0.185406, support_level=0.183908, latest_close=0.185070, is_rectangle_bullish=False
2025-05-28 13:18:33,001 - DEBUG - Bearish Rectangle check for HBAR-USD (15m): resistance_level=0.185406, support_level=0.183908, latest_close=0.185070, is_rectangle_bearish=False
2025-05-28 13:18:33,001 - DEBUG - Bullish Flag check for HBAR-USD (15m): Insufficient flagpole gain (0.000)
2025-05-28 13:18:33,002 - DEBUG - Bearish Flag check for HBAR-USD (15m): Insufficient flagpole loss (0.011)
2025-05-28 13:18:33,003 - DEBUG - Bullish Pennant check for HBAR-USD (15m): Insufficient flagpole gain (0.000)
2025-05-28 13:18:33,004 - DEBUG - Ascending Triangle check for HBAR-USD (15m): resistance_level=0.185406, low_slope=0.000480, latest_close=0.185070, is_triangle_ascending=False
2025-05-28 13:18:33,006 - DEBUG - Descending Triangle check for HBAR-USD (15m): Non-declining resistance (high_slope=0.001090)
2025-05-28 13:18:33,007 - DEBUG - Symmetrical Triangle check for HBAR-USD (15m): Non-converging trendlines (high_slope=0.001090, low_slope=0.000480)
2025-05-28 13:18:33,008 - DEBUG - Chart patterns for HBAR-USD (15m): {'double_top': False, 'double_bottom': False, 'head_and_shoulders': False, 'inverse_head_and_shoulders': False, 'rising_wedge': False, 'falling_wedge': False, 'rectangle_bullish': False, 'rectangle_bearish': False, 'flag_bullish': False, 'flag_bearish': False, 'pennant_bullish': False, 'triangle_ascending': False, 'triangle_descending': False, 'triangle_symmetrical': False}
2025-05-28 13:18:33,008 - DEBUG - Double Top check for HBAR-USD (1h): Peaks too close (indices 68, 69)
2025-05-28 13:18:33,009 - DEBUG - Double Bottom check for HBAR-USD (1h): Troughs too close (indices 68, 69)
2025-05-28 13:18:33,010 - DEBUG - Head and Shoulders check for HBAR-USD (1h): No peaks before or after head (idx=35)
2025-05-28 13:18:33,011 - DEBUG - Inverse Head and Shoulders check for HBAR-USD (1h): Troughs too close (indices 66, 67, 68)
2025-05-28 13:18:33,013 - DEBUG - Rising Wedge check for HBAR-USD (1h): high_slope=0.001020, low_slope=0.001470, lower_trendline=0.210640, latest_close=0.185070, is_rising_wedge=True
2025-05-28 13:18:33,015 - DEBUG - Falling Wedge check for HBAR-USD (1h): high_slope=-0.001660, low_slope=-0.001270, upper_trendline=0.154110, latest_close=0.185070, is_falling_wedge=True
2025-05-28 13:18:33,016 - DEBUG - Bullish Rectangle check for HBAR-USD (1h): resistance_level=0.187023, support_level=0.185142, latest_close=0.185070, is_rectangle_bullish=False
2025-05-28 13:18:33,017 - DEBUG - Bearish Rectangle check for HBAR-USD (1h): resistance_level=0.187023, support_level=0.185142, latest_close=0.185070, is_rectangle_bearish=True
2025-05-28 13:18:33,018 - DEBUG - Bullish Flag check for HBAR-USD (1h): Insufficient flagpole gain (0.001)
2025-05-28 13:18:33,018 - DEBUG - Bearish Flag check for HBAR-USD (1h): Insufficient flagpole loss (0.010)
2025-05-28 13:18:33,019 - DEBUG - Bullish Pennant check for HBAR-USD (1h): Insufficient flagpole gain (0.001)
2025-05-28 13:18:33,020 - DEBUG - Ascending Triangle check for HBAR-USD (1h): resistance_level=0.187023, low_slope=0.001470, latest_close=0.185070, is_triangle_ascending=False
2025-05-28 13:18:33,022 - DEBUG - Descending Triangle check for HBAR-USD (1h): support_level=0.185142, high_slope=-0.001660, latest_close=0.185070, is_triangle_descending=True
2025-05-28 13:18:33,024 - DEBUG - Symmetrical Triangle check for HBAR-USD (1h): high_slope=-0.001660, low_slope=0.001470, upper_trendline=0.154110, lower_trendline=0.210640, latest_close=0.185070, is_triangle_symmetrical=True
2025-05-28 13:18:33,024 - DEBUG - Chart patterns for HBAR-USD (1h): {'double_top': False, 'double_bottom': False, 'head_and_shoulders': False, 'inverse_head_and_shoulders': False, 'rising_wedge': True, 'falling_wedge': True, 'rectangle_bullish': False, 'rectangle_bearish': True, 'flag_bullish': False, 'flag_bearish': False, 'pennant_bullish': False, 'triangle_ascending': False, 'triangle_descending': True, 'triangle_symmetrical': True}
2025-05-28 13:18:33,025 - ERROR - Error checking Double Top for HBAR-USD (6h): attempt to get argmin of an empty sequence
2025-05-28 13:18:33,025 - DEBUG - Double Bottom check for HBAR-USD (6h): Troughs too close (indices 68, 69)
2025-05-28 13:18:33,026 - DEBUG - Head and Shoulders check for HBAR-USD (6h): Peaks too close (indices 36, 37, 38)
2025-05-28 13:18:33,027 - DEBUG - Inverse Head and Shoulders check for HBAR-USD (6h): Troughs too close (indices 46, 47, 69)
2025-05-28 13:18:33,029 - DEBUG - Rising Wedge check for HBAR-USD (6h): Non-converging or non-upward trendlines (high_slope=-0.003500, low_slope=0.002490)
2025-05-28 13:18:33,031 - DEBUG - Falling Wedge check for HBAR-USD (6h): Non-converging or non-downward trendlines (high_slope=-0.001200, low_slope=-0.002020)
2025-05-28 13:18:33,032 - DEBUG - Bullish Rectangle check for HBAR-USD (6h): resistance_level=0.196520, support_level=0.183455, latest_close=0.185070, is_rectangle_bullish=False
2025-05-28 13:18:33,033 - DEBUG - Bearish Rectangle check for HBAR-USD (6h): resistance_level=0.196520, support_level=0.183455, latest_close=0.185070, is_rectangle_bearish=False
2025-05-28 13:18:33,034 - DEBUG - Bullish Flag check for HBAR-USD (6h): Insufficient flagpole gain (0.000)
2025-05-28 13:18:33,034 - DEBUG - Bearish Flag check for HBAR-USD (6h): Insufficient flagpole loss (0.032)
2025-05-28 13:18:33,035 - DEBUG - Bullish Pennant check for HBAR-USD (6h): Insufficient flagpole gain (0.000)
2025-05-28 13:18:33,036 - DEBUG - Ascending Triangle check for HBAR-USD (6h): resistance_level=0.196520, low_slope=0.002490, latest_close=0.185070, is_triangle_ascending=False
2025-05-28 13:18:33,038 - DEBUG - Descending Triangle check for HBAR-USD (6h): support_level=0.183455, high_slope=-0.001200, latest_close=0.185070, is_triangle_descending=False
2025-05-28 13:18:33,040 - DEBUG - Symmetrical Triangle check for HBAR-USD (6h): high_slope=-0.001200, low_slope=0.002490, upper_trendline=0.165690, lower_trendline=0.231720, latest_close=0.185070, is_triangle_symmetrical=True
2025-05-28 13:18:33,040 - DEBUG - Chart patterns for HBAR-USD (6h): {'double_top': False, 'double_bottom': False, 'head_and_shoulders': False, 'inverse_head_and_shoulders': False, 'rising_wedge': False, 'falling_wedge': False, 'rectangle_bullish': False, 'rectangle_bearish': False, 'flag_bullish': False, 'flag_bearish': False, 'pennant_bullish': False, 'triangle_ascending': False, 'triangle_descending': False, 'triangle_symmetrical': True}
2025-05-28 13:18:33,041 - DEBUG - Double Top check for HBAR-USD (1d): Insufficient peaks within 3% of max high 0.216850
2025-05-28 13:18:33,041 - DEBUG - Double Bottom check for HBAR-USD (1d): Troughs too close (indices 68, 69)
2025-05-28 13:18:33,042 - DEBUG - Head and Shoulders check for HBAR-USD (1d): Insufficient peaks within 3% of max high 0.230000
2025-05-28 13:18:33,043 - DEBUG - Inverse Head and Shoulders check for HBAR-USD (1d): Troughs too close (indices 36, 37, 38)
2025-05-28 13:18:33,045 - DEBUG - Rising Wedge check for HBAR-USD (1d): Non-converging or non-upward trendlines (high_slope=-0.016020, low_slope=-0.013030)
2025-05-28 13:18:33,047 - DEBUG - Falling Wedge check for HBAR-USD (1d): high_slope=-0.003500, low_slope=-0.000430, upper_trendline=0.125550, latest_close=0.185070, is_falling_wedge=True
2025-05-28 13:18:33,047 - DEBUG - Bullish Rectangle check for HBAR-USD (1d): Insufficient resistance touches (1) or support touches (5)
2025-05-28 13:18:33,048 - DEBUG - Bearish Rectangle check for HBAR-USD (1d): Insufficient resistance touches (1) or support touches (5)
2025-05-28 13:18:33,049 - DEBUG - Bullish Flag check for HBAR-USD (1d): Insufficient flagpole gain (0.000)
2025-05-28 13:18:33,051 - DEBUG - Bearish Flag check for HBAR-USD (1d): Non-parallel or non-upward channel (high_slope=-0.016020, low_slope=-0.013030)
2025-05-28 13:18:33,052 - DEBUG - Bullish Pennant check for HBAR-USD (1d): Insufficient flagpole gain (0.000)
2025-05-28 13:18:33,052 - DEBUG - Ascending Triangle check for HBAR-USD (1d): Insufficient resistance touches (1)
2025-05-28 13:18:33,054 - DEBUG - Descending Triangle check for HBAR-USD (1d): support_level=0.182676, high_slope=-0.003500, latest_close=0.185070, is_triangle_descending=False
2025-05-28 13:18:33,056 - DEBUG - Symmetrical Triangle check for HBAR-USD (1d): Non-converging trendlines (high_slope=-0.003500, low_slope=-0.013030)
2025-05-28 13:18:33,056 - DEBUG - Chart patterns for HBAR-USD (1d): {'double_top': False, 'double_bottom': False, 'head_and_shoulders': False, 'inverse_head_and_shoulders': False, 'rising_wedge': False, 'falling_wedge': True, 'rectangle_bullish': False, 'rectangle_bearish': False, 'flag_bullish': False, 'flag_bearish': False, 'pennant_bullish': False, 'triangle_ascending': False, 'triangle_descending': False, 'triangle_symmetrical': False}
2025-05-28 13:18:33,056 - DEBUG - All chart patterns for HBAR-USD: {'1m': {'double_top': False, 'double_bottom': False, 'head_and_shoulders': False, 'inverse_head_and_shoulders': False, 'rising_wedge': True, 'falling_wedge': True, 'rectangle_bullish': True, 'rectangle_bearish': False, 'flag_bullish': False, 'flag_bearish': False, 'pennant_bullish': False, 'triangle_ascending': True, 'triangle_descending': False, 'triangle_symmetrical': True}, '5m': {'double_top': False, 'double_bottom': False, 'head_and_shoulders': False, 'inverse_head_and_shoulders': False, 'rising_wedge': False, 'falling_wedge': False, 'rectangle_bullish': True, 'rectangle_bearish': False, 'flag_bullish': False, 'flag_bearish': False, 'pennant_bullish': False, 'triangle_ascending': True, 'triangle_descending': False, 'triangle_symmetrical': False}, '15m': {'double_top': False, 'double_bottom': False, 'head_and_shoulders': False, 'inverse_head_and_shoulders': False, 'rising_wedge': False, 'falling_wedge': False, 'rectangle_bullish': False, 'rectangle_bearish': False, 'flag_bullish': False, 'flag_bearish': False, 'pennant_bullish': False, 'triangle_ascending': False, 'triangle_descending': False, 'triangle_symmetrical': False}, '1h': {'double_top': False, 'double_bottom': False, 'head_and_shoulders': False, 'inverse_head_and_shoulders': False, 'rising_wedge': True, 'falling_wedge': True, 'rectangle_bullish': False, 'rectangle_bearish': True, 'flag_bullish': False, 'flag_bearish': False, 'pennant_bullish': False, 'triangle_ascending': False, 'triangle_descending': True, 'triangle_symmetrical': True}, '6h': {'double_top': False, 'double_bottom': False, 'head_and_shoulders': False, 'inverse_head_and_shoulders': False, 'rising_wedge': False, 'falling_wedge': False, 'rectangle_bullish': False, 'rectangle_bearish': False, 'flag_bullish': False, 'flag_bearish': False, 'pennant_bullish': False, 'triangle_ascending': False, 'triangle_descending': False, 'triangle_symmetrical': True}, '1d': {'double_top': False, 'double_bottom': False, 'head_and_shoulders': False, 'inverse_head_and_shoulders': False, 'rising_wedge': False, 'falling_wedge': True, 'rectangle_bullish': False, 'rectangle_bearish': False, 'flag_bullish': False, 'flag_bearish': False, 'pennant_bullish': False, 'triangle_ascending': False, 'triangle_descending': False, 'triangle_symmetrical': False}}
2025-05-28 13:18:33,174 - DEBUG - Calculating chart patterns for HBAR-USD
2025-05-28 13:18:33,175 - DEBUG - Double Top check for HBAR-USD (1m): Peaks too close (indices 68, 69)
2025-05-28 13:18:33,175 - DEBUG - Double Bottom check for HBAR-USD (1m): Troughs too close (indices 68, 69)
2025-05-28 13:18:33,176 - DEBUG - Head and Shoulders check for HBAR-USD (1m): Peaks too close (indices 63, 64, 65)
2025-05-28 13:18:33,177 - DEBUG - Inverse Head and Shoulders check for HBAR-USD (1m): No troughs before or after head (idx=35)
2025-05-28 13:18:33,179 - DEBUG - Rising Wedge check for HBAR-USD (1m): high_slope=0.000010, low_slope=0.000130, lower_trendline=0.187360, latest_close=0.185040, is_rising_wedge=True
2025-05-28 13:18:33,181 - DEBUG - Falling Wedge check for HBAR-USD (1m): high_slope=-0.000270, low_slope=-0.000060, upper_trendline=0.179970, latest_close=0.185040, is_falling_wedge=True
2025-05-28 13:18:33,182 - DEBUG - Bullish Rectangle check for HBAR-USD (1m): resistance_level=0.184827, support_level=0.184601, latest_close=0.185040, is_rectangle_bullish=True
2025-05-28 13:18:33,183 - DEBUG - Bearish Rectangle check for HBAR-USD (1m): resistance_level=0.184827, support_level=0.184601, latest_close=0.185040, is_rectangle_bearish=False
2025-05-28 13:18:33,184 - DEBUG - Bullish Flag check for HBAR-USD (1m): Insufficient flagpole gain (0.000)
2025-05-28 13:18:33,184 - DEBUG - Bearish Flag check for HBAR-USD (1m): Insufficient flagpole loss (0.001)
2025-05-28 13:18:33,185 - DEBUG - Bullish Pennant check for HBAR-USD (1m): Insufficient flagpole gain (0.000)
2025-05-28 13:18:33,186 - DEBUG - Ascending Triangle check for HBAR-USD (1m): resistance_level=0.184827, low_slope=0.000130, latest_close=0.185040, is_triangle_ascending=True
2025-05-28 13:18:33,188 - DEBUG - Descending Triangle check for HBAR-USD (1m): support_level=0.184601, high_slope=-0.000270, latest_close=0.185040, is_triangle_descending=False
2025-05-28 13:18:33,190 - DEBUG - Symmetrical Triangle check for HBAR-USD (1m): high_slope=-0.000270, low_slope=0.000130, upper_trendline=0.179970, lower_trendline=0.187360, latest_close=0.185040, is_triangle_symmetrical=True
2025-05-28 13:18:33,190 - DEBUG - Chart patterns for HBAR-USD (1m): {'double_top': False, 'double_bottom': False, 'head_and_shoulders': False, 'inverse_head_and_shoulders': False, 'rising_wedge': True, 'falling_wedge': True, 'rectangle_bullish': True, 'rectangle_bearish': False, 'flag_bullish': False, 'flag_bearish': False, 'pennant_bullish': False, 'triangle_ascending': True, 'triangle_descending': False, 'triangle_symmetrical': True}
2025-05-28 13:18:33,191 - DEBUG - Double Top check for HBAR-USD (5m): Peaks too close (indices 68, 69)
2025-05-28 13:18:33,191 - DEBUG - Double Bottom check for HBAR-USD (5m): Troughs too close (indices 68, 69)
2025-05-28 13:18:33,192 - DEBUG - Head and Shoulders check for HBAR-USD (5m): Peaks too close (indices 66, 68, 69)
2025-05-28 13:18:33,193 - DEBUG - Inverse Head and Shoulders check for HBAR-USD (5m): No troughs before or after head (idx=35)
2025-05-28 13:18:33,195 - DEBUG - Rising Wedge check for HBAR-USD (5m): Non-converging or non-upward trendlines (high_slope=0.000230, low_slope=0.000140)
2025-05-28 13:18:33,197 - DEBUG - Falling Wedge check for HBAR-USD (5m): Non-converging or non-downward trendlines (high_slope=0.000140, low_slope=-0.000030)
2025-05-28 13:18:33,198 - DEBUG - Bullish Rectangle check for HBAR-USD (5m): resistance_level=0.184034, support_level=0.183517, latest_close=0.185070, is_rectangle_bullish=True
2025-05-28 13:18:33,199 - DEBUG - Bearish Rectangle check for HBAR-USD (5m): resistance_level=0.184034, support_level=0.183517, latest_close=0.185070, is_rectangle_bearish=False
2025-05-28 13:18:33,199 - DEBUG - Bullish Flag check for HBAR-USD (5m): Insufficient flagpole gain (0.004)
2025-05-28 13:18:33,200 - DEBUG - Bearish Flag check for HBAR-USD (5m): Insufficient flagpole loss (0.001)
2025-05-28 13:18:33,201 - DEBUG - Bullish Pennant check for HBAR-USD (5m): Insufficient flagpole gain (0.004)
2025-05-28 13:18:33,202 - DEBUG - Ascending Triangle check for HBAR-USD (5m): resistance_level=0.184034, low_slope=0.000140, latest_close=0.185070, is_triangle_ascending=True
2025-05-28 13:18:33,204 - DEBUG - Descending Triangle check for HBAR-USD (5m): Non-declining resistance (high_slope=0.000140)
2025-05-28 13:18:33,205 - DEBUG - Symmetrical Triangle check for HBAR-USD (5m): Non-converging trendlines (high_slope=0.000140, low_slope=0.000140)
2025-05-28 13:18:33,206 - DEBUG - Chart patterns for HBAR-USD (5m): {'double_top': False, 'double_bottom': False, 'head_and_shoulders': False, 'inverse_head_and_shoulders': False, 'rising_wedge': False, 'falling_wedge': False, 'rectangle_bullish': True, 'rectangle_bearish': False, 'flag_bullish': False, 'flag_bearish': False, 'pennant_bullish': False, 'triangle_ascending': True, 'triangle_descending': False, 'triangle_symmetrical': False}
2025-05-28 13:18:33,206 - DEBUG - Double Top check for HBAR-USD (15m): Peaks too close (indices 68, 69)
2025-05-28 13:18:33,207 - DEBUG - Double Bottom check for HBAR-USD (15m): Troughs too close (indices 68, 69)
2025-05-28 13:18:33,208 - DEBUG - Head and Shoulders check for HBAR-USD (15m): Invalid shoulders (left=0.187840, right=0.188550, head=0.188550)
2025-05-28 13:18:33,209 - DEBUG - Inverse Head and Shoulders check for HBAR-USD (15m): Troughs too close (indices 49, 60, 61)
2025-05-28 13:18:33,211 - DEBUG - Rising Wedge check for HBAR-USD (15m): Non-converging or non-upward trendlines (high_slope=0.001020, low_slope=0.000480)
2025-05-28 13:18:33,212 - DEBUG - Falling Wedge check for HBAR-USD (15m): Non-converging or non-downward trendlines (high_slope=0.001090, low_slope=0.000780)
2025-05-28 13:18:33,214 - DEBUG - Bullish Rectangle check for HBAR-USD (15m): resistance_level=0.185406, support_level=0.183908, latest_close=0.185070, is_rectangle_bullish=False
2025-05-28 13:18:33,215 - DEBUG - Bearish Rectangle check for HBAR-USD (15m): resistance_level=0.185406, support_level=0.183908, latest_close=0.185070, is_rectangle_bearish=False
2025-05-28 13:18:33,215 - DEBUG - Bullish Flag check for HBAR-USD (15m): Insufficient flagpole gain (0.000)
2025-05-28 13:18:33,216 - DEBUG - Bearish Flag check for HBAR-USD (15m): Insufficient flagpole loss (0.011)
2025-05-28 13:18:33,217 - DEBUG - Bullish Pennant check for HBAR-USD (15m): Insufficient flagpole gain (0.000)
2025-05-28 13:18:33,218 - DEBUG - Ascending Triangle check for HBAR-USD (15m): resistance_level=0.185406, low_slope=0.000480, latest_close=0.185070, is_triangle_ascending=False
2025-05-28 13:18:33,219 - DEBUG - Descending Triangle check for HBAR-USD (15m): Non-declining resistance (high_slope=0.001090)
2025-05-28 13:18:33,221 - DEBUG - Symmetrical Triangle check for HBAR-USD (15m): Non-converging trendlines (high_slope=0.001090, low_slope=0.000480)
2025-05-28 13:18:33,221 - DEBUG - Chart patterns for HBAR-USD (15m): {'double_top': False, 'double_bottom': False, 'head_and_shoulders': False, 'inverse_head_and_shoulders': False, 'rising_wedge': False, 'falling_wedge': False, 'rectangle_bullish': False, 'rectangle_bearish': False, 'flag_bullish': False, 'flag_bearish': False, 'pennant_bullish': False, 'triangle_ascending': False, 'triangle_descending': False, 'triangle_symmetrical': False}
2025-05-28 13:18:33,222 - DEBUG - Double Top check for HBAR-USD (1h): Peaks too close (indices 68, 69)
2025-05-28 13:18:33,223 - DEBUG - Double Bottom check for HBAR-USD (1h): Troughs too close (indices 68, 69)
2025-05-28 13:18:33,224 - DEBUG - Head and Shoulders check for HBAR-USD (1h): No peaks before or after head (idx=35)
2025-05-28 13:18:33,225 - DEBUG - Inverse Head and Shoulders check for HBAR-USD (1h): Troughs too close (indices 66, 67, 68)
2025-05-28 13:18:33,226 - DEBUG - Rising Wedge check for HBAR-USD (1h): high_slope=0.001020, low_slope=0.001470, lower_trendline=0.210640, latest_close=0.185070, is_rising_wedge=True
2025-05-28 13:18:33,228 - DEBUG - Falling Wedge check for HBAR-USD (1h): high_slope=-0.001660, low_slope=-0.001270, upper_trendline=0.154110, latest_close=0.185070, is_falling_wedge=True
2025-05-28 13:18:33,229 - DEBUG - Bullish Rectangle check for HBAR-USD (1h): resistance_level=0.187023, support_level=0.185142, latest_close=0.185070, is_rectangle_bullish=False
2025-05-28 13:18:33,230 - DEBUG - Bearish Rectangle check for HBAR-USD (1h): resistance_level=0.187023, support_level=0.185142, latest_close=0.185070, is_rectangle_bearish=True
2025-05-28 13:18:33,231 - DEBUG - Bullish Flag check for HBAR-USD (1h): Insufficient flagpole gain (0.001)
2025-05-28 13:18:33,232 - DEBUG - Bearish Flag check for HBAR-USD (1h): Insufficient flagpole loss (0.010)
2025-05-28 13:18:33,232 - DEBUG - Bullish Pennant check for HBAR-USD (1h): Insufficient flagpole gain (0.001)
2025-05-28 13:18:33,234 - DEBUG - Ascending Triangle check for HBAR-USD (1h): resistance_level=0.187023, low_slope=0.001470, latest_close=0.185070, is_triangle_ascending=False
2025-05-28 13:18:33,235 - DEBUG - Descending Triangle check for HBAR-USD (1h): support_level=0.185142, high_slope=-0.001660, latest_close=0.185070, is_triangle_descending=True
2025-05-28 13:18:33,237 - DEBUG - Symmetrical Triangle check for HBAR-USD (1h): high_slope=-0.001660, low_slope=0.001470, upper_trendline=0.154110, lower_trendline=0.210640, latest_close=0.185070, is_triangle_symmetrical=True
2025-05-28 13:18:33,237 - DEBUG - Chart patterns for HBAR-USD (1h): {'double_top': False, 'double_bottom': False, 'head_and_shoulders': False, 'inverse_head_and_shoulders': False, 'rising_wedge': True, 'falling_wedge': True, 'rectangle_bullish': False, 'rectangle_bearish': True, 'flag_bullish': False, 'flag_bearish': False, 'pennant_bullish': False, 'triangle_ascending': False, 'triangle_descending': True, 'triangle_symmetrical': True}
2025-05-28 13:18:33,238 - ERROR - Error checking Double Top for HBAR-USD (6h): attempt to get argmin of an empty sequence
2025-05-28 13:18:33,239 - DEBUG - Double Bottom check for HBAR-USD (6h): Troughs too close (indices 68, 69)
2025-05-28 13:18:33,240 - DEBUG - Head and Shoulders check for HBAR-USD (6h): Peaks too close (indices 36, 37, 38)
2025-05-28 13:18:33,241 - DEBUG - Inverse Head and Shoulders check for HBAR-USD (6h): Troughs too close (indices 46, 47, 69)
2025-05-28 13:18:33,242 - DEBUG - Rising Wedge check for HBAR-USD (6h): Non-converging or non-upward trendlines (high_slope=-0.003500, low_slope=0.002490)
2025-05-28 13:18:33,244 - DEBUG - Falling Wedge check for HBAR-USD (6h): Non-converging or non-downward trendlines (high_slope=-0.001200, low_slope=-0.002020)
2025-05-28 13:18:33,245 - DEBUG - Bullish Rectangle check for HBAR-USD (6h): resistance_level=0.196520, support_level=0.183455, latest_close=0.185070, is_rectangle_bullish=False
2025-05-28 13:18:33,246 - DEBUG - Bearish Rectangle check for HBAR-USD (6h): resistance_level=0.196520, support_level=0.183455, latest_close=0.185070, is_rectangle_bearish=False
2025-05-28 13:18:33,247 - DEBUG - Bullish Flag check for HBAR-USD (6h): Insufficient flagpole gain (0.000)
2025-05-28 13:18:33,248 - DEBUG - Bearish Flag check for HBAR-USD (6h): Insufficient flagpole loss (0.032)
2025-05-28 13:18:33,249 - DEBUG - Bullish Pennant check for HBAR-USD (6h): Insufficient flagpole gain (0.000)
2025-05-28 13:18:33,250 - DEBUG - Ascending Triangle check for HBAR-USD (6h): resistance_level=0.196520, low_slope=0.002490, latest_close=0.185070, is_triangle_ascending=False
2025-05-28 13:18:33,251 - DEBUG - Descending Triangle check for HBAR-USD (6h): support_level=0.183455, high_slope=-0.001200, latest_close=0.185070, is_triangle_descending=False
2025-05-28 13:18:33,253 - DEBUG - Symmetrical Triangle check for HBAR-USD (6h): high_slope=-0.001200, low_slope=0.002490, upper_trendline=0.165690, lower_trendline=0.231720, latest_close=0.185070, is_triangle_symmetrical=True
2025-05-28 13:18:33,253 - DEBUG - Chart patterns for HBAR-USD (6h): {'double_top': False, 'double_bottom': False, 'head_and_shoulders': False, 'inverse_head_and_shoulders': False, 'rising_wedge': False, 'falling_wedge': False, 'rectangle_bullish': False, 'rectangle_bearish': False, 'flag_bullish': False, 'flag_bearish': False, 'pennant_bullish': False, 'triangle_ascending': False, 'triangle_descending': False, 'triangle_symmetrical': True}
2025-05-28 13:18:33,254 - DEBUG - Double Top check for HBAR-USD (1d): Insufficient peaks within 3% of max high 0.216850
2025-05-28 13:18:33,255 - DEBUG - Double Bottom check for HBAR-USD (1d): Troughs too close (indices 68, 69)
2025-05-28 13:18:33,256 - DEBUG - Head and Shoulders check for HBAR-USD (1d): Insufficient peaks within 3% of max high 0.230000
2025-05-28 13:18:33,257 - DEBUG - Inverse Head and Shoulders check for HBAR-USD (1d): Troughs too close (indices 36, 37, 38)
2025-05-28 13:18:33,258 - DEBUG - Rising Wedge check for HBAR-USD (1d): Non-converging or non-upward trendlines (high_slope=-0.016020, low_slope=-0.013030)
2025-05-28 13:18:33,260 - DEBUG - Falling Wedge check for HBAR-USD (1d): high_slope=-0.003500, low_slope=-0.000430, upper_trendline=0.125550, latest_close=0.185070, is_falling_wedge=True
2025-05-28 13:18:33,261 - DEBUG - Bullish Rectangle check for HBAR-USD (1d): Insufficient resistance touches (1) or support touches (5)
2025-05-28 13:18:33,262 - DEBUG - Bearish Rectangle check for HBAR-USD (1d): Insufficient resistance touches (1) or support touches (5)
2025-05-28 13:18:33,263 - DEBUG - Bullish Flag check for HBAR-USD (1d): Insufficient flagpole gain (0.000)
2025-05-28 13:18:33,264 - DEBUG - Bearish Flag check for HBAR-USD (1d): Non-parallel or non-upward channel (high_slope=-0.016020, low_slope=-0.013030)
2025-05-28 13:18:33,265 - DEBUG - Bullish Pennant check for HBAR-USD (1d): Insufficient flagpole gain (0.000)
2025-05-28 13:18:33,266 - DEBUG - Ascending Triangle check for HBAR-USD (1d): Insufficient resistance touches (1)
2025-05-28 13:18:33,267 - DEBUG - Descending Triangle check for HBAR-USD (1d): support_level=0.182676, high_slope=-0.003500, latest_close=0.185070, is_triangle_descending=False
2025-05-28 13:18:33,269 - DEBUG - Symmetrical Triangle check for HBAR-USD (1d): Non-converging trendlines (high_slope=-0.003500, low_slope=-0.013030)
2025-05-28 13:18:33,269 - DEBUG - Chart patterns for HBAR-USD (1d): {'double_top': False, 'double_bottom': False, 'head_and_shoulders': False, 'inverse_head_and_shoulders': False, 'rising_wedge': False, 'falling_wedge': True, 'rectangle_bullish': False, 'rectangle_bearish': False, 'flag_bullish': False, 'flag_bearish': False, 'pennant_bullish': False, 'triangle_ascending': False, 'triangle_descending': False, 'triangle_symmetrical': False}
2025-05-28 13:18:33,269 - DEBUG - All chart patterns for HBAR-USD: {'1m': {'double_top': False, 'double_bottom': False, 'head_and_shoulders': False, 'inverse_head_and_shoulders': False, 'rising_wedge': True, 'falling_wedge': True, 'rectangle_bullish': True, 'rectangle_bearish': False, 'flag_bullish': False, 'flag_bearish': False, 'pennant_bullish': False, 'triangle_ascending': True, 'triangle_descending': False, 'triangle_symmetrical': True}, '5m': {'double_top': False, 'double_bottom': False, 'head_and_shoulders': False, 'inverse_head_and_shoulders': False, 'rising_wedge': False, 'falling_wedge': False, 'rectangle_bullish': True, 'rectangle_bearish': False, 'flag_bullish': False, 'flag_bearish': False, 'pennant_bullish': False, 'triangle_ascending': True, 'triangle_descending': False, 'triangle_symmetrical': False}, '15m': {'double_top': False, 'double_bottom': False, 'head_and_shoulders': False, 'inverse_head_and_shoulders': False, 'rising_wedge': False, 'falling_wedge': False, 'rectangle_bullish': False, 'rectangle_bearish': False, 'flag_bullish': False, 'flag_bearish': False, 'pennant_bullish': False, 'triangle_ascending': False, 'triangle_descending': False, 'triangle_symmetrical': False}, '1h': {'double_top': False, 'double_bottom': False, 'head_and_shoulders': False, 'inverse_head_and_shoulders': False, 'rising_wedge': True, 'falling_wedge': True, 'rectangle_bullish': False, 'rectangle_bearish': True, 'flag_bullish': False, 'flag_bearish': False, 'pennant_bullish': False, 'triangle_ascending': False, 'triangle_descending': True, 'triangle_symmetrical': True}, '6h': {'double_top': False, 'double_bottom': False, 'head_and_shoulders': False, 'inverse_head_and_shoulders': False, 'rising_wedge': False, 'falling_wedge': False, 'rectangle_bullish': False, 'rectangle_bearish': False, 'flag_bullish': False, 'flag_bearish': False, 'pennant_bullish': False, 'triangle_ascending': False, 'triangle_descending': False, 'triangle_symmetrical': True}, '1d': {'double_top': False, 'double_bottom': False, 'head_and_shoulders': False, 'inverse_head_and_shoulders': False, 'rising_wedge': False, 'falling_wedge': True, 'rectangle_bullish': False, 'rectangle_bearish': False, 'flag_bullish': False, 'flag_bearish': False, 'pennant_bullish': False, 'triangle_ascending': False, 'triangle_descending': False, 'triangle_symmetrical': False}}
