2025-05-26 12:10:21,859 - INFO - Initialized 1m klines for HBAR-USD, shape: (40, 6), latest timestamp: 2025-05-26 16:10:00+00:00
2025-05-26 12:10:22,050 - INFO - Initialized 5m klines for HBAR-USD, shape: (40, 6), latest timestamp: 2025-05-26 16:10:00+00:00
2025-05-26 12:10:22,239 - INFO - Initialized 15m klines for HBAR-USD, shape: (40, 6), latest timestamp: 2025-05-26 16:00:00+00:00
2025-05-26 12:10:22,421 - INFO - Initialized 1h klines for HBAR-USD, shape: (40, 6), latest timestamp: 2025-05-26 16:00:00+00:00
2025-05-26 12:10:22,613 - INFO - Initialized 6h klines for HBAR-USD, shape: (40, 6), latest timestamp: 2025-05-26 12:00:00+00:00
2025-05-26 12:10:22,807 - INFO - Initialized 1d klines for HBAR-USD, shape: (40, 6), latest timestamp: 2025-05-26 00:00:00+00:00
2025-05-26 12:10:22,813 - INFO - Completed initial historical kline fetch for all timeframes
2025-05-26 12:10:22,813 - INFO - Started WebSocket task for ticker and level2
2025-05-26 12:10:22,813 - INFO - Started REST kline update tasks
2025-05-26 12:10:22,991 - INFO - Subscribed to ticker and level2 WebSocket for ['HBAR-USD']
2025-05-26 12:10:23,004 - INFO - Updated 1m klines for HBAR-USD, shape: (40, 6), latest timestamp: 2025-05-26 16:10:00+00:00
2025-05-26 12:10:23,119 - INFO - Ticker buffer updated for HBAR-USD, shape: (1, 7), last_price: 0.19012
2025-05-26 12:10:23,122 - INFO - Subscription confirmation: {'channel': 'subscriptions', 'client_id': '', 'timestamp': '2025-05-26T16:10:23.003631321Z', 'sequence_num': 1, 'events': [{'subscriptions': {'ticker': ['HBAR-USD']}}]}
2025-05-26 12:10:35,001 - INFO - Subscription confirmation: {'channel': 'subscriptions', 'client_id': '', 'timestamp': '2025-05-26T16:10:23.099803345Z', 'sequence_num': 5, 'events': [{'subscriptions': {'level2': ['HBAR-USD'], 'ticker': ['HBAR-USD']}}]}
2025-05-26 12:10:35,001 - INFO - Level2 subscription confirmed for: ['HBAR-USD']
2025-05-26 12:10:38,260 - INFO - Updated 5m klines for HBAR-USD, shape: (40, 6), latest timestamp: 2025-05-26 16:10:00+00:00
2025-05-26 12:10:39,403 - INFO - Updated 15m klines for HBAR-USD, shape: (40, 6), latest timestamp: 2025-05-26 16:00:00+00:00
2025-05-26 12:10:40,641 - INFO - Updated 1h klines for HBAR-USD, shape: (40, 6), latest timestamp: 2025-05-26 16:00:00+00:00
2025-05-26 12:10:41,867 - INFO - Updated 6h klines for HBAR-USD, shape: (40, 6), latest timestamp: 2025-05-26 12:00:00+00:00
2025-05-26 12:10:43,052 - INFO - Updated 1d klines for HBAR-USD, shape: (40, 6), latest timestamp: 2025-05-26 00:00:00+00:00
2025-05-26 12:11:44,320 - INFO - Updated 1m klines for HBAR-USD, shape: (40, 6), latest timestamp: 2025-05-26 16:11:00+00:00
2025-05-26 12:11:45,506 - INFO - Updated 5m klines for HBAR-USD, shape: (40, 6), latest timestamp: 2025-05-26 16:10:00+00:00
2025-05-26 12:11:46,683 - INFO - Updated 15m klines for HBAR-USD, shape: (40, 6), latest timestamp: 2025-05-26 16:00:00+00:00
2025-05-26 12:11:47,910 - INFO - Updated 1h klines for HBAR-USD, shape: (40, 6), latest timestamp: 2025-05-26 16:00:00+00:00
2025-05-26 12:11:49,065 - INFO - Updated 6h klines for HBAR-USD, shape: (40, 6), latest timestamp: 2025-05-26 12:00:00+00:00
2025-05-26 12:11:50,260 - INFO - Updated 1d klines for HBAR-USD, shape: (40, 6), latest timestamp: 2025-05-26 00:00:00+00:00
