2025-05-28 13:17:14,630 - INFO - REST connection established successfully.
2025-05-28 13:17:14,632 - INFO - DataManager initialized for symbols: ['HBAR-USD']
2025-05-28 13:17:14,633 - INFO - IndicatorCalculator initialized for symbols: ['HBAR-USD']
2025-05-28 13:17:14,633 - INFO - CandlestickPatterns initialized for symbols: ['HBAR-USD']
2025-05-28 13:17:14,633 - INFO - ChartPatterns initialized for symbols: ['HBAR-USD']
2025-05-28 13:17:14,634 - INFO - MarketTimingManager initialized for symbols: ['HBAR-USD']
2025-05-28 13:17:14,634 - DEBUG - Waiting for DataManager to initialize historical data...
2025-05-28 13:17:15,634 - DEBUG - Waiting for DataManager to initialize historical data...
2025-05-28 13:17:16,635 - DEBUG - Waiting for DataManager to initialize historical data...
2025-05-28 13:17:17,637 - DEBUG - Waiting for DataManager to initialize historical data...
2025-05-28 13:17:32,263 - INFO - Indicators for HBAR-USD:
{
  "1m": {
    "rsi14": 62.76282416789709,
    "stochastic_k": 68.74338624338738,
    "stochastic_d": 56.96716863383574,
    "cci20": 106.6098081023477,
    "williams_r14": -25.71428571428345,
    "sma20": 0.184734,
    "ema10": 0.18487962678600875,
    "ema20": 0.1847093888108296,
    "macd": 0.00023302923175019807,
    "macd_signal": 0.00023785981612734657,
    "macd_hist": -4.830584377148498e-06,
    "adx14": 63.85911661315153,
    "bollinger_upper": 0.18527024032318676,
    "bollinger_middle": 0.184734,
    "bollinger_lower": 0.18419775967681326,
    "atr14": 0.00021285714285714758,
    "keltner_upper": 0.1851634546773906,
    "keltner_middle": 0.1847004546773906,
    "keltner_lower": 0.1842374546773906,
    "vwap": 0.18412691762498895,
    "obv": 190598.19999999995,
    "ad_line": 157594.61420165718,
    "fibonacci_levels": {
      "23.6%": 0.18492735999999999,
      "38.2%": 0.18474632,
      "50%": 0.1846,
      "61.8%": 0.18445368,
      "100%": 0.18398
    },
    "pivot_points": {
      "pivot": 0.18498,
      "s1": 0.18493,
      "r1": 0.18507
    },
    "order_book_imbalance": 0.5,
    "ichimoku": {
      "tenkan_sen": 0.18494,
      "kijun_sen": 0.184535,
      "senkou_span_a": 0.1847375,
      "senkou_span_b": 0.18431,
      "chikou_span": 0.0
    },
    "parabolic_sar": 0.18515545215999998
  },
  "5m": {
    "rsi14": 72.49168504483949,
    "stochastic_k": 88.85685328860035,
    "stochastic_d": 90.53203361845665,
    "cci20": 156.0864775543973,
    "williams_r14": -7.171314741035332,
    "sma20": 0.18379099999999998,
    "ema10": 0.18437077849514377,
    "ema20": 0.1841089916158047,
    "macd": 0.00016309415056428578,
    "macd_signal": -7.088175278784583e-05,
    "macd_hist": 0.0002339759033521316,
    "adx14": 31.95012455056253,
    "bollinger_upper": 0.18510841213628867,
    "bollinger_middle": 0.18379099999999998,
    "bollinger_lower": 0.1824735878637113,
    "atr14": 0.0005007142857142868,
    "keltner_upper": 0.18511799264175655,
    "keltner_middle": 0.18408599264175654,
    "keltner_lower": 0.18305399264175654,
    "vwap": 0.18453267041776542,
    "obv": -5172734.500000002,
    "ad_line": -1352147.227501576,
    "fibonacci_levels": {
      "23.6%": 0.18459696,
      "38.2%": 0.18421152,
      "50%": 0.1839,
      "61.8%": 0.18358848,
      "100%": 0.18258
    },
    "pivot_points": {
      "pivot": 0.1848466666666667,
      "s1": 0.18447333333333338,
      "r1": 0.18503333333333338
    },
    "order_book_imbalance": 0.5,
    "ichimoku": {
      "tenkan_sen": 0.18431,
      "kijun_sen": 0.18351,
      "senkou_span_a": 0.18391000000000002,
      "senkou_span_b": 0.18486999999999998,
      "chikou_span": 0.0
    },
    "parabolic_sar": 0.18345816462345937
  },
  "15m": {
    "rsi14": 59.138596534382415,
    "stochastic_k": 61.23630277255007,
    "stochastic_d": 46.8915763847967,
    "cci20": 5.0149253731340595,
    "williams_r14": -15.844155844155747,
    "sma20": 0.184765,
    "ema10": 0.18422891006862185,
    "ema20": 0.1845658884224303,
    "macd": -0.0005078142995699475,
    "macd_signal": -0.0006416758546364823,
    "macd_hist": 0.00013386155506653482,
    "adx14": 38.80775568831396,
    "bollinger_upper": 0.18824699882100424,
    "bollinger_middle": 0.184765,
    "bollinger_lower": 0.1812830011789958,
    "atr14": 0.0011464285714285702,
    "keltner_upper": 0.18685154565748288,
    "keltner_middle": 0.1845555456574829,
    "keltner_lower": 0.1822595456574829,
    "vwap": 0.18529422736916562,
    "obv": -5956934.9,
    "ad_line": -1643987.8987691961,
    "fibonacci_levels": {
      "23.6%": 0.18695699999999998,
      "38.2%": 0.18597149999999998,
      "50%": 0.18517499999999998,
      "61.8%": 0.1843785,
      "100%": 0.1818
    },
    "pivot_points": {
      "pivot": 0.18468666666666667,
      "s1": 0.18415333333333334,
      "r1": 0.18519333333333332
    },
    "order_book_imbalance": 0.5,
    "ichimoku": {
      "tenkan_sen": 0.18360500000000002,
      "kijun_sen": 0.18517499999999998,
      "senkou_span_a": 0.18439,
      "senkou_span_b": 0.18517499999999998,
      "chikou_span": 0.0
    },
    "parabolic_sar": 0.18186839999999999
  },
  "1h": {
    "rsi14": 47.05646050439105,
    "stochastic_k": 32.2962962962965,
    "stochastic_d": 21.68280858339145,
    "cci20": -77.77507055694139,
    "williams_r14": -51.99999999999974,
    "sma20": 0.18610600000000002,
    "ema10": 0.1851020880260854,
    "ema20": 0.18593455996512875,
    "macd": -0.0009546096573627427,
    "macd_signal": -0.0007220081414469762,
    "macd_hist": -0.00023260151591576652,
    "adx14": 23.429023143127026,
    "bollinger_upper": 0.1891888107475589,
    "bollinger_middle": 0.18610600000000002,
    "bollinger_lower": 0.18302318925244115,
    "atr14": 0.0019092857142857106,
    "keltner_upper": 0.18973655513441381,
    "keltner_middle": 0.18594655513441383,
    "keltner_lower": 0.18215655513441384,
    "vwap": 0.18744857701936954,
    "obv": -10041255.100000003,
    "ad_line": -12997582.234284222,
    "fibonacci_levels": {
      "23.6%": 0.18746124,
      "38.2%": 0.18637937999999998,
      "50%": 0.18550499999999998,
      "61.8%": 0.18463062,
      "100%": 0.1818
    },
    "pivot_points": {
      "pivot": 0.18370333333333333,
      "s1": 0.18320666666666666,
      "r1": 0.18469666666666665
    },
    "order_book_imbalance": 0.5,
    "ichimoku": {
      "tenkan_sen": 0.18517499999999998,
      "kijun_sen": 0.186835,
      "senkou_span_a": 0.18600499999999998,
      "senkou_span_b": 0.186925,
      "chikou_span": 0.0
    },
    "parabolic_sar": 0.18791979264
  },
  "6h": {
    "rsi14": 38.79749907993077,
    "stochastic_k": 45.800524934383226,
    "stochastic_d": 53.22834645669295,
    "cci20": -89.08124525436668,
    "williams_r14": -65.2755905511811,
    "sma20": 0.188069,
    "ema10": 0.18736541041801552,
    "ema20": 0.18904240827996752,
    "macd": -0.0023975077659988964,
    "macd_signal": -0.0025314868753166008,
    "macd_hist": 0.0001339791093177044,
    "adx14": 27.09605942032718,
    "bollinger_upper": 0.1933327945088664,
    "bollinger_middle": 0.188069,
    "bollinger_lower": 0.18280520549113358,
    "atr14": 0.004807142857142857,
    "keltner_upper": 0.1985884582496114,
    "keltner_middle": 0.1889424582496114,
    "keltner_lower": 0.17929645824961138,
    "vwap": 0.19676328655869346,
    "obv": 32988118.399999935,
    "ad_line": 105533979.78197576,
    "fibonacci_levels": {
      "23.6%": 0.19490916,
      "38.2%": 0.19218042,
      "50%": 0.189975,
      "61.8%": 0.18776958000000002,
      "100%": 0.18063
    },
    "pivot_points": {
      "pivot": 0.18605000000000002,
      "s1": 0.18481000000000003,
      "r1": 0.18828000000000003
    },
    "order_book_imbalance": 0.5,
    "ichimoku": {
      "tenkan_sen": 0.186925,
      "kijun_sen": 0.19499,
      "senkou_span_a": 0.1909575,
      "senkou_span_b": 0.19499,
      "chikou_span": 0.0
    },
    "parabolic_sar": 0.18151655561280003
  },
  "1d": {
    "rsi14": 37.25933934936602,
    "stochastic_k": 16.00542945715573,
    "stochastic_d": 14.889573258669019,
    "cci20": -111.9256877456234,
    "williams_r14": -84.64484679665739,
    "sma20": 0.1982565,
    "ema10": 0.19055341361070663,
    "ema20": 0.19194159299764585,
    "macd": -1.37909633973754e-06,
    "macd_signal": 0.002476602973626948,
    "macd_hist": -0.0024779820699666853,
    "adx14": 28.711148805625964,
    "bollinger_upper": 0.21891460331641255,
    "bollinger_middle": 0.1982565,
    "bollinger_lower": 0.17759839668358746,
    "atr14": 0.010660714285714286,
    "keltner_upper": 0.21793028909382695,
    "keltner_middle": 0.19206528909382695,
    "keltner_lower": 0.16620028909382695,
    "vwap": 0.1780907737854239,
    "obv": 1266078402.7,
    "ad_line": 70876176.29897764,
    "fibonacci_levels": {
      "23.6%": 0.21834868000000002,
      "38.2%": 0.21114066,
      "50%": 0.20531500000000003,
      "61.8%": 0.19948934000000001,
      "100%": 0.18063
    },
    "pivot_points": {
      "pivot": 0.18721666666666667,
      "s1": 0.18238333333333334,
      "r1": 0.19220333333333334
    },
    "order_book_imbalance": 0.5,
    "ichimoku": {
      "tenkan_sen": 0.19499,
      "kijun_sen": 0.19956000000000002,
      "senkou_span_a": 0.197275,
      "senkou_span_b": 0.17736000000000002,
      "chikou_span": 0.0
    },
    "parabolic_sar": 0.20670629867966323
  },
  "timing": {
    "bid_ask_spread": 0.00021609940572655048,
    "order_book_imbalance": 0.5,
    "ema5": 0.1850699998850095,
    "atr14": 0.0,
    "volume_surge_ratio": 1.0000541004061827
  }
}
2025-05-28 13:17:32,384 - INFO - Candlestick patterns for HBAR-USD:
{
  "1m": {
    "marubozu_bullish": true,
    "marubozu_bearish": false,
    "hammer": false,
    "hanging_man": false,
    "inverted_hammer": false,
    "shooting_star": false,
    "doji_standard": false,
    "doji_long_legged": false,
    "doji_gravestone": false,
    "doji_dragonfly": false,
    "doji_four_price": true,
    "engulfing_bullish": false,
    "engulfing_bearish": false,
    "harami_bullish": false,
    "harami_bearish": false,
    "harami_cross_bullish": false,
    "harami_cross_bearish": false,
    "tweezer_tops": false,
    "tweezer_bottoms": false,
    "dark_cloud_cover": false,
    "piercing_line": false,
    "on_neck": false,
    "morning_star": false,
    "evening_star": false,
    "three_white_soldiers": true,
    "three_black_crows": false,
    "three_inside_up": false,
    "three_inside_down": false,
    "stick_sandwich_bullish": false,
    "stick_sandwich_bearish": false,
    "rising_three_methods": false,
    "falling_three_methods": false
  },
  "5m": {
    "marubozu_bullish": true,
    "marubozu_bearish": false,
    "hammer": false,
    "hanging_man": false,
    "inverted_hammer": false,
    "shooting_star": false,
    "doji_standard": false,
    "doji_long_legged": false,
    "doji_gravestone": false,
    "doji_dragonfly": false,
    "doji_four_price": false,
    "engulfing_bullish": true,
    "engulfing_bearish": false,
    "harami_bullish": false,
    "harami_bearish": false,
    "harami_cross_bullish": false,
    "harami_cross_bearish": false,
    "tweezer_tops": false,
    "tweezer_bottoms": true,
    "dark_cloud_cover": false,
    "piercing_line": false,
    "on_neck": false,
    "morning_star": false,
    "evening_star": false,
    "three_white_soldiers": false,
    "three_black_crows": false,
    "three_inside_up": false,
    "three_inside_down": false,
    "stick_sandwich_bullish": false,
    "stick_sandwich_bearish": false,
    "rising_three_methods": false,
    "falling_three_methods": false
  },
  "15m": {
    "marubozu_bullish": true,
    "marubozu_bearish": false,
    "hammer": false,
    "hanging_man": false,
    "inverted_hammer": false,
    "shooting_star": false,
    "doji_standard": false,
    "doji_long_legged": false,
    "doji_gravestone": false,
    "doji_dragonfly": false,
    "doji_four_price": false,
    "engulfing_bullish": false,
    "engulfing_bearish": false,
    "harami_bullish": false,
    "harami_bearish": false,
    "harami_cross_bullish": false,
    "harami_cross_bearish": false,
    "tweezer_tops": false,
    "tweezer_bottoms": false,
    "dark_cloud_cover": false,
    "piercing_line": false,
    "on_neck": false,
    "morning_star": false,
    "evening_star": false,
    "three_white_soldiers": false,
    "three_black_crows": false,
    "three_inside_up": false,
    "three_inside_down": false,
    "stick_sandwich_bullish": false,
    "stick_sandwich_bearish": false,
    "rising_three_methods": false,
    "falling_three_methods": false
  },
  "1h": {
    "marubozu_bullish": false,
    "marubozu_bearish": false,
    "hammer": false,
    "hanging_man": false,
    "inverted_hammer": false,
    "shooting_star": false,
    "doji_standard": false,
    "doji_long_legged": false,
    "doji_gravestone": false,
    "doji_dragonfly": false,
    "doji_four_price": false,
    "engulfing_bullish": false,
    "engulfing_bearish": false,
    "harami_bullish": false,
    "harami_bearish": false,
    "harami_cross_bullish": false,
    "harami_cross_bearish": false,
    "tweezer_tops": false,
    "tweezer_bottoms": false,
    "dark_cloud_cover": false,
    "piercing_line": false,
    "on_neck": false,
    "morning_star": false,
    "evening_star": false,
    "three_white_soldiers": false,
    "three_black_crows": false,
    "three_inside_up": false,
    "three_inside_down": false,
    "stick_sandwich_bullish": false,
    "stick_sandwich_bearish": false,
    "rising_three_methods": false,
    "falling_three_methods": false
  },
  "6h": {
    "marubozu_bullish": false,
    "marubozu_bearish": false,
    "hammer": false,
    "hanging_man": false,
    "inverted_hammer": false,
    "shooting_star": false,
    "doji_standard": false,
    "doji_long_legged": false,
    "doji_gravestone": false,
    "doji_dragonfly": false,
    "doji_four_price": false,
    "engulfing_bullish": false,
    "engulfing_bearish": false,
    "harami_bullish": false,
    "harami_bearish": false,
    "harami_cross_bullish": false,
    "harami_cross_bearish": false,
    "tweezer_tops": false,
    "tweezer_bottoms": false,
    "dark_cloud_cover": false,
    "piercing_line": false,
    "on_neck": false,
    "morning_star": false,
    "evening_star": false,
    "three_white_soldiers": false,
    "three_black_crows": false,
    "three_inside_up": false,
    "three_inside_down": false,
    "stick_sandwich_bullish": false,
    "stick_sandwich_bearish": false,
    "rising_three_methods": false,
    "falling_three_methods": false
  },
  "1d": {
    "marubozu_bullish": false,
    "marubozu_bearish": false,
    "hammer": false,
    "hanging_man": false,
    "inverted_hammer": false,
    "shooting_star": false,
    "doji_standard": false,
    "doji_long_legged": false,
    "doji_gravestone": false,
    "doji_dragonfly": false,
    "doji_four_price": false,
    "engulfing_bullish": false,
    "engulfing_bearish": false,
    "harami_bullish": false,
    "harami_bearish": false,
    "harami_cross_bullish": false,
    "harami_cross_bearish": false,
    "tweezer_tops": false,
    "tweezer_bottoms": false,
    "dark_cloud_cover": false,
    "piercing_line": false,
    "on_neck": false,
    "morning_star": false,
    "evening_star": false,
    "three_white_soldiers": false,
    "three_black_crows": false,
    "three_inside_up": false,
    "three_inside_down": false,
    "stick_sandwich_bullish": false,
    "stick_sandwich_bearish": false,
    "rising_three_methods": false,
    "falling_three_methods": true
  }
}
2025-05-28 13:17:32,483 - INFO - Chart patterns for HBAR-USD:
{
  "1m": {
    "double_top": false,
    "double_bottom": false,
    "head_and_shoulders": false,
    "inverse_head_and_shoulders": false,
    "rising_wedge": true,
    "falling_wedge": true,
    "rectangle_bullish": true,
    "rectangle_bearish": false,
    "flag_bullish": false,
    "flag_bearish": false,
    "pennant_bullish": false,
    "triangle_ascending": true,
    "triangle_descending": false,
    "triangle_symmetrical": true
  },
  "5m": {
    "double_top": false,
    "double_bottom": false,
    "head_and_shoulders": false,
    "inverse_head_and_shoulders": false,
    "rising_wedge": false,
    "falling_wedge": false,
    "rectangle_bullish": true,
    "rectangle_bearish": false,
    "flag_bullish": false,
    "flag_bearish": false,
    "pennant_bullish": false,
    "triangle_ascending": true,
    "triangle_descending": false,
    "triangle_symmetrical": false
  },
  "15m": {
    "double_top": false,
    "double_bottom": false,
    "head_and_shoulders": false,
    "inverse_head_and_shoulders": false,
    "rising_wedge": false,
    "falling_wedge": false,
    "rectangle_bullish": false,
    "rectangle_bearish": false,
    "flag_bullish": false,
    "flag_bearish": false,
    "pennant_bullish": false,
    "triangle_ascending": false,
    "triangle_descending": false,
    "triangle_symmetrical": false
  },
  "1h": {
    "double_top": false,
    "double_bottom": false,
    "head_and_shoulders": false,
    "inverse_head_and_shoulders": false,
    "rising_wedge": true,
    "falling_wedge": true,
    "rectangle_bullish": false,
    "rectangle_bearish": true,
    "flag_bullish": false,
    "flag_bearish": false,
    "pennant_bullish": false,
    "triangle_ascending": false,
    "triangle_descending": true,
    "triangle_symmetrical": true
  },
  "6h": {
    "double_top": false,
    "double_bottom": false,
    "head_and_shoulders": false,
    "inverse_head_and_shoulders": false,
    "rising_wedge": false,
    "falling_wedge": false,
    "rectangle_bullish": false,
    "rectangle_bearish": false,
    "flag_bullish": false,
    "flag_bearish": false,
    "pennant_bullish": false,
    "triangle_ascending": false,
    "triangle_descending": false,
    "triangle_symmetrical": true
  },
  "1d": {
    "double_top": false,
    "double_bottom": false,
    "head_and_shoulders": false,
    "inverse_head_and_shoulders": false,
    "rising_wedge": false,
    "falling_wedge": true,
    "rectangle_bullish": false,
    "rectangle_bearish": false,
    "flag_bullish": false,
    "flag_bearish": false,
    "pennant_bullish": false,
    "triangle_ascending": false,
    "triangle_descending": false,
    "triangle_symmetrical": false
  }
}
2025-05-28 13:17:32,700 - INFO - Market states:
{
  "HBAR-USD": {
    "1h": "sideways",
    "1d": "downtrend"
  }
}
2025-05-28 13:18:32,841 - INFO - Indicators for HBAR-USD:
{
  "1m": {
    "rsi14": 62.76282416789709,
    "stochastic_k": 68.74338624338738,
    "stochastic_d": 56.96716863383574,
    "cci20": 106.6098081023477,
    "williams_r14": -25.71428571428345,
    "sma20": 0.184734,
    "ema10": 0.18487962678600875,
    "ema20": 0.1847093888108296,
    "macd": 0.00023302923175019807,
    "macd_signal": 0.00023785981612734657,
    "macd_hist": -4.830584377148498e-06,
    "adx14": 63.85911661315153,
    "bollinger_upper": 0.18527024032318676,
    "bollinger_middle": 0.184734,
    "bollinger_lower": 0.18419775967681326,
    "atr14": 0.00021285714285714758,
    "keltner_upper": 0.1851634546773906,
    "keltner_middle": 0.1847004546773906,
    "keltner_lower": 0.1842374546773906,
    "vwap": 0.18412691762498895,
    "obv": 190598.19999999995,
    "ad_line": 157594.61420165718,
    "fibonacci_levels": {
      "23.6%": 0.18492735999999999,
      "38.2%": 0.18474632,
      "50%": 0.1846,
      "61.8%": 0.18445368,
      "100%": 0.18398
    },
    "pivot_points": {
      "pivot": 0.18498,
      "s1": 0.18493,
      "r1": 0.18507
    },
    "order_book_imbalance": 0.5,
    "ichimoku": {
      "tenkan_sen": 0.18494,
      "kijun_sen": 0.184535,
      "senkou_span_a": 0.1847375,
      "senkou_span_b": 0.18431,
      "chikou_span": 0.0
    },
    "parabolic_sar": 0.18515545215999998
  },
  "5m": {
    "rsi14": 72.8751770274717,
    "stochastic_k": 89.25525966310238,
    "stochastic_d": 90.66483574329067,
    "cci20": 159.4183015502796,
    "williams_r14": -5.976095617529259,
    "sma20": 0.18379249999999997,
    "ema10": 0.1843762330405983,
    "ema20": 0.18411184875866188,
    "macd": 0.00016548731295745744,
    "macd_signal": -7.04031203092115e-05,
    "macd_hist": 0.00023589043326666895,
    "adx14": 31.950124550562528,
    "bollinger_upper": 0.1851159544113591,
    "bollinger_middle": 0.18379249999999997,
    "bollinger_lower": 0.18246904558864083,
    "atr14": 0.0005049999999999995,
    "keltner_upper": 0.1851268497846137,
    "keltner_middle": 0.18408884978461368,
    "keltner_lower": 0.18305084978461367,
    "vwap": 0.18453300800335798,
    "obv": -5160697.900000002,
    "ad_line": -1346555.2820470252,
    "fibonacci_levels": {
      "23.6%": 0.18459696,
      "38.2%": 0.18421152,
      "50%": 0.1839,
      "61.8%": 0.18358848,
      "100%": 0.18258
    },
    "pivot_points": {
      "pivot": 0.1848466666666667,
      "s1": 0.18447333333333338,
      "r1": 0.18503333333333338
    },
    "order_book_imbalance": 0.5,
    "ichimoku": {
      "tenkan_sen": 0.18431,
      "kijun_sen": 0.18351,
      "senkou_span_a": 0.18391000000000002,
      "senkou_span_b": 0.18486999999999998,
      "chikou_span": 0.0
    },
    "parabolic_sar": 0.18345816462345937
  },
  "15m": {
    "rsi14": 59.412480569275466,
    "stochastic_k": 61.49604303229035,
    "stochastic_d": 46.97815647137679,
    "cci20": 6.3672242956100025,
    "williams_r14": -15.064935064934915,
    "sma20": 0.1847665,
    "ema10": 0.18423436461407638,
    "ema20": 0.18456874556528746,
    "macd": -0.0005054211371767758,
    "macd_signal": -0.0006411972221578479,
    "macd_hist": 0.0001357760849810721,
    "adx14": 38.80775568831397,
    "bollinger_upper": 0.1882490234347647,
    "bollinger_middle": 0.1847665,
    "bollinger_lower": 0.1812839765652353,
    "atr14": 0.0011507142857142827,
    "keltner_upper": 0.18686040280034003,
    "keltner_middle": 0.18455840280034003,
    "keltner_lower": 0.18225640280034003,
    "vwap": 0.18529414114688364,
    "obv": -5944898.300000001,
    "ad_line": -1638395.9533146452,
    "fibonacci_levels": {
      "23.6%": 0.18695699999999998,
      "38.2%": 0.18597149999999998,
      "50%": 0.18517499999999998,
      "61.8%": 0.1843785,
      "100%": 0.1818
    },
    "pivot_points": {
      "pivot": 0.18468666666666667,
      "s1": 0.18415333333333334,
      "r1": 0.18519333333333332
    },
    "order_book_imbalance": 0.5,
    "ichimoku": {
      "tenkan_sen": 0.18360500000000002,
      "kijun_sen": 0.18517499999999998,
      "senkou_span_a": 0.18439,
      "senkou_span_b": 0.18517499999999998,
      "chikou_span": 0.0
    },
    "parabolic_sar": 0.18186839999999999
  },
  "1h": {
    "rsi14": 47.23595826116744,
    "stochastic_k": 32.44444444444465,
    "stochastic_d": 21.73219129944083,
    "cci20": -77.238745327483,
    "williams_r14": -51.55555555555525,
    "sma20": 0.1861075,
    "ema10": 0.18510754257153994,
    "ema20": 0.1859374171079859,
    "macd": -0.0009522164949695711,
    "macd_signal": -0.0007215295089683419,
    "macd_hist": -0.00023068698600122914,
    "adx14": 23.429023143127026,
    "bollinger_upper": 0.1891881552618082,
    "bollinger_middle": 0.1861075,
    "bollinger_lower": 0.1830268447381918,
    "atr14": 0.0019092857142857106,
    "keltner_upper": 0.1897375075153662,
    "keltner_middle": 0.1859475075153662,
    "keltner_lower": 0.18215750751536622,
    "vwap": 0.18744841836309825,
    "obv": -10029218.500000004,
    "ad_line": -12960444.25928422,
    "fibonacci_levels": {
      "23.6%": 0.18746124,
      "38.2%": 0.18637937999999998,
      "50%": 0.18550499999999998,
      "61.8%": 0.18463062,
      "100%": 0.1818
    },
    "pivot_points": {
      "pivot": 0.18370333333333333,
      "s1": 0.18320666666666666,
      "r1": 0.18469666666666665
    },
    "order_book_imbalance": 0.5,
    "ichimoku": {
      "tenkan_sen": 0.18517499999999998,
      "kijun_sen": 0.186835,
      "senkou_span_a": 0.18600499999999998,
      "senkou_span_b": 0.186925,
      "chikou_span": 0.0
    },
    "parabolic_sar": 0.18791979264
  },
  "6h": {
    "rsi14": 38.87381605282838,
    "stochastic_k": 45.879265091863545,
    "stochastic_d": 53.25459317585305,
    "cci20": -88.8129414445204,
    "williams_r14": -65.03937007874013,
    "sma20": 0.18807049999999997,
    "ema10": 0.18737086496347005,
    "ema20": 0.18904526542282468,
    "macd": -0.0023951146036057247,
    "macd_signal": -0.0025310082428379667,
    "macd_hist": 0.000135893639232242,
    "adx14": 27.09605942032718,
    "bollinger_upper": 0.1933306760026581,
    "bollinger_middle": 0.18807049999999997,
    "bollinger_lower": 0.18281032399734184,
    "atr14": 0.004807142857142857,
    "keltner_upper": 0.1985894106305638,
    "keltner_middle": 0.18894341063056377,
    "keltner_lower": 0.17929741063056376,
    "vwap": 0.1967633160104774,
    "obv": 32976081.799999937,
    "ad_line": 105695962.29486467,
    "fibonacci_levels": {
      "23.6%": 0.19490916,
      "38.2%": 0.19218042,
      "50%": 0.189975,
      "61.8%": 0.18776958000000002,
      "100%": 0.18063
    },
    "pivot_points": {
      "pivot": 0.18605000000000002,
      "s1": 0.18481000000000003,
      "r1": 0.18828000000000003
    },
    "order_book_imbalance": 0.5,
    "ichimoku": {
      "tenkan_sen": 0.186925,
      "kijun_sen": 0.19499,
      "senkou_span_a": 0.1909575,
      "senkou_span_b": 0.19499,
      "chikou_span": 0.0
    },
    "parabolic_sar": 0.18151655561280003
  },
  "1d": {
    "rsi14": 37.29652416662809,
    "stochastic_k": 16.040248398659912,
    "stochastic_d": 14.901179572503748,
    "cci20": -111.84998442220676,
    "williams_r14": -84.54038997214485,
    "sma20": 0.198258,
    "ema10": 0.19055886815616116,
    "ema20": 0.191944450140503,
    "macd": 1.0140660534341261e-06,
    "macd_signal": 0.002477081606105582,
    "macd_hist": -0.0024760675400521477,
    "adx14": 28.711148805625964,
    "bollinger_upper": 0.21891206660608067,
    "bollinger_middle": 0.198258,
    "bollinger_lower": 0.1776039333939193,
    "atr14": 0.010660714285714286,
    "keltner_upper": 0.21793124147477932,
    "keltner_middle": 0.19206624147477933,
    "keltner_lower": 0.16620124147477933,
    "vwap": 0.17809082919043118,
    "obv": 1266066366.1000001,
    "ad_line": 71265749.99764434,
    "fibonacci_levels": {
      "23.6%": 0.21834868000000002,
      "38.2%": 0.21114066,
      "50%": 0.20531500000000003,
      "61.8%": 0.19948934000000001,
      "100%": 0.18063
    },
    "pivot_points": {
      "pivot": 0.18721666666666667,
      "s1": 0.18238333333333334,
      "r1": 0.19220333333333334
    },
    "order_book_imbalance": 0.5,
    "ichimoku": {
      "tenkan_sen": 0.19499,
      "kijun_sen": 0.19956000000000002,
      "senkou_span_a": 0.197275,
      "senkou_span_b": 0.17736000000000002,
      "chikou_span": 0.0
    },
    "parabolic_sar": 0.20670629867966323
  },
  "timing": {
    "bid_ask_spread": 5.3957804996396946e-05,
    "order_book_imbalance": 0.5,
    "ema5": 0.18529992311147409,
    "atr14": 2.1428571428573032e-06,
    "volume_surge_ratio": 1.0000054015573787
  }
}
2025-05-28 13:18:32,960 - INFO - Candlestick patterns for HBAR-USD:
{
  "1m": {
    "marubozu_bullish": true,
    "marubozu_bearish": false,
    "hammer": false,
    "hanging_man": false,
    "inverted_hammer": false,
    "shooting_star": false,
    "doji_standard": false,
    "doji_long_legged": false,
    "doji_gravestone": false,
    "doji_dragonfly": false,
    "doji_four_price": true,
    "engulfing_bullish": false,
    "engulfing_bearish": false,
    "harami_bullish": false,
    "harami_bearish": false,
    "harami_cross_bullish": false,
    "harami_cross_bearish": false,
    "tweezer_tops": false,
    "tweezer_bottoms": false,
    "dark_cloud_cover": false,
    "piercing_line": false,
    "on_neck": false,
    "morning_star": false,
    "evening_star": false,
    "three_white_soldiers": true,
    "three_black_crows": false,
    "three_inside_up": false,
    "three_inside_down": false,
    "stick_sandwich_bullish": false,
    "stick_sandwich_bearish": false,
    "rising_three_methods": false,
    "falling_three_methods": false
  },
  "5m": {
    "marubozu_bullish": false,
    "marubozu_bearish": false,
    "hammer": false,
    "hanging_man": false,
    "inverted_hammer": false,
    "shooting_star": false,
    "doji_standard": false,
    "doji_long_legged": false,
    "doji_gravestone": false,
    "doji_dragonfly": false,
    "doji_four_price": false,
    "engulfing_bullish": true,
    "engulfing_bearish": false,
    "harami_bullish": false,
    "harami_bearish": false,
    "harami_cross_bullish": false,
    "harami_cross_bearish": false,
    "tweezer_tops": false,
    "tweezer_bottoms": true,
    "dark_cloud_cover": false,
    "piercing_line": false,
    "on_neck": false,
    "morning_star": false,
    "evening_star": false,
    "three_white_soldiers": false,
    "three_black_crows": false,
    "three_inside_up": false,
    "three_inside_down": false,
    "stick_sandwich_bullish": false,
    "stick_sandwich_bearish": false,
    "rising_three_methods": false,
    "falling_three_methods": false
  },
  "15m": {
    "marubozu_bullish": false,
    "marubozu_bearish": false,
    "hammer": false,
    "hanging_man": false,
    "inverted_hammer": false,
    "shooting_star": false,
    "doji_standard": false,
    "doji_long_legged": false,
    "doji_gravestone": false,
    "doji_dragonfly": false,
    "doji_four_price": false,
    "engulfing_bullish": false,
    "engulfing_bearish": false,
    "harami_bullish": false,
    "harami_bearish": false,
    "harami_cross_bullish": false,
    "harami_cross_bearish": false,
    "tweezer_tops": false,
    "tweezer_bottoms": false,
    "dark_cloud_cover": false,
    "piercing_line": false,
    "on_neck": false,
    "morning_star": false,
    "evening_star": false,
    "three_white_soldiers": false,
    "three_black_crows": false,
    "three_inside_up": false,
    "three_inside_down": false,
    "stick_sandwich_bullish": false,
    "stick_sandwich_bearish": false,
    "rising_three_methods": false,
    "falling_three_methods": false
  },
  "1h": {
    "marubozu_bullish": false,
    "marubozu_bearish": false,
    "hammer": false,
    "hanging_man": false,
    "inverted_hammer": false,
    "shooting_star": false,
    "doji_standard": false,
    "doji_long_legged": false,
    "doji_gravestone": false,
    "doji_dragonfly": false,
    "doji_four_price": false,
    "engulfing_bullish": false,
    "engulfing_bearish": false,
    "harami_bullish": false,
    "harami_bearish": false,
    "harami_cross_bullish": false,
    "harami_cross_bearish": false,
    "tweezer_tops": false,
    "tweezer_bottoms": false,
    "dark_cloud_cover": false,
    "piercing_line": false,
    "on_neck": false,
    "morning_star": false,
    "evening_star": false,
    "three_white_soldiers": false,
    "three_black_crows": false,
    "three_inside_up": false,
    "three_inside_down": false,
    "stick_sandwich_bullish": false,
    "stick_sandwich_bearish": false,
    "rising_three_methods": false,
    "falling_three_methods": false
  },
  "6h": {
    "marubozu_bullish": false,
    "marubozu_bearish": false,
    "hammer": false,
    "hanging_man": false,
    "inverted_hammer": false,
    "shooting_star": false,
    "doji_standard": false,
    "doji_long_legged": false,
    "doji_gravestone": false,
    "doji_dragonfly": false,
    "doji_four_price": false,
    "engulfing_bullish": false,
    "engulfing_bearish": false,
    "harami_bullish": false,
    "harami_bearish": false,
    "harami_cross_bullish": false,
    "harami_cross_bearish": false,
    "tweezer_tops": false,
    "tweezer_bottoms": false,
    "dark_cloud_cover": false,
    "piercing_line": false,
    "on_neck": false,
    "morning_star": false,
    "evening_star": false,
    "three_white_soldiers": false,
    "three_black_crows": false,
    "three_inside_up": false,
    "three_inside_down": false,
    "stick_sandwich_bullish": false,
    "stick_sandwich_bearish": false,
    "rising_three_methods": false,
    "falling_three_methods": false
  },
  "1d": {
    "marubozu_bullish": false,
    "marubozu_bearish": false,
    "hammer": false,
    "hanging_man": false,
    "inverted_hammer": false,
    "shooting_star": false,
    "doji_standard": false,
    "doji_long_legged": false,
    "doji_gravestone": false,
    "doji_dragonfly": false,
    "doji_four_price": false,
    "engulfing_bullish": false,
    "engulfing_bearish": false,
    "harami_bullish": false,
    "harami_bearish": false,
    "harami_cross_bullish": false,
    "harami_cross_bearish": false,
    "tweezer_tops": false,
    "tweezer_bottoms": false,
    "dark_cloud_cover": false,
    "piercing_line": false,
    "on_neck": false,
    "morning_star": false,
    "evening_star": false,
    "three_white_soldiers": false,
    "three_black_crows": false,
    "three_inside_up": false,
    "three_inside_down": false,
    "stick_sandwich_bullish": false,
    "stick_sandwich_bearish": false,
    "rising_three_methods": false,
    "falling_three_methods": true
  }
}
2025-05-28 13:18:33,056 - INFO - Chart patterns for HBAR-USD:
{
  "1m": {
    "double_top": false,
    "double_bottom": false,
    "head_and_shoulders": false,
    "inverse_head_and_shoulders": false,
    "rising_wedge": true,
    "falling_wedge": true,
    "rectangle_bullish": true,
    "rectangle_bearish": false,
    "flag_bullish": false,
    "flag_bearish": false,
    "pennant_bullish": false,
    "triangle_ascending": true,
    "triangle_descending": false,
    "triangle_symmetrical": true
  },
  "5m": {
    "double_top": false,
    "double_bottom": false,
    "head_and_shoulders": false,
    "inverse_head_and_shoulders": false,
    "rising_wedge": false,
    "falling_wedge": false,
    "rectangle_bullish": true,
    "rectangle_bearish": false,
    "flag_bullish": false,
    "flag_bearish": false,
    "pennant_bullish": false,
    "triangle_ascending": true,
    "triangle_descending": false,
    "triangle_symmetrical": false
  },
  "15m": {
    "double_top": false,
    "double_bottom": false,
    "head_and_shoulders": false,
    "inverse_head_and_shoulders": false,
    "rising_wedge": false,
    "falling_wedge": false,
    "rectangle_bullish": false,
    "rectangle_bearish": false,
    "flag_bullish": false,
    "flag_bearish": false,
    "pennant_bullish": false,
    "triangle_ascending": false,
    "triangle_descending": false,
    "triangle_symmetrical": false
  },
  "1h": {
    "double_top": false,
    "double_bottom": false,
    "head_and_shoulders": false,
    "inverse_head_and_shoulders": false,
    "rising_wedge": true,
    "falling_wedge": true,
    "rectangle_bullish": false,
    "rectangle_bearish": true,
    "flag_bullish": false,
    "flag_bearish": false,
    "pennant_bullish": false,
    "triangle_ascending": false,
    "triangle_descending": true,
    "triangle_symmetrical": true
  },
  "6h": {
    "double_top": false,
    "double_bottom": false,
    "head_and_shoulders": false,
    "inverse_head_and_shoulders": false,
    "rising_wedge": false,
    "falling_wedge": false,
    "rectangle_bullish": false,
    "rectangle_bearish": false,
    "flag_bullish": false,
    "flag_bearish": false,
    "pennant_bullish": false,
    "triangle_ascending": false,
    "triangle_descending": false,
    "triangle_symmetrical": true
  },
  "1d": {
    "double_top": false,
    "double_bottom": false,
    "head_and_shoulders": false,
    "inverse_head_and_shoulders": false,
    "rising_wedge": false,
    "falling_wedge": true,
    "rectangle_bullish": false,
    "rectangle_bearish": false,
    "flag_bullish": false,
    "flag_bearish": false,
    "pennant_bullish": false,
    "triangle_ascending": false,
    "triangle_descending": false,
    "triangle_symmetrical": false
  }
}
2025-05-28 13:18:33,270 - INFO - Market states:
{
  "HBAR-USD": {
    "1h": "sideways",
    "1d": "downtrend"
  }
}
2025-05-28 13:19:15,777 - INFO - Closing WebSocket connections...
2025-05-28 13:19:15,813 - INFO - Closing exchange connection...
