2025-05-21 19:51:12,016 - INFO - Started ticker WebSocket task
2025-05-21 19:51:12,188 - INFO - Subscribed to ticker WebSocket for ['HBAR-USD']
2025-05-21 19:51:12,226 - INFO - Ticker buffer updated for HBAR-USD, shape: (1, 7), last_price: 0.19858
2025-05-21 19:51:12,230 - DEBUG - Ticker contents for HBAR-USD:
                         timestamp    symbol  last_price   volume_24h  best_bid  best_ask     side
0 2025-05-21 23:51:12.221487+00:00  HBAR-USD     0.19858  128295280.9   0.19857   0.19858  unknown
2025-05-21 19:51:12,230 - INFO - Subscription confirmation: {'channel': 'subscriptions', 'client_id': '', 'timestamp': '2025-05-21T23:51:12.179884008Z', 'sequence_num': 1, 'events': [{'subscriptions': {'ticker': ['HBAR-USD']}}]}
2025-05-21 19:51:13,965 - DEBUG - Fetched 40 1h klines for HBAR-USD, 0 remaining
2025-05-21 19:51:13,965 - DEBUG - Total fetched 40 1h klines for HBAR-USD
2025-05-21 19:51:13,966 - INFO - Initialized 1h klines for HBAR-USD, shape: (40, 6), latest timestamp: 2025-05-21 23:00:00+00:00
2025-05-21 19:51:13,971 - INFO - 1h kline contents for HBAR-USD:
                   timestamp     open     high      low    close      volume
0  2025-05-20 08:00:00+00:00  0.19502  0.19557  0.19358  0.19498   1424730.6
1  2025-05-20 09:00:00+00:00  0.19494  0.19567  0.19456  0.19486   1970809.8
2  2025-05-20 10:00:00+00:00  0.19486  0.19563  0.19334  0.19420   1332136.9
3  2025-05-20 11:00:00+00:00  0.19423  0.19435  0.19261  0.19397   1746265.4
4  2025-05-20 12:00:00+00:00  0.19396  0.19402  0.19144  0.19279   2956902.1
5  2025-05-20 13:00:00+00:00  0.19290  0.19337  0.19138  0.19197   5236267.9
6  2025-05-20 14:00:00+00:00  0.19198  0.19355  0.19161  0.19288   6129827.7
7  2025-05-20 15:00:00+00:00  0.19289  0.19497  0.19281  0.19418   5200511.7
8  2025-05-20 16:00:00+00:00  0.19420  0.19497  0.19286  0.19295   5252607.9
9  2025-05-20 17:00:00+00:00  0.19296  0.19477  0.19280  0.19409   4320660.1
10 2025-05-20 18:00:00+00:00  0.19418  0.19445  0.19035  0.19077   5045345.4
11 2025-05-20 19:00:00+00:00  0.19072  0.19421  0.19038  0.19375   4216235.2
12 2025-05-20 20:00:00+00:00  0.19369  0.19488  0.19247  0.19438   5772499.0
13 2025-05-20 21:00:00+00:00  0.19441  0.19570  0.19392  0.19506   3987506.9
14 2025-05-20 22:00:00+00:00  0.19503  0.19530  0.19311  0.19477   2193191.8
15 2025-05-20 23:00:00+00:00  0.19480  0.19582  0.19428  0.19497   3470691.7
16 2025-05-21 00:00:00+00:00  0.19497  0.19594  0.19401  0.19424   2302456.0
17 2025-05-21 01:00:00+00:00  0.19424  0.19515  0.19343  0.19361   3330059.4
18 2025-05-21 02:00:00+00:00  0.19364  0.19484  0.19248  0.19436   2508004.1
19 2025-05-21 03:00:00+00:00  0.19436  0.19552  0.19396  0.19490   3579817.1
20 2025-05-21 04:00:00+00:00  0.19483  0.19649  0.19440  0.19552   5784603.9
21 2025-05-21 05:00:00+00:00  0.19548  0.19780  0.19548  0.19739   6911710.0
22 2025-05-21 06:00:00+00:00  0.19743  0.19854  0.19643  0.19786   6386883.8
23 2025-05-21 07:00:00+00:00  0.19786  0.19825  0.19544  0.19656   7122286.8
24 2025-05-21 08:00:00+00:00  0.19651  0.19741  0.19542  0.19565   1651739.5
25 2025-05-21 09:00:00+00:00  0.19570  0.19590  0.19437  0.19454   1897474.2
26 2025-05-21 10:00:00+00:00  0.19457  0.19584  0.19413  0.19558   1391223.2
27 2025-05-21 11:00:00+00:00  0.19560  0.19708  0.19548  0.19565   3972269.0
28 2025-05-21 12:00:00+00:00  0.19566  0.19650  0.19486  0.19559   2129304.9
29 2025-05-21 13:00:00+00:00  0.19561  0.19722  0.19473  0.19637   3009335.5
30 2025-05-21 14:00:00+00:00  0.19641  0.19844  0.19517  0.19844   4112883.3
31 2025-05-21 15:00:00+00:00  0.19839  0.19957  0.19717  0.19892  10365969.0
32 2025-05-21 16:00:00+00:00  0.19895  0.20250  0.19833  0.20041   8440061.5
33 2025-05-21 17:00:00+00:00  0.20043  0.20133  0.19235  0.19364  24277869.5
34 2025-05-21 18:00:00+00:00  0.19368  0.19603  0.19283  0.19462   5655603.1
35 2025-05-21 19:00:00+00:00  0.19468  0.19744  0.19429  0.19711   6754086.8
36 2025-05-21 20:00:00+00:00  0.19703  0.19735  0.19560  0.19650   3342715.1
37 2025-05-21 21:00:00+00:00  0.19655  0.19764  0.19582  0.19674   1954996.9
38 2025-05-21 22:00:00+00:00  0.19681  0.19866  0.19675  0.19844   2990400.6
39 2025-05-21 23:00:00+00:00  0.19836  0.20060  0.19774  0.19858   7715022.6
2025-05-21 19:51:14,140 - DEBUG - Fetched 40 1d klines for HBAR-USD, 0 remaining
2025-05-21 19:51:14,141 - DEBUG - Total fetched 40 1d klines for HBAR-USD
2025-05-21 19:51:14,142 - INFO - Initialized 1d klines for HBAR-USD, shape: (40, 6), latest timestamp: 2025-05-21 00:00:00+00:00
2025-05-21 19:51:14,148 - INFO - 1d kline contents for HBAR-USD:
                   timestamp     open     high      low    close       volume
0  2025-04-12 00:00:00+00:00  0.16749  0.17825  0.16500  0.17702  168646227.1
1  2025-04-13 00:00:00+00:00  0.17705  0.17744  0.16310  0.16522  136743313.1
2  2025-04-14 00:00:00+00:00  0.16524  0.17278  0.16247  0.16523  160071357.1
3  2025-04-15 00:00:00+00:00  0.16522  0.16825  0.15661  0.15702  101802750.4
4  2025-04-16 00:00:00+00:00  0.15696  0.16095  0.15406  0.15747  128461095.2
5  2025-04-17 00:00:00+00:00  0.15748  0.16593  0.15622  0.16304  112356452.7
6  2025-04-18 00:00:00+00:00  0.16304  0.16663  0.16193  0.16515   76765017.8
7  2025-04-19 00:00:00+00:00  0.16515  0.16781  0.16434  0.16695   52636940.3
8  2025-04-20 00:00:00+00:00  0.16696  0.16882  0.16084  0.16604   72503733.4
9  2025-04-21 00:00:00+00:00  0.16603  0.17404  0.16603  0.16920  154970116.1
10 2025-04-22 00:00:00+00:00  0.16921  0.18250  0.16762  0.18144  154279559.6
11 2025-04-23 00:00:00+00:00  0.18140  0.18999  0.17750  0.18049  224316826.2
12 2025-04-24 00:00:00+00:00  0.18044  0.18926  0.17565  0.18846  226886518.7
13 2025-04-25 00:00:00+00:00  0.18847  0.20249  0.18405  0.19266  261721770.0
14 2025-04-26 00:00:00+00:00  0.19269  0.19815  0.19001  0.19163   92500337.3
15 2025-04-27 00:00:00+00:00  0.19167  0.19414  0.18500  0.19039  117077046.6
16 2025-04-28 00:00:00+00:00  0.19039  0.19927  0.18559  0.19083  172523634.1
17 2025-04-29 00:00:00+00:00  0.19086  0.19197  0.18352  0.18616  105654057.9
18 2025-04-30 00:00:00+00:00  0.18608  0.18865  0.17589  0.18208  159777688.5
19 2025-05-01 00:00:00+00:00  0.18202  0.19198  0.18128  0.18604  116098115.0
20 2025-05-02 00:00:00+00:00  0.18602  0.19064  0.18387  0.18707  104720479.6
21 2025-05-03 00:00:00+00:00  0.18711  0.18750  0.17910  0.18028   67595553.2
22 2025-05-04 00:00:00+00:00  0.18025  0.18490  0.17482  0.17610   80536076.0
23 2025-05-05 00:00:00+00:00  0.17610  0.17840  0.17173  0.17348   95774994.0
24 2025-05-06 00:00:00+00:00  0.17348  0.17757  0.16912  0.17711  133730041.0
25 2025-05-07 00:00:00+00:00  0.17714  0.17824  0.17260  0.17575   71165283.7
26 2025-05-08 00:00:00+00:00  0.17577  0.19708  0.17497  0.19528  158755629.0
27 2025-05-09 00:00:00+00:00  0.19524  0.20655  0.19273  0.20252  228592220.6
28 2025-05-10 00:00:00+00:00  0.20251  0.21979  0.20036  0.21919  181994369.9
29 2025-05-11 00:00:00+00:00  0.21915  0.22080  0.20104  0.20693  144237812.4
30 2025-05-12 00:00:00+00:00  0.20693  0.23000  0.20462  0.21504  350797099.3
31 2025-05-13 00:00:00+00:00  0.21507  0.21863  0.20072  0.21616  204428452.5
32 2025-05-14 00:00:00+00:00  0.21621  0.21685  0.20375  0.20614  123282504.2
33 2025-05-15 00:00:00+00:00  0.20615  0.20788  0.19337  0.19811  134066373.5
34 2025-05-16 00:00:00+00:00  0.19813  0.20196  0.19383  0.19562   97413910.0
35 2025-05-17 00:00:00+00:00  0.19565  0.19598  0.18704  0.19109   77691873.2
36 2025-05-18 00:00:00+00:00  0.19118  0.20100  0.18687  0.19694  101053133.9
37 2025-05-19 00:00:00+00:00  0.19696  0.19793  0.18446  0.19402  101364667.3
38 2025-05-20 00:00:00+00:00  0.19404  0.19853  0.19035  0.19497   88738060.4
39 2025-05-21 00:00:00+00:00  0.19497  0.20250  0.19235  0.19858  127586775.8
2025-05-21 19:51:14,148 - INFO - Started kline update tasks for HBAR-USD (1h, 1d)
2025-05-21 19:51:14,148 - DEBUG - Checking for new 1h kline for HBAR-USD
2025-05-21 19:51:14,148 - DEBUG - Checking for new 1d kline for HBAR-USD
2025-05-21 19:51:14,320 - DEBUG - Fetched 1 1h klines for HBAR-USD, 0 remaining
2025-05-21 19:51:14,320 - DEBUG - Total fetched 1 1h klines for HBAR-USD
2025-05-21 19:51:14,322 - DEBUG - No new 1h klines for HBAR-USD
2025-05-21 19:51:14,419 - DEBUG - Fetched 1 1d klines for HBAR-USD, 0 remaining
2025-05-21 19:51:14,419 - DEBUG - Total fetched 1 1d klines for HBAR-USD
2025-05-21 19:51:14,421 - DEBUG - No new 1d klines for HBAR-USD
2025-05-21 19:52:14,323 - DEBUG - Checking for new 1h kline for HBAR-USD
2025-05-21 19:52:14,537 - DEBUG - Fetched 1 1h klines for HBAR-USD, 0 remaining
2025-05-21 19:52:14,538 - DEBUG - Total fetched 1 1h klines for HBAR-USD
2025-05-21 19:52:14,539 - DEBUG - No new 1h klines for HBAR-USD
2025-05-21 19:53:14,540 - DEBUG - Checking for new 1h kline for HBAR-USD
2025-05-21 19:53:14,751 - DEBUG - Fetched 1 1h klines for HBAR-USD, 0 remaining
2025-05-21 19:53:14,751 - DEBUG - Total fetched 1 1h klines for HBAR-USD
2025-05-21 19:53:14,754 - DEBUG - No new 1h klines for HBAR-USD
2025-05-21 19:54:14,754 - DEBUG - Checking for new 1h kline for HBAR-USD
2025-05-21 19:54:15,086 - DEBUG - Fetched 1 1h klines for HBAR-USD, 0 remaining
2025-05-21 19:54:15,086 - DEBUG - Total fetched 1 1h klines for HBAR-USD
2025-05-21 19:54:15,088 - DEBUG - No new 1h klines for HBAR-USD
2025-05-21 19:55:15,089 - DEBUG - Checking for new 1h kline for HBAR-USD
2025-05-21 19:55:15,296 - DEBUG - Fetched 1 1h klines for HBAR-USD, 0 remaining
2025-05-21 19:55:15,297 - DEBUG - Total fetched 1 1h klines for HBAR-USD
2025-05-21 19:55:15,298 - DEBUG - No new 1h klines for HBAR-USD
2025-05-21 19:56:15,299 - DEBUG - Checking for new 1h kline for HBAR-USD
2025-05-21 19:56:15,550 - DEBUG - Fetched 1 1h klines for HBAR-USD, 0 remaining
2025-05-21 19:56:15,550 - DEBUG - Total fetched 1 1h klines for HBAR-USD
2025-05-21 19:56:15,552 - DEBUG - No new 1h klines for HBAR-USD
2025-05-21 19:57:15,553 - DEBUG - Checking for new 1h kline for HBAR-USD
2025-05-21 19:57:15,776 - DEBUG - Fetched 1 1h klines for HBAR-USD, 0 remaining
2025-05-21 19:57:15,776 - DEBUG - Total fetched 1 1h klines for HBAR-USD
2025-05-21 19:57:15,778 - DEBUG - No new 1h klines for HBAR-USD
2025-05-21 19:58:15,780 - DEBUG - Checking for new 1h kline for HBAR-USD
2025-05-21 19:58:16,012 - DEBUG - Fetched 1 1h klines for HBAR-USD, 0 remaining
2025-05-21 19:58:16,012 - DEBUG - Total fetched 1 1h klines for HBAR-USD
2025-05-21 19:58:16,014 - DEBUG - No new 1h klines for HBAR-USD
2025-05-21 19:59:16,014 - DEBUG - Checking for new 1h kline for HBAR-USD
2025-05-21 19:59:16,222 - DEBUG - Fetched 1 1h klines for HBAR-USD, 0 remaining
2025-05-21 19:59:16,223 - DEBUG - Total fetched 1 1h klines for HBAR-USD
2025-05-21 19:59:16,225 - DEBUG - No new 1h klines for HBAR-USD
2025-05-21 20:00:16,226 - DEBUG - Checking for new 1h kline for HBAR-USD
2025-05-21 20:00:16,475 - DEBUG - Fetched 1 1h klines for HBAR-USD, 0 remaining
2025-05-21 20:00:16,475 - DEBUG - Total fetched 1 1h klines for HBAR-USD
2025-05-21 20:00:16,477 - INFO - Updated 1h klines for HBAR-USD with 1 new rows, shape: (40, 6), latest timestamp: 2025-05-22 00:00:00+00:00
2025-05-21 20:00:16,480 - DEBUG - New 1h kline data for HBAR-USD:
                  timestamp     open     high      low    close    volume
0 2025-05-22 00:00:00+00:00  0.19813  0.19826  0.19812  0.19813  117465.9
