2025-05-26 08:40:06,282 - DEBUG - IndicatorCalculator initialized with symbols: ['HBAR-USD']
2025-05-26 08:40:06,282 - DEBUG - Calculating indicators for HBAR-USD
2025-05-26 08:40:06,282 - WARNING - Empty 1-hour klines buffer for HBAR-USD
2025-05-26 08:40:06,282 - WARNING - Empty 1-day klines buffer for HBAR-USD
2025-05-26 08:40:06,282 - WARNING - Insufficient ticker data for HBAR-USD: 0 rows
2025-05-26 08:40:06,282 - DEBUG - Indicators for HBAR-USD: {'1h': {}, '1d': {}, 'timing': {'bid_ask_spread': 0.0, 'order_book_imbalance': 0.5, 'ema5': 0.0, 'atr14': 0.0001, 'volume_surge_ratio': 1.0}}
2025-05-26 08:40:15,777 - DEBUG - Calculating indicators for HBAR-USD
2025-05-26 08:40:15,779 - DEBUG - 1-hour klines for HBAR-USD: rows=40, columns=['timestamp', 'open', 'high', 'low', 'close', 'volume']
2025-05-26 08:40:15,780 - DEBUG - Sample klines data (last row): {'timestamp': {39: Timestamp('2025-05-26 12:00:00+0000', tz='UTC')}, 'open': {39: 0.19065}, 'high': {39: 0.19098}, 'low': {39: 0.19009}, 'close': {39: 0.19041}, 'volume': {39: 1007042.1}}
2025-05-26 08:40:15,780 - DEBUG - Klines time range: 2025-05-24 21:00:00+00:00 to 2025-05-26 12:00:00+00:00
2025-05-26 08:40:15,781 - DEBUG - EMA for HBAR-USD: ema12=0.19009661717717702, ema26=0.18892723741768036
2025-05-26 08:40:15,783 - DEBUG - RSI14 for HBAR-USD: rsi14=56.26782695707366
2025-05-26 08:40:15,789 - DEBUG - ADX14 for HBAR-USD: adx14=63.833825674982165
2025-05-26 08:40:15,791 - DEBUG - ATR14 for HBAR-USD: atr14=0.0014171428571428588
2025-05-26 08:40:15,792 - DEBUG - MACD for HBAR-USD: macd=0.0011693797594966582, macd_signal=0.0009489855020942731, macd_hist=0.00022039425740238506
2025-05-26 08:40:15,792 - DEBUG - 1-hour indicators for HBAR-USD: {'ema12': np.float64(0.19009661717717702), 'ema26': np.float64(0.18892723741768036), 'rsi14': np.float64(56.26782695707366), 'adx14': np.float64(63.833825674982165), 'atr14': np.float64(0.0014171428571428588), 'macd': np.float64(0.0011693797594966582), 'macd_signal': np.float64(0.0009489855020942731), 'macd_hist': np.float64(0.00022039425740238506)}
2025-05-26 08:40:15,793 - DEBUG - 1-day klines for HBAR-USD: rows=40, columns=['timestamp', 'open', 'high', 'low', 'close', 'volume']
2025-05-26 08:40:15,794 - DEBUG - Sample klines data (last row): {'timestamp': {39: Timestamp('2025-05-26 00:00:00+0000', tz='UTC')}, 'open': {39: 0.18821}, 'high': {39: 0.19333}, 'low': {39: 0.18723}, 'close': {39: 0.19041}, 'volume': {39: 23058493.0}}
2025-05-26 08:40:15,795 - DEBUG - Klines time range: 2025-04-17 00:00:00+00:00 to 2025-05-26 00:00:00+00:00
2025-05-26 08:40:15,795 - DEBUG - EMA for HBAR-USD: ema12=0.1939592924057147, ema26=0.19239721840980126
2025-05-26 08:40:15,797 - DEBUG - RSI14 for HBAR-USD: rsi14=43.93292327231758
2025-05-26 08:40:15,802 - DEBUG - ADX14 for HBAR-USD: adx14=25.11425019196243
2025-05-26 08:40:15,804 - DEBUG - ATR14 for HBAR-USD: atr14=0.011479999999999999
2025-05-26 08:40:15,805 - DEBUG - MACD for HBAR-USD: macd=0.0015620739959134322, macd_signal=0.0039418234706287475, macd_hist=-0.0023797494747153152
2025-05-26 08:40:15,805 - DEBUG - 1-day indicators for HBAR-USD: {'ema12': np.float64(0.1939592924057147), 'ema26': np.float64(0.19239721840980126), 'rsi14': np.float64(43.93292327231758), 'adx14': np.float64(25.11425019196243), 'atr14': np.float64(0.011479999999999999), 'macd': np.float64(0.0015620739959134322), 'macd_signal': np.float64(0.0039418234706287475), 'macd_hist': np.float64(-0.0023797494747153152)}
2025-05-26 08:40:15,805 - WARNING - Empty order book data for HBAR-USD
2025-05-26 08:40:15,805 - DEBUG - Indicators for HBAR-USD: {'1h': {'ema12': np.float64(0.19009661717717702), 'ema26': np.float64(0.18892723741768036), 'rsi14': np.float64(56.26782695707366), 'adx14': np.float64(63.833825674982165), 'atr14': np.float64(0.0014171428571428588), 'macd': np.float64(0.0011693797594966582), 'macd_signal': np.float64(0.0009489855020942731), 'macd_hist': np.float64(0.00022039425740238506)}, '1d': {'ema12': np.float64(0.1939592924057147), 'ema26': np.float64(0.19239721840980126), 'rsi14': np.float64(43.93292327231758), 'adx14': np.float64(25.11425019196243), 'atr14': np.float64(0.011479999999999999), 'macd': np.float64(0.0015620739959134322), 'macd_signal': np.float64(0.0039418234706287475), 'macd_hist': np.float64(-0.0023797494747153152)}, 'timing': {'bid_ask_spread': 0.0, 'order_book_imbalance': 0.5, 'ema5': 0.0, 'atr14': 0.0001, 'volume_surge_ratio': 1.0}}
