2025-05-18 17:37:34,655 - DEBUG - Attempting to cancel all buy orders for HBAR-USDT
2025-05-18 17:37:36,656 - INFO - No open buy orders found for HBAR-USDT to cancel.
2025-05-18 17:37:36,878 - DEBUG - Fetched USDT balance: 1318.26329
2025-05-18 17:37:37,416 - DEBUG - Fetched HBAR balance: 102.3
2025-05-18 17:37:37,919 - DEBUG - Fetched 13 orders for HBAR-USDT
2025-05-18 17:37:38,087 - DEBUG - Fetched 13 orders for HBAR-USDT
2025-05-18 17:37:38,274 - DEBUG - Fetched USDT balance: 1318.26329
2025-05-18 17:37:38,841 - DEBUG - Fetched HBAR balance: 102.3
2025-05-18 17:37:39,462 - DEBUG - Created limit buy order for HBAR-USDT: {'info': {'order_id': 'cbee35eb-eeff-4a7d-aa33-92e57f299540', 'product_id': 'HBAR-USDT', 'side': 'BUY', 'client_order_id': 'ccxt-e29daef2-07f2-4155-8224-132e7d50bbbd', 'attached_order_id': ''}, 'id': 'cbee35eb-eeff-4a7d-aa33-92e57f299540', 'clientOrderId': 'ccxt-e29daef2-07f2-4155-8224-132e7d50bbbd', 'timestamp': None, 'datetime': None, 'lastTradeTimestamp': None, 'symbol': 'HBAR/USDT', 'type': None, 'timeInForce': None, 'postOnly': None, 'side': 'buy', 'price': None, 'triggerPrice': None, 'amount': None, 'filled': None, 'remaining': None, 'cost': None, 'average': None, 'status': None, 'fee': {'cost': None, 'currency': None}, 'trades': [], 'fees': [{'cost': None, 'currency': None}], 'lastUpdateTimestamp': None, 'reduceOnly': None, 'stopPrice': None, 'takeProfitPrice': None, 'stopLossPrice': None}
2025-05-18 17:37:39,770 - DEBUG - Created limit buy order for HBAR-USDT: {'info': {'order_id': 'c1951084-52f4-442d-920f-74d147b8f39b', 'product_id': 'HBAR-USDT', 'side': 'BUY', 'client_order_id': 'ccxt-cf7cd680-a3f7-41e9-926a-db67b8369c4b', 'attached_order_id': ''}, 'id': 'c1951084-52f4-442d-920f-74d147b8f39b', 'clientOrderId': 'ccxt-cf7cd680-a3f7-41e9-926a-db67b8369c4b', 'timestamp': None, 'datetime': None, 'lastTradeTimestamp': None, 'symbol': 'HBAR/USDT', 'type': None, 'timeInForce': None, 'postOnly': None, 'side': 'buy', 'price': None, 'triggerPrice': None, 'amount': None, 'filled': None, 'remaining': None, 'cost': None, 'average': None, 'status': None, 'fee': {'cost': None, 'currency': None}, 'trades': [], 'fees': [{'cost': None, 'currency': None}], 'lastUpdateTimestamp': None, 'reduceOnly': None, 'stopPrice': None, 'takeProfitPrice': None, 'stopLossPrice': None}
2025-05-18 17:37:40,076 - DEBUG - Created limit buy order for HBAR-USDT: {'info': {'order_id': '83d3c4ed-3526-48b1-a631-523f838920d4', 'product_id': 'HBAR-USDT', 'side': 'BUY', 'client_order_id': 'ccxt-ff677e27-7a7b-4224-b2c1-3fb4785678b0', 'attached_order_id': ''}, 'id': '83d3c4ed-3526-48b1-a631-523f838920d4', 'clientOrderId': 'ccxt-ff677e27-7a7b-4224-b2c1-3fb4785678b0', 'timestamp': None, 'datetime': None, 'lastTradeTimestamp': None, 'symbol': 'HBAR/USDT', 'type': None, 'timeInForce': None, 'postOnly': None, 'side': 'buy', 'price': None, 'triggerPrice': None, 'amount': None, 'filled': None, 'remaining': None, 'cost': None, 'average': None, 'status': None, 'fee': {'cost': None, 'currency': None}, 'trades': [], 'fees': [{'cost': None, 'currency': None}], 'lastUpdateTimestamp': None, 'reduceOnly': None, 'stopPrice': None, 'takeProfitPrice': None, 'stopLossPrice': None}
2025-05-18 17:37:40,384 - DEBUG - Created limit buy order for HBAR-USDT: {'info': {'order_id': '58a0b208-7a92-4ef1-b28d-efbb1d5a2524', 'product_id': 'HBAR-USDT', 'side': 'BUY', 'client_order_id': 'ccxt-e6f4563e-d8e2-4034-a875-79ec0fa360eb', 'attached_order_id': ''}, 'id': '58a0b208-7a92-4ef1-b28d-efbb1d5a2524', 'clientOrderId': 'ccxt-e6f4563e-d8e2-4034-a875-79ec0fa360eb', 'timestamp': None, 'datetime': None, 'lastTradeTimestamp': None, 'symbol': 'HBAR/USDT', 'type': None, 'timeInForce': None, 'postOnly': None, 'side': 'buy', 'price': None, 'triggerPrice': None, 'amount': None, 'filled': None, 'remaining': None, 'cost': None, 'average': None, 'status': None, 'fee': {'cost': None, 'currency': None}, 'trades': [], 'fees': [{'cost': None, 'currency': None}], 'lastUpdateTimestamp': None, 'reduceOnly': None, 'stopPrice': None, 'takeProfitPrice': None, 'stopLossPrice': None}
2025-05-18 17:37:40,599 - DEBUG - Created limit buy order for HBAR-USDT: {'info': {'order_id': '5a8d6e44-46d9-4fa6-bc24-efd3b10fe071', 'product_id': 'HBAR-USDT', 'side': 'BUY', 'client_order_id': 'ccxt-46b7f899-fcdf-4cbc-bc50-2f53049d701e', 'attached_order_id': ''}, 'id': '5a8d6e44-46d9-4fa6-bc24-efd3b10fe071', 'clientOrderId': 'ccxt-46b7f899-fcdf-4cbc-bc50-2f53049d701e', 'timestamp': None, 'datetime': None, 'lastTradeTimestamp': None, 'symbol': 'HBAR/USDT', 'type': None, 'timeInForce': None, 'postOnly': None, 'side': 'buy', 'price': None, 'triggerPrice': None, 'amount': None, 'filled': None, 'remaining': None, 'cost': None, 'average': None, 'status': None, 'fee': {'cost': None, 'currency': None}, 'trades': [], 'fees': [{'cost': None, 'currency': None}], 'lastUpdateTimestamp': None, 'reduceOnly': None, 'stopPrice': None, 'takeProfitPrice': None, 'stopLossPrice': None}
2025-05-18 17:37:40,826 - DEBUG - Created limit buy order for HBAR-USDT: {'info': {'order_id': '3d18a466-bec8-425c-a07e-1e2f9dbd6908', 'product_id': 'HBAR-USDT', 'side': 'BUY', 'client_order_id': 'ccxt-8d3c7f82-f696-432f-825e-bd18942fdefb', 'attached_order_id': ''}, 'id': '3d18a466-bec8-425c-a07e-1e2f9dbd6908', 'clientOrderId': 'ccxt-8d3c7f82-f696-432f-825e-bd18942fdefb', 'timestamp': None, 'datetime': None, 'lastTradeTimestamp': None, 'symbol': 'HBAR/USDT', 'type': None, 'timeInForce': None, 'postOnly': None, 'side': 'buy', 'price': None, 'triggerPrice': None, 'amount': None, 'filled': None, 'remaining': None, 'cost': None, 'average': None, 'status': None, 'fee': {'cost': None, 'currency': None}, 'trades': [], 'fees': [{'cost': None, 'currency': None}], 'lastUpdateTimestamp': None, 'reduceOnly': None, 'stopPrice': None, 'takeProfitPrice': None, 'stopLossPrice': None}
2025-05-18 17:38:41,116 - DEBUG - Fetched 19 orders for HBAR-USDT
2025-05-18 17:38:41,337 - DEBUG - Fetched USDT balance: 1237.350597
2025-05-18 17:38:41,928 - DEBUG - Fetched HBAR balance: 170.5
2025-05-18 17:38:42,541 - DEBUG - Created limit sell order for HBAR-USDT: {'info': {'order_id': '90388b2b-f9d4-48f5-b2b2-c0245a08fd50', 'product_id': 'HBAR-USDT', 'side': 'SELL', 'client_order_id': 'ccxt-fdabca84-b75c-43fd-b042-0272b4486c88', 'attached_order_id': ''}, 'id': '90388b2b-f9d4-48f5-b2b2-c0245a08fd50', 'clientOrderId': 'ccxt-fdabca84-b75c-43fd-b042-0272b4486c88', 'timestamp': None, 'datetime': None, 'lastTradeTimestamp': None, 'symbol': 'HBAR/USDT', 'type': None, 'timeInForce': None, 'postOnly': None, 'side': 'sell', 'price': None, 'triggerPrice': None, 'amount': None, 'filled': None, 'remaining': None, 'cost': None, 'average': None, 'status': None, 'fee': {'cost': None, 'currency': None}, 'trades': [], 'fees': [{'cost': None, 'currency': None}], 'lastUpdateTimestamp': None, 'reduceOnly': None, 'stopPrice': None, 'takeProfitPrice': None, 'stopLossPrice': None}
2025-05-18 17:39:42,965 - DEBUG - Fetched 20 orders for HBAR-USDT
2025-05-18 17:39:43,189 - DEBUG - Fetched USDT balance: 1237.350597
2025-05-18 17:39:43,777 - DEBUG - Fetched HBAR balance: 102.3
2025-05-18 17:40:44,406 - DEBUG - Fetched 20 orders for HBAR-USDT
2025-05-18 17:40:44,707 - DEBUG - Fetched USDT balance: 1237.350597
2025-05-18 17:40:45,323 - DEBUG - Fetched HBAR balance: 102.3
2025-05-18 17:41:45,947 - DEBUG - Fetched 20 orders for HBAR-USDT
2025-05-18 17:41:46,249 - DEBUG - Fetched USDT balance: 1237.350597
2025-05-18 17:41:46,863 - DEBUG - Fetched HBAR balance: 102.3
2025-05-18 17:42:47,421 - DEBUG - Fetched 20 orders for HBAR-USDT
2025-05-18 17:42:47,690 - DEBUG - Fetched USDT balance: 1237.350597
2025-05-18 17:42:48,306 - DEBUG - Fetched HBAR balance: 102.3
2025-05-18 17:43:48,936 - DEBUG - Fetched 20 orders for HBAR-USDT
2025-05-18 17:43:49,156 - DEBUG - Fetched USDT balance: 1237.350597
2025-05-18 17:43:49,675 - DEBUG - Fetched HBAR balance: 102.3
2025-05-18 17:44:50,273 - DEBUG - Fetched 20 orders for HBAR-USDT
2025-05-18 17:44:50,578 - DEBUG - Fetched USDT balance: 1237.350597
2025-05-18 17:44:51,198 - DEBUG - Fetched HBAR balance: 102.3
2025-05-18 17:45:51,826 - DEBUG - Fetched 20 orders for HBAR-USDT
2025-05-18 17:45:52,042 - DEBUG - Fetched USDT balance: 1237.350597
2025-05-18 17:45:52,588 - DEBUG - Fetched HBAR balance: 102.3
2025-05-18 17:46:53,374 - DEBUG - Fetched 20 orders for HBAR-USDT
2025-05-18 17:46:53,586 - DEBUG - Fetched USDT balance: 1237.350597
2025-05-18 17:46:54,122 - DEBUG - Fetched HBAR balance: 102.3
2025-05-18 17:47:54,714 - DEBUG - Fetched 20 orders for HBAR-USDT
2025-05-18 17:47:55,119 - DEBUG - Fetched USDT balance: 1237.350597
2025-05-18 17:47:55,734 - DEBUG - Fetched HBAR balance: 102.3
2025-05-18 17:48:56,360 - DEBUG - Fetched 20 orders for HBAR-USDT
2025-05-18 17:48:56,575 - DEBUG - Fetched USDT balance: 1237.350597
2025-05-18 17:48:57,177 - DEBUG - Fetched HBAR balance: 102.3
2025-05-18 17:49:57,807 - DEBUG - Fetched 20 orders for HBAR-USDT
2025-05-18 17:49:58,026 - DEBUG - Fetched USDT balance: 1237.350597
2025-05-18 17:49:58,620 - DEBUG - Fetched HBAR balance: 102.3
2025-05-18 17:50:59,351 - DEBUG - Fetched 20 orders for HBAR-USDT
2025-05-18 17:50:59,654 - DEBUG - Fetched USDT balance: 1237.350597
2025-05-18 17:51:00,268 - DEBUG - Fetched HBAR balance: 102.3
2025-05-18 17:52:00,897 - DEBUG - Fetched 20 orders for HBAR-USDT
2025-05-18 17:52:01,123 - DEBUG - Fetched USDT balance: 1237.350597
2025-05-18 17:52:01,714 - DEBUG - Fetched HBAR balance: 102.3
2025-05-18 17:53:02,338 - DEBUG - Fetched 20 orders for HBAR-USDT
2025-05-18 17:53:02,589 - DEBUG - Fetched USDT balance: 1237.350597
2025-05-18 17:53:03,105 - DEBUG - Fetched HBAR balance: 102.3
2025-05-18 17:54:03,779 - DEBUG - Fetched 20 orders for HBAR-USDT
2025-05-18 17:54:04,079 - DEBUG - Fetched USDT balance: 1237.350597
2025-05-18 17:54:04,697 - DEBUG - Fetched HBAR balance: 102.3
2025-05-18 17:55:05,335 - DEBUG - Fetched 20 orders for HBAR-USDT
2025-05-18 17:55:05,551 - DEBUG - Fetched USDT balance: 1237.350597
2025-05-18 17:55:06,077 - DEBUG - Fetched HBAR balance: 102.3
2025-05-18 17:56:06,673 - DEBUG - Fetched 20 orders for HBAR-USDT
2025-05-18 17:56:06,964 - DEBUG - Fetched USDT balance: 1237.350597
2025-05-18 17:56:07,493 - DEBUG - Fetched HBAR balance: 102.3
2025-05-18 17:57:08,308 - DEBUG - Fetched 20 orders for HBAR-USDT
2025-05-18 17:57:08,539 - DEBUG - Fetched USDT balance: 1237.350597
2025-05-18 17:57:09,125 - DEBUG - Fetched HBAR balance: 102.3
2025-05-18 17:58:09,720 - DEBUG - Fetched 20 orders for HBAR-USDT
2025-05-18 17:58:09,963 - DEBUG - Fetched USDT balance: 1237.350597
2025-05-18 17:58:10,489 - DEBUG - Fetched HBAR balance: 102.3
2025-05-18 17:59:11,198 - DEBUG - Fetched 20 orders for HBAR-USDT
2025-05-18 17:59:11,496 - DEBUG - Fetched USDT balance: 1237.350597
2025-05-18 17:59:12,107 - DEBUG - Fetched HBAR balance: 102.3
2025-05-18 18:00:12,734 - DEBUG - Fetched 20 orders for HBAR-USDT
2025-05-18 18:00:12,954 - DEBUG - Fetched USDT balance: 1237.350597
2025-05-18 18:00:13,546 - DEBUG - Fetched HBAR balance: 102.3
2025-05-18 18:01:14,282 - DEBUG - Fetched 20 orders for HBAR-USDT
2025-05-18 18:01:14,579 - DEBUG - Fetched USDT balance: 1237.350597
2025-05-18 18:01:15,193 - DEBUG - Fetched HBAR balance: 102.3
2025-05-18 18:02:15,821 - DEBUG - Fetched 20 orders for HBAR-USDT
2025-05-18 18:02:16,124 - DEBUG - Fetched USDT balance: 1237.350597
2025-05-18 18:02:16,737 - DEBUG - Fetched HBAR balance: 102.3
2025-05-18 18:03:17,364 - DEBUG - Fetched 20 orders for HBAR-USDT
2025-05-18 18:03:17,684 - DEBUG - Fetched USDT balance: 1237.350597
2025-05-18 18:03:18,281 - DEBUG - Fetched HBAR balance: 102.3
2025-05-18 18:04:18,908 - DEBUG - Fetched 20 orders for HBAR-USDT
2025-05-18 18:04:19,128 - DEBUG - Fetched USDT balance: 1237.350597
2025-05-18 18:04:19,725 - DEBUG - Fetched HBAR balance: 102.3
2025-05-18 18:05:20,350 - DEBUG - Fetched 20 orders for HBAR-USDT
2025-05-18 18:05:20,569 - DEBUG - Fetched USDT balance: 1237.350597
2025-05-18 18:05:21,164 - DEBUG - Fetched HBAR balance: 102.3
2025-05-18 18:06:21,790 - DEBUG - Fetched 20 orders for HBAR-USDT
2025-05-18 18:06:22,093 - DEBUG - Fetched USDT balance: 1237.350597
2025-05-18 18:06:22,706 - DEBUG - Fetched HBAR balance: 102.3
2025-05-18 18:07:23,432 - DEBUG - Fetched 20 orders for HBAR-USDT
2025-05-18 18:07:23,650 - DEBUG - Fetched USDT balance: 1237.350597
2025-05-18 18:07:24,252 - DEBUG - Fetched HBAR balance: 102.3
2025-05-18 18:08:24,875 - DEBUG - Fetched 20 orders for HBAR-USDT
2025-05-18 18:08:25,184 - DEBUG - Fetched USDT balance: 1237.350597
2025-05-18 18:08:25,791 - DEBUG - Fetched HBAR balance: 102.3
2025-05-18 18:09:26,417 - DEBUG - Fetched 20 orders for HBAR-USDT
2025-05-18 18:09:26,719 - DEBUG - Fetched USDT balance: 1237.350597
2025-05-18 18:09:27,248 - DEBUG - Fetched HBAR balance: 102.3
2025-05-18 18:10:27,851 - DEBUG - Fetched 20 orders for HBAR-USDT
2025-05-18 18:10:28,076 - DEBUG - Fetched USDT balance: 1237.350597
2025-05-18 18:10:28,672 - DEBUG - Fetched HBAR balance: 102.3
2025-05-18 18:11:29,401 - DEBUG - Fetched 20 orders for HBAR-USDT
2025-05-18 18:11:29,619 - DEBUG - Fetched USDT balance: 1237.350597
2025-05-18 18:11:30,318 - DEBUG - Fetched HBAR balance: 102.3
2025-05-18 18:12:30,940 - DEBUG - Fetched 20 orders for HBAR-USDT
2025-05-18 18:12:31,157 - DEBUG - Fetched USDT balance: 1237.350597
2025-05-18 18:12:31,750 - DEBUG - Fetched HBAR balance: 102.3
2025-05-18 18:13:32,378 - DEBUG - Fetched 20 orders for HBAR-USDT
2025-05-18 18:13:32,685 - DEBUG - Fetched USDT balance: 1237.350597
2025-05-18 18:13:33,299 - DEBUG - Fetched HBAR balance: 102.3
2025-05-18 18:14:33,927 - DEBUG - Fetched 20 orders for HBAR-USDT
2025-05-18 18:14:34,228 - DEBUG - Fetched USDT balance: 1237.350597
2025-05-18 18:14:34,842 - DEBUG - Fetched HBAR balance: 102.3
2025-05-18 18:15:35,467 - DEBUG - Fetched 20 orders for HBAR-USDT
2025-05-18 18:15:35,678 - DEBUG - Fetched USDT balance: 1237.350597
2025-05-18 18:15:36,283 - DEBUG - Fetched HBAR balance: 102.3
2025-05-18 18:16:37,019 - DEBUG - Fetched 20 orders for HBAR-USDT
2025-05-18 18:16:37,312 - DEBUG - Fetched USDT balance: 1237.350597
2025-05-18 18:16:37,831 - DEBUG - Fetched HBAR balance: 102.3
2025-05-18 18:17:38,554 - DEBUG - Fetched 20 orders for HBAR-USDT
2025-05-18 18:17:38,847 - DEBUG - Fetched USDT balance: 1237.350597
2025-05-18 18:17:39,368 - DEBUG - Fetched HBAR balance: 102.3
2025-05-18 18:18:40,081 - DEBUG - Fetched 20 orders for HBAR-USDT
2025-05-18 18:18:40,485 - DEBUG - Fetched USDT balance: 1237.350597
2025-05-18 18:18:41,015 - DEBUG - Fetched HBAR balance: 102.3
2025-05-18 18:19:41,728 - DEBUG - Fetched 20 orders for HBAR-USDT
2025-05-18 18:19:42,022 - DEBUG - Fetched USDT balance: 1237.350597
2025-05-18 18:19:42,541 - DEBUG - Fetched HBAR balance: 102.3
2025-05-18 18:20:43,358 - DEBUG - Fetched 20 orders for HBAR-USDT
2025-05-18 18:20:43,661 - DEBUG - Fetched USDT balance: 1237.350597
2025-05-18 18:20:44,198 - DEBUG - Fetched HBAR balance: 102.3
2025-05-18 18:21:44,799 - DEBUG - Fetched 20 orders for HBAR-USDT
2025-05-18 18:21:45,022 - DEBUG - Fetched USDT balance: 1237.350597
2025-05-18 18:21:45,608 - DEBUG - Fetched HBAR balance: 102.3
2025-05-18 18:22:46,331 - DEBUG - Fetched 20 orders for HBAR-USDT
2025-05-18 18:22:46,540 - DEBUG - Fetched USDT balance: 1237.350597
2025-05-18 18:22:47,064 - DEBUG - Fetched HBAR balance: 102.3
2025-05-18 18:23:47,766 - DEBUG - Fetched 20 orders for HBAR-USDT
2025-05-18 18:23:48,069 - DEBUG - Fetched USDT balance: 1237.350597
2025-05-18 18:23:48,683 - DEBUG - Fetched HBAR balance: 102.3
2025-05-18 18:24:49,409 - DEBUG - Fetched 20 orders for HBAR-USDT
2025-05-18 18:24:49,666 - DEBUG - Fetched USDT balance: 1237.350597
2025-05-18 18:24:50,223 - DEBUG - Fetched HBAR balance: 102.3
2025-05-18 18:25:50,843 - DEBUG - Fetched 20 orders for HBAR-USDT
2025-05-18 18:25:51,073 - DEBUG - Fetched USDT balance: 1237.350597
2025-05-18 18:25:51,659 - DEBUG - Fetched HBAR balance: 102.3
2025-05-18 18:26:52,282 - DEBUG - Fetched 20 orders for HBAR-USDT
2025-05-18 18:26:52,501 - DEBUG - Fetched USDT balance: 1237.350597
2025-05-18 18:26:53,098 - DEBUG - Fetched HBAR balance: 102.3
2025-05-18 18:27:53,923 - DEBUG - Fetched 20 orders for HBAR-USDT
2025-05-18 18:27:54,225 - DEBUG - Fetched USDT balance: 1237.350597
2025-05-18 18:27:54,751 - DEBUG - Fetched HBAR balance: 102.3
2025-05-18 18:28:55,566 - DEBUG - Fetched 20 orders for HBAR-USDT
2025-05-18 18:28:55,872 - DEBUG - Fetched USDT balance: 1237.350597
2025-05-18 18:28:56,385 - DEBUG - Fetched HBAR balance: 102.3
2025-05-18 18:29:57,003 - DEBUG - Fetched 20 orders for HBAR-USDT
2025-05-18 18:29:57,308 - DEBUG - Fetched USDT balance: 1237.350597
2025-05-18 18:29:57,825 - DEBUG - Fetched HBAR balance: 102.3
2025-05-18 18:30:58,443 - DEBUG - Fetched 20 orders for HBAR-USDT
2025-05-18 18:30:58,742 - DEBUG - Fetched USDT balance: 1237.350597
2025-05-18 18:30:59,360 - DEBUG - Fetched HBAR balance: 102.3
2025-05-18 18:31:59,981 - DEBUG - Fetched 20 orders for HBAR-USDT
2025-05-18 18:32:00,198 - DEBUG - Fetched USDT balance: 1237.350597
2025-05-18 18:32:00,797 - DEBUG - Fetched HBAR balance: 102.3
2025-05-18 18:33:01,421 - DEBUG - Fetched 20 orders for HBAR-USDT
2025-05-18 18:33:01,722 - DEBUG - Fetched USDT balance: 1237.350597
2025-05-18 18:33:02,336 - DEBUG - Fetched HBAR balance: 102.3
2025-05-18 18:34:03,063 - DEBUG - Fetched 20 orders for HBAR-USDT
2025-05-18 18:34:03,469 - DEBUG - Fetched USDT balance: 1237.350597
2025-05-18 18:34:04,082 - DEBUG - Fetched HBAR balance: 102.3
2025-05-18 18:35:04,706 - DEBUG - Fetched 20 orders for HBAR-USDT
2025-05-18 18:35:05,111 - DEBUG - Fetched USDT balance: 1237.350597
2025-05-18 18:35:05,725 - DEBUG - Fetched HBAR balance: 102.3
2025-05-18 18:36:06,349 - DEBUG - Fetched 20 orders for HBAR-USDT
2025-05-18 18:36:06,652 - DEBUG - Fetched USDT balance: 1237.350597
2025-05-18 18:36:07,172 - DEBUG - Fetched HBAR balance: 102.3
2025-05-18 18:37:07,789 - DEBUG - Fetched 20 orders for HBAR-USDT
2025-05-18 18:37:08,096 - DEBUG - Fetched USDT balance: 1237.350597
2025-05-18 18:37:08,713 - DEBUG - Fetched HBAR balance: 102.3
2025-05-18 18:38:09,331 - DEBUG - Fetched 20 orders for HBAR-USDT
2025-05-18 18:38:09,631 - DEBUG - Fetched USDT balance: 1237.350597
2025-05-18 18:38:10,185 - DEBUG - Fetched HBAR balance: 102.3
2025-05-18 18:39:10,872 - DEBUG - Fetched 20 orders for HBAR-USDT
2025-05-18 18:39:11,171 - DEBUG - Fetched USDT balance: 1237.350597
2025-05-18 18:39:11,787 - DEBUG - Fetched HBAR balance: 102.3
2025-05-18 18:40:12,412 - DEBUG - Fetched 20 orders for HBAR-USDT
2025-05-18 18:40:12,713 - DEBUG - Fetched USDT balance: 1237.350597
2025-05-18 18:40:13,328 - DEBUG - Fetched HBAR balance: 102.3
2025-05-18 18:41:13,954 - DEBUG - Fetched 20 orders for HBAR-USDT
2025-05-18 18:41:14,179 - DEBUG - Fetched USDT balance: 1237.350597
2025-05-18 18:41:14,767 - DEBUG - Fetched HBAR balance: 102.3
2025-05-18 18:42:15,387 - DEBUG - Fetched 20 orders for HBAR-USDT
2025-05-18 18:42:15,595 - DEBUG - Fetched USDT balance: 1237.350597
2025-05-18 18:42:16,206 - DEBUG - Fetched HBAR balance: 102.3
2025-05-18 18:43:16,935 - DEBUG - Fetched 20 orders for HBAR-USDT
2025-05-18 18:43:17,338 - DEBUG - Fetched USDT balance: 1237.350597
2025-05-18 18:43:17,951 - DEBUG - Fetched HBAR balance: 102.3
2025-05-18 18:44:18,576 - DEBUG - Fetched 20 orders for HBAR-USDT
2025-05-18 18:44:18,826 - DEBUG - Fetched USDT balance: 1237.350597
2025-05-18 18:44:19,390 - DEBUG - Fetched HBAR balance: 102.3
2025-05-18 18:45:20,016 - DEBUG - Fetched 20 orders for HBAR-USDT
2025-05-18 18:45:20,231 - DEBUG - Fetched USDT balance: 1237.350597
2025-05-18 18:45:20,834 - DEBUG - Fetched HBAR balance: 102.3
2025-05-18 18:46:21,568 - DEBUG - Fetched 20 orders for HBAR-USDT
2025-05-18 18:46:21,858 - DEBUG - Fetched USDT balance: 1237.350597
2025-05-18 18:46:22,472 - DEBUG - Fetched HBAR balance: 102.3
2025-05-18 18:47:23,099 - DEBUG - Fetched 20 orders for HBAR-USDT
2025-05-18 18:47:23,401 - DEBUG - Fetched USDT balance: 1237.350597
2025-05-18 18:47:24,014 - DEBUG - Fetched HBAR balance: 102.3
2025-05-18 18:48:24,639 - DEBUG - Fetched 20 orders for HBAR-USDT
2025-05-18 18:48:24,941 - DEBUG - Fetched USDT balance: 1237.350597
2025-05-18 18:48:25,555 - DEBUG - Fetched HBAR balance: 102.3
2025-05-18 18:49:26,282 - DEBUG - Fetched 20 orders for HBAR-USDT
2025-05-18 18:49:26,610 - DEBUG - Fetched USDT balance: 1237.350597
2025-05-18 18:49:27,127 - DEBUG - Fetched HBAR balance: 102.3
2025-05-18 18:50:27,722 - DEBUG - Fetched 20 orders for HBAR-USDT
2025-05-18 18:50:27,937 - DEBUG - Fetched USDT balance: 1237.350597
2025-05-18 18:50:28,536 - DEBUG - Fetched HBAR balance: 102.3
2025-05-18 18:51:29,170 - DEBUG - Fetched 20 orders for HBAR-USDT
2025-05-18 18:51:29,471 - DEBUG - Fetched USDT balance: 1237.350597
2025-05-18 18:51:30,087 - DEBUG - Fetched HBAR balance: 102.3
2025-05-18 18:52:30,719 - DEBUG - Fetched 20 orders for HBAR-USDT
2025-05-18 18:52:31,021 - DEBUG - Fetched USDT balance: 1237.350597
2025-05-18 18:52:31,529 - DEBUG - Fetched HBAR balance: 102.3
2025-05-18 18:53:32,166 - DEBUG - Fetched 20 orders for HBAR-USDT
2025-05-18 18:53:32,377 - DEBUG - Fetched USDT balance: 1237.350597
2025-05-18 18:53:32,982 - DEBUG - Fetched HBAR balance: 102.3
2025-05-18 18:54:33,617 - DEBUG - Fetched 20 orders for HBAR-USDT
2025-05-18 18:54:33,917 - DEBUG - Fetched USDT balance: 1237.350597
2025-05-18 18:54:34,533 - DEBUG - Fetched HBAR balance: 102.3
2025-05-18 18:55:35,166 - DEBUG - Fetched 20 orders for HBAR-USDT
2025-05-18 18:55:35,571 - DEBUG - Fetched USDT balance: 1237.350597
2025-05-18 18:55:36,280 - DEBUG - Fetched HBAR balance: 102.3
2025-05-18 18:56:37,018 - DEBUG - Fetched 20 orders for HBAR-USDT
2025-05-18 18:56:37,270 - DEBUG - Fetched USDT balance: 1237.350597
2025-05-18 18:56:37,835 - DEBUG - Fetched HBAR balance: 102.3
2025-05-18 18:57:38,465 - DEBUG - Fetched 20 orders for HBAR-USDT
2025-05-18 18:57:38,765 - DEBUG - Fetched USDT balance: 1237.350597
2025-05-18 18:57:39,379 - DEBUG - Fetched HBAR balance: 102.3
2025-05-18 18:58:40,009 - DEBUG - Fetched 20 orders for HBAR-USDT
2025-05-18 18:58:40,238 - DEBUG - Fetched USDT balance: 1237.350597
2025-05-18 18:58:40,825 - DEBUG - Fetched HBAR balance: 102.3
2025-05-18 18:59:41,453 - DEBUG - Fetched 20 orders for HBAR-USDT
2025-05-18 18:59:41,756 - DEBUG - Fetched USDT balance: 1237.350597
2025-05-18 18:59:42,276 - DEBUG - Fetched HBAR balance: 102.3
2025-05-18 19:00:42,900 - DEBUG - Fetched 20 orders for HBAR-USDT
2025-05-18 19:00:43,200 - DEBUG - Fetched USDT balance: 1237.350597
2025-05-18 19:00:43,813 - DEBUG - Fetched HBAR balance: 102.3
2025-05-18 19:01:44,445 - DEBUG - Fetched 20 orders for HBAR-USDT
2025-05-18 19:01:44,680 - DEBUG - Fetched USDT balance: 1237.350597
2025-05-18 19:01:45,199 - DEBUG - Fetched HBAR balance: 102.3
2025-05-18 19:02:46,012 - DEBUG - Fetched 20 orders for HBAR-USDT
2025-05-18 19:02:46,291 - DEBUG - Fetched USDT balance: 1237.350597
2025-05-18 19:02:46,814 - DEBUG - Fetched HBAR balance: 102.3
